[0.234s] Invoking command in '/home/deivideich/interbotix/interbotix_ws/interbotix_ws/build/interbotix_ros_xseries': AMENT_PREFIX_PATH=/home/deivideich/interbotix/interbotix_ws/interbotix_ws/install/interbotix_xs_sdk:/home/deivideich/interbotix/interbotix_ws/interbotix_ws/install/interbotix_xs_driver:/home/deivideich/interbotix/interbotix_ws/interbotix_ws/install/interbotix_xs_msgs:/home/deivideich/interbotix/interbotix_ws/interbotix_ws/install/dynamixel_workbench_toolbox:${AMENT_PREFIX_PATH} CMAKE_PREFIX_PATH=/home/deivideich/interbotix/interbotix_ws/interbotix_ws/install/interbotix_xs_sdk:/home/deivideich/interbotix/interbotix_ws/interbotix_ws/install/interbotix_xs_driver:/home/deivideich/interbotix/interbotix_ws/interbotix_ws/install/interbotix_xs_msgs:/home/deivideich/interbotix/interbotix_ws/interbotix_ws/install/dynamixel_workbench_toolbox:/opt/ros/humble LD_LIBRARY_PATH=/home/deivideich/interbotix/interbotix_ws/interbotix_ws/install/interbotix_xs_driver/lib:/home/deivideich/interbotix/interbotix_ws/interbotix_ws/install/interbotix_xs_msgs/lib:/home/deivideich/interbotix/interbotix_ws/interbotix_ws/install/dynamixel_workbench_toolbox/lib:${LD_LIBRARY_PATH} PYTHONPATH=/home/deivideich/interbotix/interbotix_ws/interbotix_ws/install/interbotix_xs_msgs/local/lib/python3.10/dist-packages:${PYTHONPATH} /usr/bin/cmake /home/deivideich/interbotix/interbotix_ws/interbotix_ws/src/interbotix_ros_core/interbotix_ros_xseries/interbotix_ros_xseries -DCMAKE_INSTALL_PREFIX=/home/deivideich/interbotix/interbotix_ws/interbotix_ws/install/interbotix_ros_xseries
[0.264s] -- The C compiler identification is GNU 11.4.0
[0.298s] -- The CXX compiler identification is GNU 11.4.0
[0.305s] -- Detecting C compiler ABI info
[0.339s] -- Detecting C compiler ABI info - done
[0.346s] -- Check for working C compiler: /usr/bin/cc - skipped
[0.346s] -- Detecting C compile features
[0.347s] -- Detecting C compile features - done
[0.348s] -- Detecting CXX compiler ABI info
[0.387s] -- Detecting CXX compiler ABI info - done
[0.392s] -- Check for working CXX compiler: /usr/bin/c++ - skipped
[0.392s] -- Detecting CXX compile features
[0.392s] -- Detecting CXX compile features - done
[0.394s] -- Found ament_cmake: 1.3.8 (/opt/ros/humble/share/ament_cmake/cmake)
[0.470s] -- Found Python3: /usr/bin/python3 (found version "3.10.12") found components: Interpreter 
[0.534s] -- Found ament_lint_auto: 0.12.10 (/opt/ros/humble/share/ament_lint_auto/cmake)
[0.587s] -- Added test 'copyright' to check source files copyright and LICENSE
[0.587s] -- Added test 'lint_cmake' to check CMake code style
[0.588s] -- Added test 'xmllint' to check XML markup files
[0.589s] -- Configuring done
[0.590s] -- Generating done
[0.590s] -- Build files have been written to: /home/deivideich/interbotix/interbotix_ws/interbotix_ws/build/interbotix_ros_xseries
[0.593s] Invoked command in '/home/deivideich/interbotix/interbotix_ws/interbotix_ws/build/interbotix_ros_xseries' returned '0': AMENT_PREFIX_PATH=/home/deivideich/interbotix/interbotix_ws/interbotix_ws/install/interbotix_xs_sdk:/home/deivideich/interbotix/interbotix_ws/interbotix_ws/install/interbotix_xs_driver:/home/deivideich/interbotix/interbotix_ws/interbotix_ws/install/interbotix_xs_msgs:/home/deivideich/interbotix/interbotix_ws/interbotix_ws/install/dynamixel_workbench_toolbox:${AMENT_PREFIX_PATH} CMAKE_PREFIX_PATH=/home/deivideich/interbotix/interbotix_ws/interbotix_ws/install/interbotix_xs_sdk:/home/deivideich/interbotix/interbotix_ws/interbotix_ws/install/interbotix_xs_driver:/home/deivideich/interbotix/interbotix_ws/interbotix_ws/install/interbotix_xs_msgs:/home/deivideich/interbotix/interbotix_ws/interbotix_ws/install/dynamixel_workbench_toolbox:/opt/ros/humble LD_LIBRARY_PATH=/home/deivideich/interbotix/interbotix_ws/interbotix_ws/install/interbotix_xs_driver/lib:/home/deivideich/interbotix/interbotix_ws/interbotix_ws/install/interbotix_xs_msgs/lib:/home/deivideich/interbotix/interbotix_ws/interbotix_ws/install/dynamixel_workbench_toolbox/lib:${LD_LIBRARY_PATH} PYTHONPATH=/home/deivideich/interbotix/interbotix_ws/interbotix_ws/install/interbotix_xs_msgs/local/lib/python3.10/dist-packages:${PYTHONPATH} /usr/bin/cmake /home/deivideich/interbotix/interbotix_ws/interbotix_ws/src/interbotix_ros_core/interbotix_ros_xseries/interbotix_ros_xseries -DCMAKE_INSTALL_PREFIX=/home/deivideich/interbotix/interbotix_ws/interbotix_ws/install/interbotix_ros_xseries
[0.594s] Invoking command in '/home/deivideich/interbotix/interbotix_ws/interbotix_ws/build/interbotix_ros_xseries': AMENT_PREFIX_PATH=/home/deivideich/interbotix/interbotix_ws/interbotix_ws/install/interbotix_xs_sdk:/home/deivideich/interbotix/interbotix_ws/interbotix_ws/install/interbotix_xs_driver:/home/deivideich/interbotix/interbotix_ws/interbotix_ws/install/interbotix_xs_msgs:/home/deivideich/interbotix/interbotix_ws/interbotix_ws/install/dynamixel_workbench_toolbox:${AMENT_PREFIX_PATH} CMAKE_PREFIX_PATH=/home/deivideich/interbotix/interbotix_ws/interbotix_ws/install/interbotix_xs_sdk:/home/deivideich/interbotix/interbotix_ws/interbotix_ws/install/interbotix_xs_driver:/home/deivideich/interbotix/interbotix_ws/interbotix_ws/install/interbotix_xs_msgs:/home/deivideich/interbotix/interbotix_ws/interbotix_ws/install/dynamixel_workbench_toolbox:/opt/ros/humble LD_LIBRARY_PATH=/home/deivideich/interbotix/interbotix_ws/interbotix_ws/install/interbotix_xs_driver/lib:/home/deivideich/interbotix/interbotix_ws/interbotix_ws/install/interbotix_xs_msgs/lib:/home/deivideich/interbotix/interbotix_ws/interbotix_ws/install/dynamixel_workbench_toolbox/lib:${LD_LIBRARY_PATH} PYTHONPATH=/home/deivideich/interbotix/interbotix_ws/interbotix_ws/install/interbotix_xs_msgs/local/lib/python3.10/dist-packages:${PYTHONPATH} /usr/bin/cmake --build /home/deivideich/interbotix/interbotix_ws/interbotix_ws/build/interbotix_ros_xseries -- -j20 -l20
[0.605s] Invoked command in '/home/deivideich/interbotix/interbotix_ws/interbotix_ws/build/interbotix_ros_xseries' returned '0': AMENT_PREFIX_PATH=/home/deivideich/interbotix/interbotix_ws/interbotix_ws/install/interbotix_xs_sdk:/home/deivideich/interbotix/interbotix_ws/interbotix_ws/install/interbotix_xs_driver:/home/deivideich/interbotix/interbotix_ws/interbotix_ws/install/interbotix_xs_msgs:/home/deivideich/interbotix/interbotix_ws/interbotix_ws/install/dynamixel_workbench_toolbox:${AMENT_PREFIX_PATH} CMAKE_PREFIX_PATH=/home/deivideich/interbotix/interbotix_ws/interbotix_ws/install/interbotix_xs_sdk:/home/deivideich/interbotix/interbotix_ws/interbotix_ws/install/interbotix_xs_driver:/home/deivideich/interbotix/interbotix_ws/interbotix_ws/install/interbotix_xs_msgs:/home/deivideich/interbotix/interbotix_ws/interbotix_ws/install/dynamixel_workbench_toolbox:/opt/ros/humble LD_LIBRARY_PATH=/home/deivideich/interbotix/interbotix_ws/interbotix_ws/install/interbotix_xs_driver/lib:/home/deivideich/interbotix/interbotix_ws/interbotix_ws/install/interbotix_xs_msgs/lib:/home/deivideich/interbotix/interbotix_ws/interbotix_ws/install/dynamixel_workbench_toolbox/lib:${LD_LIBRARY_PATH} PYTHONPATH=/home/deivideich/interbotix/interbotix_ws/interbotix_ws/install/interbotix_xs_msgs/local/lib/python3.10/dist-packages:${PYTHONPATH} /usr/bin/cmake --build /home/deivideich/interbotix/interbotix_ws/interbotix_ws/build/interbotix_ros_xseries -- -j20 -l20
[0.615s] Invoking command in '/home/deivideich/interbotix/interbotix_ws/interbotix_ws/build/interbotix_ros_xseries': AMENT_PREFIX_PATH=/home/deivideich/interbotix/interbotix_ws/interbotix_ws/install/interbotix_xs_sdk:/home/deivideich/interbotix/interbotix_ws/interbotix_ws/install/interbotix_xs_driver:/home/deivideich/interbotix/interbotix_ws/interbotix_ws/install/interbotix_xs_msgs:/home/deivideich/interbotix/interbotix_ws/interbotix_ws/install/dynamixel_workbench_toolbox:${AMENT_PREFIX_PATH} CMAKE_PREFIX_PATH=/home/deivideich/interbotix/interbotix_ws/interbotix_ws/install/interbotix_xs_sdk:/home/deivideich/interbotix/interbotix_ws/interbotix_ws/install/interbotix_xs_driver:/home/deivideich/interbotix/interbotix_ws/interbotix_ws/install/interbotix_xs_msgs:/home/deivideich/interbotix/interbotix_ws/interbotix_ws/install/dynamixel_workbench_toolbox:/opt/ros/humble LD_LIBRARY_PATH=/home/deivideich/interbotix/interbotix_ws/interbotix_ws/install/interbotix_xs_driver/lib:/home/deivideich/interbotix/interbotix_ws/interbotix_ws/install/interbotix_xs_msgs/lib:/home/deivideich/interbotix/interbotix_ws/interbotix_ws/install/dynamixel_workbench_toolbox/lib:${LD_LIBRARY_PATH} PYTHONPATH=/home/deivideich/interbotix/interbotix_ws/interbotix_ws/install/interbotix_xs_msgs/local/lib/python3.10/dist-packages:${PYTHONPATH} /usr/bin/cmake --install /home/deivideich/interbotix/interbotix_ws/interbotix_ws/build/interbotix_ros_xseries
[0.617s] -- Install configuration: ""
[0.617s] -- Installing: /home/deivideich/interbotix/interbotix_ws/interbotix_ws/install/interbotix_ros_xseries/share/ament_index/resource_index/package_run_dependencies/interbotix_ros_xseries
[0.617s] -- Installing: /home/deivideich/interbotix/interbotix_ws/interbotix_ws/install/interbotix_ros_xseries/share/ament_index/resource_index/parent_prefix_path/interbotix_ros_xseries
[0.617s] -- Installing: /home/deivideich/interbotix/interbotix_ws/interbotix_ws/install/interbotix_ros_xseries/share/interbotix_ros_xseries/environment/ament_prefix_path.sh
[0.617s] -- Installing: /home/deivideich/interbotix/interbotix_ws/interbotix_ws/install/interbotix_ros_xseries/share/interbotix_ros_xseries/environment/ament_prefix_path.dsv
[0.617s] -- Installing: /home/deivideich/interbotix/interbotix_ws/interbotix_ws/install/interbotix_ros_xseries/share/interbotix_ros_xseries/environment/path.sh
[0.618s] -- Installing: /home/deivideich/interbotix/interbotix_ws/interbotix_ws/install/interbotix_ros_xseries/share/interbotix_ros_xseries/environment/path.dsv
[0.618s] -- Installing: /home/deivideich/interbotix/interbotix_ws/interbotix_ws/install/interbotix_ros_xseries/share/interbotix_ros_xseries/local_setup.bash
[0.619s] -- Installing: /home/deivideich/interbotix/interbotix_ws/interbotix_ws/install/interbotix_ros_xseries/share/interbotix_ros_xseries/local_setup.sh
[0.619s] -- Installing: /home/deivideich/interbotix/interbotix_ws/interbotix_ws/install/interbotix_ros_xseries/share/interbotix_ros_xseries/local_setup.zsh
[0.619s] -- Installing: /home/deivideich/interbotix/interbotix_ws/interbotix_ws/install/interbotix_ros_xseries/share/interbotix_ros_xseries/local_setup.dsv
[0.619s] -- Installing: /home/deivideich/interbotix/interbotix_ws/interbotix_ws/install/interbotix_ros_xseries/share/interbotix_ros_xseries/package.dsv
[0.619s] -- Installing: /home/deivideich/interbotix/interbotix_ws/interbotix_ws/install/interbotix_ros_xseries/share/ament_index/resource_index/packages/interbotix_ros_xseries
[0.619s] -- Installing: /home/deivideich/interbotix/interbotix_ws/interbotix_ws/install/interbotix_ros_xseries/share/interbotix_ros_xseries/cmake/interbotix_ros_xseriesConfig.cmake
[0.619s] -- Installing: /home/deivideich/interbotix/interbotix_ws/interbotix_ws/install/interbotix_ros_xseries/share/interbotix_ros_xseries/cmake/interbotix_ros_xseriesConfig-version.cmake
[0.620s] -- Installing: /home/deivideich/interbotix/interbotix_ws/interbotix_ws/install/interbotix_ros_xseries/share/interbotix_ros_xseries/package.xml
[0.620s] Invoked command in '/home/deivideich/interbotix/interbotix_ws/interbotix_ws/build/interbotix_ros_xseries' returned '0': AMENT_PREFIX_PATH=/home/deivideich/interbotix/interbotix_ws/interbotix_ws/install/interbotix_xs_sdk:/home/deivideich/interbotix/interbotix_ws/interbotix_ws/install/interbotix_xs_driver:/home/deivideich/interbotix/interbotix_ws/interbotix_ws/install/interbotix_xs_msgs:/home/deivideich/interbotix/interbotix_ws/interbotix_ws/install/dynamixel_workbench_toolbox:${AMENT_PREFIX_PATH} CMAKE_PREFIX_PATH=/home/deivideich/interbotix/interbotix_ws/interbotix_ws/install/interbotix_xs_sdk:/home/deivideich/interbotix/interbotix_ws/interbotix_ws/install/interbotix_xs_driver:/home/deivideich/interbotix/interbotix_ws/interbotix_ws/install/interbotix_xs_msgs:/home/deivideich/interbotix/interbotix_ws/interbotix_ws/install/dynamixel_workbench_toolbox:/opt/ros/humble LD_LIBRARY_PATH=/home/deivideich/interbotix/interbotix_ws/interbotix_ws/install/interbotix_xs_driver/lib:/home/deivideich/interbotix/interbotix_ws/interbotix_ws/install/interbotix_xs_msgs/lib:/home/deivideich/interbotix/interbotix_ws/interbotix_ws/install/dynamixel_workbench_toolbox/lib:${LD_LIBRARY_PATH} PYTHONPATH=/home/deivideich/interbotix/interbotix_ws/interbotix_ws/install/interbotix_xs_msgs/local/lib/python3.10/dist-packages:${PYTHONPATH} /usr/bin/cmake --install /home/deivideich/interbotix/interbotix_ws/interbotix_ws/build/interbotix_ros_xseries
