[0.380s] Invoking command in '/home/deivideich/interbotix/interbotix_ws/interbotix_ws/src/interbotix_ros_toolboxes/interbotix_perception_toolbox/interbotix_perception_modules': AMENT_PREFIX_PATH=/home/deivideich/interbotix/interbotix_ws/interbotix_ws/install/interbotix_perception_pipelines:/home/deivideich/interbotix/interbotix_ws/interbotix_ws/install/interbotix_xs_msgs:/home/deivideich/interbotix/interbotix_ws/interbotix_ws/install/interbotix_perception_msgs:/home/deivideich/interbotix/interbotix_ws/interbotix_ws/install/interbotix_common_modules:${AMENT_PREFIX_PATH} CMAKE_PREFIX_PATH=/home/deivideich/interbotix/interbotix_ws/interbotix_ws/install/interbotix_perception_pipelines:/home/deivideich/interbotix/interbotix_ws/interbotix_ws/install/interbotix_xs_msgs:/home/deivideich/interbotix/interbotix_ws/interbotix_ws/install/interbotix_perception_msgs LD_LIBRARY_PATH=/home/deivideich/interbotix/interbotix_ws/interbotix_ws/install/interbotix_xs_msgs/lib:/home/deivideich/interbotix/interbotix_ws/interbotix_ws/install/interbotix_perception_msgs/lib:${LD_LIBRARY_PATH} PYTHONPATH=/home/deivideich/interbotix/interbotix_ws/interbotix_ws/build/interbotix_perception_modules/prefix_override:/home/deivideich/interbotix/interbotix_ws/interbotix_ws/install/interbotix_perception_modules/lib/python3.10/site-packages:/home/deivideich/interbotix/interbotix_ws/interbotix_ws/install/interbotix_xs_msgs/local/lib/python3.10/dist-packages:/home/deivideich/interbotix/interbotix_ws/interbotix_ws/install/interbotix_perception_msgs/local/lib/python3.10/dist-packages:/home/deivideich/interbotix/interbotix_ws/interbotix_ws/install/interbotix_common_modules/lib/python3.10/site-packages:${PYTHONPATH} /usr/bin/python3 -W ignore:setup.py install is deprecated setup.py egg_info --egg-base ../../../../build/interbotix_perception_modules build --build-base /home/deivideich/interbotix/interbotix_ws/interbotix_ws/build/interbotix_perception_modules/build install --record /home/deivideich/interbotix/interbotix_ws/interbotix_ws/build/interbotix_perception_modules/install.log --single-version-externally-managed install_data
[0.515s] running egg_info
[0.515s] creating ../../../../build/interbotix_perception_modules/interbotix_perception_modules.egg-info
[0.515s] writing ../../../../build/interbotix_perception_modules/interbotix_perception_modules.egg-info/PKG-INFO
[0.515s] writing dependency_links to ../../../../build/interbotix_perception_modules/interbotix_perception_modules.egg-info/dependency_links.txt
[0.516s] writing entry points to ../../../../build/interbotix_perception_modules/interbotix_perception_modules.egg-info/entry_points.txt
[0.516s] writing requirements to ../../../../build/interbotix_perception_modules/interbotix_perception_modules.egg-info/requires.txt
[0.516s] writing top-level names to ../../../../build/interbotix_perception_modules/interbotix_perception_modules.egg-info/top_level.txt
[0.517s] writing manifest file '../../../../build/interbotix_perception_modules/interbotix_perception_modules.egg-info/SOURCES.txt'
[0.518s] reading manifest file '../../../../build/interbotix_perception_modules/interbotix_perception_modules.egg-info/SOURCES.txt'
[0.518s] writing manifest file '../../../../build/interbotix_perception_modules/interbotix_perception_modules.egg-info/SOURCES.txt'
[0.519s] running build
[0.519s] running build_py
[0.519s] creating /home/deivideich/interbotix/interbotix_ws/interbotix_ws/build/interbotix_perception_modules/build
[0.519s] creating /home/deivideich/interbotix/interbotix_ws/interbotix_ws/build/interbotix_perception_modules/build/lib
[0.519s] creating /home/deivideich/interbotix/interbotix_ws/interbotix_ws/build/interbotix_perception_modules/build/lib/interbotix_perception_modules
[0.519s] copying interbotix_perception_modules/__init__.py -> /home/deivideich/interbotix/interbotix_ws/interbotix_ws/build/interbotix_perception_modules/build/lib/interbotix_perception_modules
[0.519s] copying interbotix_perception_modules/pointcloud.py -> /home/deivideich/interbotix/interbotix_ws/interbotix_ws/build/interbotix_perception_modules/build/lib/interbotix_perception_modules
[0.519s] copying interbotix_perception_modules/apriltag.py -> /home/deivideich/interbotix/interbotix_ws/interbotix_ws/build/interbotix_perception_modules/build/lib/interbotix_perception_modules
[0.519s] copying interbotix_perception_modules/armtag.py -> /home/deivideich/interbotix/interbotix_ws/interbotix_ws/build/interbotix_perception_modules/build/lib/interbotix_perception_modules
[0.519s] copying interbotix_perception_modules/armtag_tuner_gui.py -> /home/deivideich/interbotix/interbotix_ws/interbotix_ws/build/interbotix_perception_modules/build/lib/interbotix_perception_modules
[0.519s] copying interbotix_perception_modules/picture_snapper.py -> /home/deivideich/interbotix/interbotix_ws/interbotix_ws/build/interbotix_perception_modules/build/lib/interbotix_perception_modules
[0.519s] copying interbotix_perception_modules/pointcloud_tuner_gui.py -> /home/deivideich/interbotix/interbotix_ws/interbotix_ws/build/interbotix_perception_modules/build/lib/interbotix_perception_modules
[0.519s] running install
[0.519s] running install_lib
[0.520s] creating /home/deivideich/interbotix/interbotix_ws/interbotix_ws/install/interbotix_perception_modules/lib/python3.10/site-packages/interbotix_perception_modules
[0.520s] copying /home/deivideich/interbotix/interbotix_ws/interbotix_ws/build/interbotix_perception_modules/build/lib/interbotix_perception_modules/__init__.py -> /home/deivideich/interbotix/interbotix_ws/interbotix_ws/install/interbotix_perception_modules/lib/python3.10/site-packages/interbotix_perception_modules
[0.520s] copying /home/deivideich/interbotix/interbotix_ws/interbotix_ws/build/interbotix_perception_modules/build/lib/interbotix_perception_modules/pointcloud.py -> /home/deivideich/interbotix/interbotix_ws/interbotix_ws/install/interbotix_perception_modules/lib/python3.10/site-packages/interbotix_perception_modules
[0.520s] copying /home/deivideich/interbotix/interbotix_ws/interbotix_ws/build/interbotix_perception_modules/build/lib/interbotix_perception_modules/apriltag.py -> /home/deivideich/interbotix/interbotix_ws/interbotix_ws/install/interbotix_perception_modules/lib/python3.10/site-packages/interbotix_perception_modules
[0.520s] copying /home/deivideich/interbotix/interbotix_ws/interbotix_ws/build/interbotix_perception_modules/build/lib/interbotix_perception_modules/armtag.py -> /home/deivideich/interbotix/interbotix_ws/interbotix_ws/install/interbotix_perception_modules/lib/python3.10/site-packages/interbotix_perception_modules
[0.520s] copying /home/deivideich/interbotix/interbotix_ws/interbotix_ws/build/interbotix_perception_modules/build/lib/interbotix_perception_modules/armtag_tuner_gui.py -> /home/deivideich/interbotix/interbotix_ws/interbotix_ws/install/interbotix_perception_modules/lib/python3.10/site-packages/interbotix_perception_modules
[0.520s] copying /home/deivideich/interbotix/interbotix_ws/interbotix_ws/build/interbotix_perception_modules/build/lib/interbotix_perception_modules/picture_snapper.py -> /home/deivideich/interbotix/interbotix_ws/interbotix_ws/install/interbotix_perception_modules/lib/python3.10/site-packages/interbotix_perception_modules
[0.520s] copying /home/deivideich/interbotix/interbotix_ws/interbotix_ws/build/interbotix_perception_modules/build/lib/interbotix_perception_modules/pointcloud_tuner_gui.py -> /home/deivideich/interbotix/interbotix_ws/interbotix_ws/install/interbotix_perception_modules/lib/python3.10/site-packages/interbotix_perception_modules
[0.520s] byte-compiling /home/deivideich/interbotix/interbotix_ws/interbotix_ws/install/interbotix_perception_modules/lib/python3.10/site-packages/interbotix_perception_modules/__init__.py to __init__.cpython-310.pyc
[0.520s] byte-compiling /home/deivideich/interbotix/interbotix_ws/interbotix_ws/install/interbotix_perception_modules/lib/python3.10/site-packages/interbotix_perception_modules/pointcloud.py to pointcloud.cpython-310.pyc
[0.523s] byte-compiling /home/deivideich/interbotix/interbotix_ws/interbotix_ws/install/interbotix_perception_modules/lib/python3.10/site-packages/interbotix_perception_modules/apriltag.py to apriltag.cpython-310.pyc
[0.523s] byte-compiling /home/deivideich/interbotix/interbotix_ws/interbotix_ws/install/interbotix_perception_modules/lib/python3.10/site-packages/interbotix_perception_modules/armtag.py to armtag.cpython-310.pyc
[0.524s] byte-compiling /home/deivideich/interbotix/interbotix_ws/interbotix_ws/install/interbotix_perception_modules/lib/python3.10/site-packages/interbotix_perception_modules/armtag_tuner_gui.py to armtag_tuner_gui.cpython-310.pyc
[0.524s] byte-compiling /home/deivideich/interbotix/interbotix_ws/interbotix_ws/install/interbotix_perception_modules/lib/python3.10/site-packages/interbotix_perception_modules/picture_snapper.py to picture_snapper.cpython-310.pyc
[0.525s] byte-compiling /home/deivideich/interbotix/interbotix_ws/interbotix_ws/install/interbotix_perception_modules/lib/python3.10/site-packages/interbotix_perception_modules/pointcloud_tuner_gui.py to pointcloud_tuner_gui.cpython-310.pyc
[0.526s] running install_data
[0.526s] creating /home/deivideich/interbotix/interbotix_ws/interbotix_ws/install/interbotix_perception_modules/share/ament_index
[0.526s] creating /home/deivideich/interbotix/interbotix_ws/interbotix_ws/install/interbotix_perception_modules/share/ament_index/resource_index
[0.526s] creating /home/deivideich/interbotix/interbotix_ws/interbotix_ws/install/interbotix_perception_modules/share/ament_index/resource_index/packages
[0.526s] copying resource/interbotix_perception_modules -> /home/deivideich/interbotix/interbotix_ws/interbotix_ws/install/interbotix_perception_modules/share/ament_index/resource_index/packages
[0.526s] copying package.xml -> /home/deivideich/interbotix/interbotix_ws/interbotix_ws/install/interbotix_perception_modules/share/interbotix_perception_modules
[0.526s] creating /home/deivideich/interbotix/interbotix_ws/interbotix_ws/install/interbotix_perception_modules/share/interbotix_perception_modules/launch
[0.526s] copying launch/pc_filter.launch.py -> /home/deivideich/interbotix/interbotix_ws/interbotix_ws/install/interbotix_perception_modules/share/interbotix_perception_modules/launch
[0.526s] copying launch/apriltag.launch.py -> /home/deivideich/interbotix/interbotix_ws/interbotix_ws/install/interbotix_perception_modules/share/interbotix_perception_modules/launch
[0.526s] copying launch/picture_snapper.launch.py -> /home/deivideich/interbotix/interbotix_ws/interbotix_ws/install/interbotix_perception_modules/share/interbotix_perception_modules/launch
[0.526s] copying launch/armtag.launch.py -> /home/deivideich/interbotix/interbotix_ws/interbotix_ws/install/interbotix_perception_modules/share/interbotix_perception_modules/launch
[0.526s] creating /home/deivideich/interbotix/interbotix_ws/interbotix_ws/install/interbotix_perception_modules/share/interbotix_perception_modules/config
[0.527s] copying config/tags.yaml -> /home/deivideich/interbotix/interbotix_ws/interbotix_ws/install/interbotix_perception_modules/share/interbotix_perception_modules/config
[0.527s] copying config/filter_params.yaml -> /home/deivideich/interbotix/interbotix_ws/interbotix_ws/install/interbotix_perception_modules/share/interbotix_perception_modules/config
[0.527s] creating /home/deivideich/interbotix/interbotix_ws/interbotix_ws/install/interbotix_perception_modules/share/interbotix_perception_modules/ui
[0.527s] copying src/ui/pointcloudtunergui.ui -> /home/deivideich/interbotix/interbotix_ws/interbotix_ws/install/interbotix_perception_modules/share/interbotix_perception_modules/ui
[0.527s] copying src/ui/armtagtunergui.ui -> /home/deivideich/interbotix/interbotix_ws/interbotix_ws/install/interbotix_perception_modules/share/interbotix_perception_modules/ui
[0.527s] running install_egg_info
[0.527s] Copying ../../../../build/interbotix_perception_modules/interbotix_perception_modules.egg-info to /home/deivideich/interbotix/interbotix_ws/interbotix_ws/install/interbotix_perception_modules/lib/python3.10/site-packages/interbotix_perception_modules-0.0.0-py3.10.egg-info
[0.527s] running install_scripts
[0.539s] Installing armtag_tuner_gui script to /home/deivideich/interbotix/interbotix_ws/interbotix_ws/install/interbotix_perception_modules/lib/interbotix_perception_modules
[0.539s] Installing picture_snapper script to /home/deivideich/interbotix/interbotix_ws/interbotix_ws/install/interbotix_perception_modules/lib/interbotix_perception_modules
[0.539s] Installing pointcloud_tuner_gui script to /home/deivideich/interbotix/interbotix_ws/interbotix_ws/install/interbotix_perception_modules/lib/interbotix_perception_modules
[0.540s] writing list of installed files to '/home/deivideich/interbotix/interbotix_ws/interbotix_ws/build/interbotix_perception_modules/install.log'
[0.554s] Invoked command in '/home/deivideich/interbotix/interbotix_ws/interbotix_ws/src/interbotix_ros_toolboxes/interbotix_perception_toolbox/interbotix_perception_modules' returned '0': AMENT_PREFIX_PATH=/home/deivideich/interbotix/interbotix_ws/interbotix_ws/install/interbotix_perception_pipelines:/home/deivideich/interbotix/interbotix_ws/interbotix_ws/install/interbotix_xs_msgs:/home/deivideich/interbotix/interbotix_ws/interbotix_ws/install/interbotix_perception_msgs:/home/deivideich/interbotix/interbotix_ws/interbotix_ws/install/interbotix_common_modules:${AMENT_PREFIX_PATH} CMAKE_PREFIX_PATH=/home/deivideich/interbotix/interbotix_ws/interbotix_ws/install/interbotix_perception_pipelines:/home/deivideich/interbotix/interbotix_ws/interbotix_ws/install/interbotix_xs_msgs:/home/deivideich/interbotix/interbotix_ws/interbotix_ws/install/interbotix_perception_msgs LD_LIBRARY_PATH=/home/deivideich/interbotix/interbotix_ws/interbotix_ws/install/interbotix_xs_msgs/lib:/home/deivideich/interbotix/interbotix_ws/interbotix_ws/install/interbotix_perception_msgs/lib:${LD_LIBRARY_PATH} PYTHONPATH=/home/deivideich/interbotix/interbotix_ws/interbotix_ws/build/interbotix_perception_modules/prefix_override:/home/deivideich/interbotix/interbotix_ws/interbotix_ws/install/interbotix_perception_modules/lib/python3.10/site-packages:/home/deivideich/interbotix/interbotix_ws/interbotix_ws/install/interbotix_xs_msgs/local/lib/python3.10/dist-packages:/home/deivideich/interbotix/interbotix_ws/interbotix_ws/install/interbotix_perception_msgs/local/lib/python3.10/dist-packages:/home/deivideich/interbotix/interbotix_ws/interbotix_ws/install/interbotix_common_modules/lib/python3.10/site-packages:${PYTHONPATH} /usr/bin/python3 -W ignore:setup.py install is deprecated setup.py egg_info --egg-base ../../../../build/interbotix_perception_modules build --build-base /home/deivideich/interbotix/interbotix_ws/interbotix_ws/build/interbotix_perception_modules/build install --record /home/deivideich/interbotix/interbotix_ws/interbotix_ws/build/interbotix_perception_modules/install.log --single-version-externally-managed install_data
