[0.009s] Invoking command in '/home/deivideich/interbotix/interbotix_ws/interbotix_ws/build/interbotix_xsarm_control': AMENT_PREFIX_PATH=/home/deivideich/interbotix/interbotix_ws/interbotix_ws/install/interbotix_xsarm_descriptions:/home/deivideich/interbotix/interbotix_ws/interbotix_ws/install/interbotix_xs_modules:/home/deivideich/interbotix/interbotix_ws/interbotix_ws/install/interbotix_xs_sdk:/home/deivideich/interbotix/interbotix_ws/interbotix_ws/install/interbotix_xs_driver:/home/deivideich/interbotix/interbotix_ws/interbotix_ws/install/interbotix_xs_msgs:/home/deivideich/interbotix/interbotix_ws/interbotix_ws/install/interbotix_common_modules:/home/deivideich/interbotix/interbotix_ws/interbotix_ws/install/dynamixel_workbench_toolbox:${AMENT_PREFIX_PATH} CMAKE_PREFIX_PATH=/home/deivideich/interbotix/interbotix_ws/interbotix_ws/install/interbotix_xsarm_descriptions:/home/deivideich/interbotix/interbotix_ws/interbotix_ws/install/interbotix_xs_sdk:/home/deivideich/interbotix/interbotix_ws/interbotix_ws/install/interbotix_xs_driver:/home/deivideich/interbotix/interbotix_ws/interbotix_ws/install/interbotix_xs_msgs:/home/deivideich/interbotix/interbotix_ws/interbotix_ws/install/dynamixel_workbench_toolbox:/opt/ros/humble LD_LIBRARY_PATH=/home/deivideich/interbotix/interbotix_ws/interbotix_ws/install/interbotix_xs_driver/lib:/home/deivideich/interbotix/interbotix_ws/interbotix_ws/install/interbotix_xs_msgs/lib:/home/deivideich/interbotix/interbotix_ws/interbotix_ws/install/dynamixel_workbench_toolbox/lib:${LD_LIBRARY_PATH} PYTHONPATH=/home/deivideich/interbotix/interbotix_ws/interbotix_ws/install/interbotix_xs_modules/lib/python3.10/site-packages:/home/deivideich/interbotix/interbotix_ws/interbotix_ws/install/interbotix_xs_msgs/local/lib/python3.10/dist-packages:/home/deivideich/interbotix/interbotix_ws/interbotix_ws/install/interbotix_common_modules/lib/python3.10/site-packages:${PYTHONPATH} /usr/bin/cmake /home/deivideich/interbotix/interbotix_ws/interbotix_ws/src/interbotix_ros_manipulators/interbotix_ros_xsarms/interbotix_xsarm_control -DCMAKE_INSTALL_PREFIX=/home/deivideich/interbotix/interbotix_ws/interbotix_ws/install/interbotix_xsarm_control
[0.038s] -- The C compiler identification is GNU 11.4.0
[0.070s] -- The CXX compiler identification is GNU 11.4.0
[0.076s] -- Detecting C compiler ABI info
[0.108s] -- Detecting C compiler ABI info - done
[0.113s] -- Check for working C compiler: /usr/bin/cc - skipped
[0.113s] -- Detecting C compile features
[0.113s] -- Detecting C compile features - done
[0.115s] -- Detecting CXX compiler ABI info
[0.154s] -- Detecting CXX compiler ABI info - done
[0.159s] -- Check for working CXX compiler: /usr/bin/c++ - skipped
[0.159s] -- Detecting CXX compile features
[0.159s] -- Detecting CXX compile features - done
[0.161s] -- Found ament_cmake: 1.3.8 (/opt/ros/humble/share/ament_cmake/cmake)
[0.236s] -- Found Python3: /usr/bin/python3 (found version "3.10.12") found components: Interpreter 
[0.294s] -- Found ament_lint_auto: 0.12.10 (/opt/ros/humble/share/ament_lint_auto/cmake)
[0.347s] -- Added test 'copyright' to check source files copyright and LICENSE
[0.350s] -- Added test 'flake8' to check Python code syntax and style conventions
[0.350s] -- Added test 'lint_cmake' to check CMake code style
[0.350s] -- Added test 'pep257' to check Python code against some of the docstring style conventions in PEP 257
[0.351s] -- Added test 'xmllint' to check XML markup files
[0.352s] -- Configuring done
[0.353s] -- Generating done
[0.354s] -- Build files have been written to: /home/deivideich/interbotix/interbotix_ws/interbotix_ws/build/interbotix_xsarm_control
[0.358s] Invoked command in '/home/deivideich/interbotix/interbotix_ws/interbotix_ws/build/interbotix_xsarm_control' returned '0': AMENT_PREFIX_PATH=/home/deivideich/interbotix/interbotix_ws/interbotix_ws/install/interbotix_xsarm_descriptions:/home/deivideich/interbotix/interbotix_ws/interbotix_ws/install/interbotix_xs_modules:/home/deivideich/interbotix/interbotix_ws/interbotix_ws/install/interbotix_xs_sdk:/home/deivideich/interbotix/interbotix_ws/interbotix_ws/install/interbotix_xs_driver:/home/deivideich/interbotix/interbotix_ws/interbotix_ws/install/interbotix_xs_msgs:/home/deivideich/interbotix/interbotix_ws/interbotix_ws/install/interbotix_common_modules:/home/deivideich/interbotix/interbotix_ws/interbotix_ws/install/dynamixel_workbench_toolbox:${AMENT_PREFIX_PATH} CMAKE_PREFIX_PATH=/home/deivideich/interbotix/interbotix_ws/interbotix_ws/install/interbotix_xsarm_descriptions:/home/deivideich/interbotix/interbotix_ws/interbotix_ws/install/interbotix_xs_sdk:/home/deivideich/interbotix/interbotix_ws/interbotix_ws/install/interbotix_xs_driver:/home/deivideich/interbotix/interbotix_ws/interbotix_ws/install/interbotix_xs_msgs:/home/deivideich/interbotix/interbotix_ws/interbotix_ws/install/dynamixel_workbench_toolbox:/opt/ros/humble LD_LIBRARY_PATH=/home/deivideich/interbotix/interbotix_ws/interbotix_ws/install/interbotix_xs_driver/lib:/home/deivideich/interbotix/interbotix_ws/interbotix_ws/install/interbotix_xs_msgs/lib:/home/deivideich/interbotix/interbotix_ws/interbotix_ws/install/dynamixel_workbench_toolbox/lib:${LD_LIBRARY_PATH} PYTHONPATH=/home/deivideich/interbotix/interbotix_ws/interbotix_ws/install/interbotix_xs_modules/lib/python3.10/site-packages:/home/deivideich/interbotix/interbotix_ws/interbotix_ws/install/interbotix_xs_msgs/local/lib/python3.10/dist-packages:/home/deivideich/interbotix/interbotix_ws/interbotix_ws/install/interbotix_common_modules/lib/python3.10/site-packages:${PYTHONPATH} /usr/bin/cmake /home/deivideich/interbotix/interbotix_ws/interbotix_ws/src/interbotix_ros_manipulators/interbotix_ros_xsarms/interbotix_xsarm_control -DCMAKE_INSTALL_PREFIX=/home/deivideich/interbotix/interbotix_ws/interbotix_ws/install/interbotix_xsarm_control
[0.358s] Invoking command in '/home/deivideich/interbotix/interbotix_ws/interbotix_ws/build/interbotix_xsarm_control': AMENT_PREFIX_PATH=/home/deivideich/interbotix/interbotix_ws/interbotix_ws/install/interbotix_xsarm_descriptions:/home/deivideich/interbotix/interbotix_ws/interbotix_ws/install/interbotix_xs_modules:/home/deivideich/interbotix/interbotix_ws/interbotix_ws/install/interbotix_xs_sdk:/home/deivideich/interbotix/interbotix_ws/interbotix_ws/install/interbotix_xs_driver:/home/deivideich/interbotix/interbotix_ws/interbotix_ws/install/interbotix_xs_msgs:/home/deivideich/interbotix/interbotix_ws/interbotix_ws/install/interbotix_common_modules:/home/deivideich/interbotix/interbotix_ws/interbotix_ws/install/dynamixel_workbench_toolbox:${AMENT_PREFIX_PATH} CMAKE_PREFIX_PATH=/home/deivideich/interbotix/interbotix_ws/interbotix_ws/install/interbotix_xsarm_descriptions:/home/deivideich/interbotix/interbotix_ws/interbotix_ws/install/interbotix_xs_sdk:/home/deivideich/interbotix/interbotix_ws/interbotix_ws/install/interbotix_xs_driver:/home/deivideich/interbotix/interbotix_ws/interbotix_ws/install/interbotix_xs_msgs:/home/deivideich/interbotix/interbotix_ws/interbotix_ws/install/dynamixel_workbench_toolbox:/opt/ros/humble LD_LIBRARY_PATH=/home/deivideich/interbotix/interbotix_ws/interbotix_ws/install/interbotix_xs_driver/lib:/home/deivideich/interbotix/interbotix_ws/interbotix_ws/install/interbotix_xs_msgs/lib:/home/deivideich/interbotix/interbotix_ws/interbotix_ws/install/dynamixel_workbench_toolbox/lib:${LD_LIBRARY_PATH} PYTHONPATH=/home/deivideich/interbotix/interbotix_ws/interbotix_ws/install/interbotix_xs_modules/lib/python3.10/site-packages:/home/deivideich/interbotix/interbotix_ws/interbotix_ws/install/interbotix_xs_msgs/local/lib/python3.10/dist-packages:/home/deivideich/interbotix/interbotix_ws/interbotix_ws/install/interbotix_common_modules/lib/python3.10/site-packages:${PYTHONPATH} /usr/bin/cmake --build /home/deivideich/interbotix/interbotix_ws/interbotix_ws/build/interbotix_xsarm_control -- -j20 -l20
[0.368s] Invoked command in '/home/deivideich/interbotix/interbotix_ws/interbotix_ws/build/interbotix_xsarm_control' returned '0': AMENT_PREFIX_PATH=/home/deivideich/interbotix/interbotix_ws/interbotix_ws/install/interbotix_xsarm_descriptions:/home/deivideich/interbotix/interbotix_ws/interbotix_ws/install/interbotix_xs_modules:/home/deivideich/interbotix/interbotix_ws/interbotix_ws/install/interbotix_xs_sdk:/home/deivideich/interbotix/interbotix_ws/interbotix_ws/install/interbotix_xs_driver:/home/deivideich/interbotix/interbotix_ws/interbotix_ws/install/interbotix_xs_msgs:/home/deivideich/interbotix/interbotix_ws/interbotix_ws/install/interbotix_common_modules:/home/deivideich/interbotix/interbotix_ws/interbotix_ws/install/dynamixel_workbench_toolbox:${AMENT_PREFIX_PATH} CMAKE_PREFIX_PATH=/home/deivideich/interbotix/interbotix_ws/interbotix_ws/install/interbotix_xsarm_descriptions:/home/deivideich/interbotix/interbotix_ws/interbotix_ws/install/interbotix_xs_sdk:/home/deivideich/interbotix/interbotix_ws/interbotix_ws/install/interbotix_xs_driver:/home/deivideich/interbotix/interbotix_ws/interbotix_ws/install/interbotix_xs_msgs:/home/deivideich/interbotix/interbotix_ws/interbotix_ws/install/dynamixel_workbench_toolbox:/opt/ros/humble LD_LIBRARY_PATH=/home/deivideich/interbotix/interbotix_ws/interbotix_ws/install/interbotix_xs_driver/lib:/home/deivideich/interbotix/interbotix_ws/interbotix_ws/install/interbotix_xs_msgs/lib:/home/deivideich/interbotix/interbotix_ws/interbotix_ws/install/dynamixel_workbench_toolbox/lib:${LD_LIBRARY_PATH} PYTHONPATH=/home/deivideich/interbotix/interbotix_ws/interbotix_ws/install/interbotix_xs_modules/lib/python3.10/site-packages:/home/deivideich/interbotix/interbotix_ws/interbotix_ws/install/interbotix_xs_msgs/local/lib/python3.10/dist-packages:/home/deivideich/interbotix/interbotix_ws/interbotix_ws/install/interbotix_common_modules/lib/python3.10/site-packages:${PYTHONPATH} /usr/bin/cmake --build /home/deivideich/interbotix/interbotix_ws/interbotix_ws/build/interbotix_xsarm_control -- -j20 -l20
[0.377s] Invoking command in '/home/deivideich/interbotix/interbotix_ws/interbotix_ws/build/interbotix_xsarm_control': AMENT_PREFIX_PATH=/home/deivideich/interbotix/interbotix_ws/interbotix_ws/install/interbotix_xsarm_descriptions:/home/deivideich/interbotix/interbotix_ws/interbotix_ws/install/interbotix_xs_modules:/home/deivideich/interbotix/interbotix_ws/interbotix_ws/install/interbotix_xs_sdk:/home/deivideich/interbotix/interbotix_ws/interbotix_ws/install/interbotix_xs_driver:/home/deivideich/interbotix/interbotix_ws/interbotix_ws/install/interbotix_xs_msgs:/home/deivideich/interbotix/interbotix_ws/interbotix_ws/install/interbotix_common_modules:/home/deivideich/interbotix/interbotix_ws/interbotix_ws/install/dynamixel_workbench_toolbox:${AMENT_PREFIX_PATH} CMAKE_PREFIX_PATH=/home/deivideich/interbotix/interbotix_ws/interbotix_ws/install/interbotix_xsarm_descriptions:/home/deivideich/interbotix/interbotix_ws/interbotix_ws/install/interbotix_xs_sdk:/home/deivideich/interbotix/interbotix_ws/interbotix_ws/install/interbotix_xs_driver:/home/deivideich/interbotix/interbotix_ws/interbotix_ws/install/interbotix_xs_msgs:/home/deivideich/interbotix/interbotix_ws/interbotix_ws/install/dynamixel_workbench_toolbox:/opt/ros/humble LD_LIBRARY_PATH=/home/deivideich/interbotix/interbotix_ws/interbotix_ws/install/interbotix_xs_driver/lib:/home/deivideich/interbotix/interbotix_ws/interbotix_ws/install/interbotix_xs_msgs/lib:/home/deivideich/interbotix/interbotix_ws/interbotix_ws/install/dynamixel_workbench_toolbox/lib:${LD_LIBRARY_PATH} PYTHONPATH=/home/deivideich/interbotix/interbotix_ws/interbotix_ws/install/interbotix_xs_modules/lib/python3.10/site-packages:/home/deivideich/interbotix/interbotix_ws/interbotix_ws/install/interbotix_xs_msgs/local/lib/python3.10/dist-packages:/home/deivideich/interbotix/interbotix_ws/interbotix_ws/install/interbotix_common_modules/lib/python3.10/site-packages:${PYTHONPATH} /usr/bin/cmake --install /home/deivideich/interbotix/interbotix_ws/interbotix_ws/build/interbotix_xsarm_control
[0.379s] -- Install configuration: ""
[0.379s] -- Installing: /home/deivideich/interbotix/interbotix_ws/interbotix_ws/install/interbotix_xsarm_control/lib/interbotix_xsarm_control/bartender.py
[0.379s] -- Installing: /home/deivideich/interbotix/interbotix_ws/interbotix_ws/install/interbotix_xsarm_control/lib/interbotix_xsarm_control/ee_cartesian_trajectory.py
[0.379s] -- Installing: /home/deivideich/interbotix/interbotix_ws/interbotix_ws/install/interbotix_xsarm_control/lib/interbotix_xsarm_control/ee_pose_components.py
[0.379s] -- Installing: /home/deivideich/interbotix/interbotix_ws/interbotix_ws/install/interbotix_xsarm_control/lib/interbotix_xsarm_control/ee_pose_matrix_control.py
[0.380s] -- Installing: /home/deivideich/interbotix/interbotix_ws/interbotix_ws/install/interbotix_xsarm_control/lib/interbotix_xsarm_control/gripper_control.py
[0.380s] -- Installing: /home/deivideich/interbotix/interbotix_ws/interbotix_ws/install/interbotix_xsarm_control/lib/interbotix_xsarm_control/joint_current_control.py
[0.380s] -- Installing: /home/deivideich/interbotix/interbotix_ws/interbotix_ws/install/interbotix_xsarm_control/lib/interbotix_xsarm_control/joint_position_control.py
[0.380s] -- Installing: /home/deivideich/interbotix/interbotix_ws/interbotix_ws/install/interbotix_xsarm_control/lib/interbotix_xsarm_control/joint_pwm_control.py
[0.380s] -- Installing: /home/deivideich/interbotix/interbotix_ws/interbotix_ws/install/interbotix_xsarm_control/lib/interbotix_xsarm_control/joint_trajectory_control.py
[0.380s] -- Installing: /home/deivideich/interbotix/interbotix_ws/interbotix_ws/install/interbotix_xsarm_control/share/interbotix_xsarm_control//launch
[0.380s] -- Installing: /home/deivideich/interbotix/interbotix_ws/interbotix_ws/install/interbotix_xsarm_control/share/interbotix_xsarm_control//launch/xsarm_control.launch.py
[0.380s] -- Installing: /home/deivideich/interbotix/interbotix_ws/interbotix_ws/install/interbotix_xsarm_control/share/interbotix_xsarm_control//config
[0.380s] -- Installing: /home/deivideich/interbotix/interbotix_ws/interbotix_ws/install/interbotix_xsarm_control/share/interbotix_xsarm_control//config/px100.yaml
[0.380s] -- Installing: /home/deivideich/interbotix/interbotix_ws/interbotix_ws/install/interbotix_xsarm_control/share/interbotix_xsarm_control//config/wx250.yaml
[0.380s] -- Installing: /home/deivideich/interbotix/interbotix_ws/interbotix_ws/install/interbotix_xsarm_control/share/interbotix_xsarm_control//config/wx250s.yaml
[0.380s] -- Installing: /home/deivideich/interbotix/interbotix_ws/interbotix_ws/install/interbotix_xsarm_control/share/interbotix_xsarm_control//config/vx250.yaml
[0.380s] -- Installing: /home/deivideich/interbotix/interbotix_ws/interbotix_ws/install/interbotix_xsarm_control/share/interbotix_xsarm_control//config/modes.yaml
[0.381s] -- Installing: /home/deivideich/interbotix/interbotix_ws/interbotix_ws/install/interbotix_xsarm_control/share/interbotix_xsarm_control//config/mobile_wx250s.yaml
[0.381s] -- Installing: /home/deivideich/interbotix/interbotix_ws/interbotix_ws/install/interbotix_xsarm_control/share/interbotix_xsarm_control//config/rx200.yaml
[0.381s] -- Installing: /home/deivideich/interbotix/interbotix_ws/interbotix_ws/install/interbotix_xsarm_control/share/interbotix_xsarm_control//config/aloha_vx300s.yaml
[0.381s] -- Installing: /home/deivideich/interbotix/interbotix_ws/interbotix_ws/install/interbotix_xsarm_control/share/interbotix_xsarm_control//config/vx300.yaml
[0.381s] -- Installing: /home/deivideich/interbotix/interbotix_ws/interbotix_ws/install/interbotix_xsarm_control/share/interbotix_xsarm_control//config/px150.yaml
[0.381s] -- Installing: /home/deivideich/interbotix/interbotix_ws/interbotix_ws/install/interbotix_xsarm_control/share/interbotix_xsarm_control//config/wx200.yaml
[0.381s] -- Installing: /home/deivideich/interbotix/interbotix_ws/interbotix_ws/install/interbotix_xsarm_control/share/interbotix_xsarm_control//config/mobile_px100.yaml
[0.382s] -- Installing: /home/deivideich/interbotix/interbotix_ws/interbotix_ws/install/interbotix_xsarm_control/share/interbotix_xsarm_control//config/mobile_wx200.yaml
[0.382s] -- Installing: /home/deivideich/interbotix/interbotix_ws/interbotix_ws/install/interbotix_xsarm_control/share/interbotix_xsarm_control//config/rx150.yaml
[0.382s] -- Installing: /home/deivideich/interbotix/interbotix_ws/interbotix_ws/install/interbotix_xsarm_control/share/interbotix_xsarm_control//config/vx300s.yaml
[0.383s] -- Installing: /home/deivideich/interbotix/interbotix_ws/interbotix_ws/install/interbotix_xsarm_control/share/interbotix_xsarm_control//config/aloha_wx250s.yaml
[0.385s] -- Installing: /home/deivideich/interbotix/interbotix_ws/interbotix_ws/install/interbotix_xsarm_control/share/ament_index/resource_index/package_run_dependencies/interbotix_xsarm_control
[0.385s] -- Installing: /home/deivideich/interbotix/interbotix_ws/interbotix_ws/install/interbotix_xsarm_control/share/ament_index/resource_index/parent_prefix_path/interbotix_xsarm_control
[0.386s] -- Installing: /home/deivideich/interbotix/interbotix_ws/interbotix_ws/install/interbotix_xsarm_control/share/interbotix_xsarm_control/environment/ament_prefix_path.sh
[0.386s] -- Installing: /home/deivideich/interbotix/interbotix_ws/interbotix_ws/install/interbotix_xsarm_control/share/interbotix_xsarm_control/environment/ament_prefix_path.dsv
[0.386s] -- Installing: /home/deivideich/interbotix/interbotix_ws/interbotix_ws/install/interbotix_xsarm_control/share/interbotix_xsarm_control/environment/path.sh
[0.386s] -- Installing: /home/deivideich/interbotix/interbotix_ws/interbotix_ws/install/interbotix_xsarm_control/share/interbotix_xsarm_control/environment/path.dsv
[0.386s] -- Installing: /home/deivideich/interbotix/interbotix_ws/interbotix_ws/install/interbotix_xsarm_control/share/interbotix_xsarm_control/local_setup.bash
[0.386s] -- Installing: /home/deivideich/interbotix/interbotix_ws/interbotix_ws/install/interbotix_xsarm_control/share/interbotix_xsarm_control/local_setup.sh
[0.386s] -- Installing: /home/deivideich/interbotix/interbotix_ws/interbotix_ws/install/interbotix_xsarm_control/share/interbotix_xsarm_control/local_setup.zsh
[0.387s] -- Installing: /home/deivideich/interbotix/interbotix_ws/interbotix_ws/install/interbotix_xsarm_control/share/interbotix_xsarm_control/local_setup.dsv
[0.387s] -- Installing: /home/deivideich/interbotix/interbotix_ws/interbotix_ws/install/interbotix_xsarm_control/share/interbotix_xsarm_control/package.dsv
[0.387s] -- Installing: /home/deivideich/interbotix/interbotix_ws/interbotix_ws/install/interbotix_xsarm_control/share/ament_index/resource_index/packages/interbotix_xsarm_control
[0.388s] -- Installing: /home/deivideich/interbotix/interbotix_ws/interbotix_ws/install/interbotix_xsarm_control/share/interbotix_xsarm_control/cmake/interbotix_xsarm_controlConfig.cmake
[0.388s] -- Installing: /home/deivideich/interbotix/interbotix_ws/interbotix_ws/install/interbotix_xsarm_control/share/interbotix_xsarm_control/cmake/interbotix_xsarm_controlConfig-version.cmake
[0.389s] -- Installing: /home/deivideich/interbotix/interbotix_ws/interbotix_ws/install/interbotix_xsarm_control/share/interbotix_xsarm_control/package.xml
[0.390s] Invoked command in '/home/deivideich/interbotix/interbotix_ws/interbotix_ws/build/interbotix_xsarm_control' returned '0': AMENT_PREFIX_PATH=/home/deivideich/interbotix/interbotix_ws/interbotix_ws/install/interbotix_xsarm_descriptions:/home/deivideich/interbotix/interbotix_ws/interbotix_ws/install/interbotix_xs_modules:/home/deivideich/interbotix/interbotix_ws/interbotix_ws/install/interbotix_xs_sdk:/home/deivideich/interbotix/interbotix_ws/interbotix_ws/install/interbotix_xs_driver:/home/deivideich/interbotix/interbotix_ws/interbotix_ws/install/interbotix_xs_msgs:/home/deivideich/interbotix/interbotix_ws/interbotix_ws/install/interbotix_common_modules:/home/deivideich/interbotix/interbotix_ws/interbotix_ws/install/dynamixel_workbench_toolbox:${AMENT_PREFIX_PATH} CMAKE_PREFIX_PATH=/home/deivideich/interbotix/interbotix_ws/interbotix_ws/install/interbotix_xsarm_descriptions:/home/deivideich/interbotix/interbotix_ws/interbotix_ws/install/interbotix_xs_sdk:/home/deivideich/interbotix/interbotix_ws/interbotix_ws/install/interbotix_xs_driver:/home/deivideich/interbotix/interbotix_ws/interbotix_ws/install/interbotix_xs_msgs:/home/deivideich/interbotix/interbotix_ws/interbotix_ws/install/dynamixel_workbench_toolbox:/opt/ros/humble LD_LIBRARY_PATH=/home/deivideich/interbotix/interbotix_ws/interbotix_ws/install/interbotix_xs_driver/lib:/home/deivideich/interbotix/interbotix_ws/interbotix_ws/install/interbotix_xs_msgs/lib:/home/deivideich/interbotix/interbotix_ws/interbotix_ws/install/dynamixel_workbench_toolbox/lib:${LD_LIBRARY_PATH} PYTHONPATH=/home/deivideich/interbotix/interbotix_ws/interbotix_ws/install/interbotix_xs_modules/lib/python3.10/site-packages:/home/deivideich/interbotix/interbotix_ws/interbotix_ws/install/interbotix_xs_msgs/local/lib/python3.10/dist-packages:/home/deivideich/interbotix/interbotix_ws/interbotix_ws/install/interbotix_common_modules/lib/python3.10/site-packages:${PYTHONPATH} /usr/bin/cmake --install /home/deivideich/interbotix/interbotix_ws/interbotix_ws/build/interbotix_xsarm_control
