[0.158s] Invoking command in '/home/deivideich/interbotix/interbotix_ws/interbotix_ws/build/interbotix_common_sim': CMAKE_PREFIX_PATH=/opt/ros/humble /usr/bin/cmake /home/deivideich/interbotix/interbotix_ws/interbotix_ws/src/interbotix_ros_toolboxes/interbotix_common_toolbox/interbotix_common_sim -DCMAKE_INSTALL_PREFIX=/home/deivideich/interbotix/interbotix_ws/interbotix_ws/install/interbotix_common_sim
[0.189s] -- The C compiler identification is GNU 11.4.0
[0.229s] -- The CXX compiler identification is GNU 11.4.0
[0.237s] -- Detecting C compiler ABI info
[0.277s] -- Detecting C compiler ABI info - done
[0.283s] -- Check for working C compiler: /usr/bin/cc - skipped
[0.283s] -- Detecting C compile features
[0.283s] -- Detecting C compile features - done
[0.285s] -- Detecting CXX compiler ABI info
[0.337s] -- Detecting CXX compiler ABI info - done
[0.345s] -- Check for working CXX compiler: /usr/bin/c++ - skipped
[0.345s] -- Detecting CXX compile features
[0.346s] -- Detecting CXX compile features - done
[0.348s] -- Found ament_cmake: 1.3.8 (/opt/ros/humble/share/ament_cmake/cmake)
[0.446s] -- Found Python3: /usr/bin/python3 (found version "3.10.12") found components: Interpreter 
[0.514s] -- Found ament_lint_auto: 0.12.10 (/opt/ros/humble/share/ament_lint_auto/cmake)
[0.576s] -- Configuring done
[0.578s] -- Generating done
[0.579s] -- Build files have been written to: /home/deivideich/interbotix/interbotix_ws/interbotix_ws/build/interbotix_common_sim
[0.584s] Invoked command in '/home/deivideich/interbotix/interbotix_ws/interbotix_ws/build/interbotix_common_sim' returned '0': CMAKE_PREFIX_PATH=/opt/ros/humble /usr/bin/cmake /home/deivideich/interbotix/interbotix_ws/interbotix_ws/src/interbotix_ros_toolboxes/interbotix_common_toolbox/interbotix_common_sim -DCMAKE_INSTALL_PREFIX=/home/deivideich/interbotix/interbotix_ws/interbotix_ws/install/interbotix_common_sim
[0.585s] Invoking command in '/home/deivideich/interbotix/interbotix_ws/interbotix_ws/build/interbotix_common_sim': CMAKE_PREFIX_PATH=/opt/ros/humble /usr/bin/cmake --build /home/deivideich/interbotix/interbotix_ws/interbotix_ws/build/interbotix_common_sim -- -j20 -l20
[0.601s] Invoked command in '/home/deivideich/interbotix/interbotix_ws/interbotix_ws/build/interbotix_common_sim' returned '0': CMAKE_PREFIX_PATH=/opt/ros/humble /usr/bin/cmake --build /home/deivideich/interbotix/interbotix_ws/interbotix_ws/build/interbotix_common_sim -- -j20 -l20
[0.613s] Invoking command in '/home/deivideich/interbotix/interbotix_ws/interbotix_ws/build/interbotix_common_sim': CMAKE_PREFIX_PATH=/opt/ros/humble /usr/bin/cmake --install /home/deivideich/interbotix/interbotix_ws/interbotix_ws/build/interbotix_common_sim
[0.615s] -- Install configuration: ""
[0.615s] -- Installing: /home/deivideich/interbotix/interbotix_ws/interbotix_ws/install/interbotix_common_sim/share/interbotix_common_sim/models
[0.615s] -- Installing: /home/deivideich/interbotix/interbotix_ws/interbotix_ws/install/interbotix_common_sim/share/interbotix_common_sim/models/VisionKit
[0.615s] -- Installing: /home/deivideich/interbotix/interbotix_ws/interbotix_ws/install/interbotix_common_sim/share/interbotix_common_sim/models/VisionKit/stand.stl
[0.615s] -- Installing: /home/deivideich/interbotix/interbotix_ws/interbotix_ws/install/interbotix_common_sim/share/interbotix_common_sim/models/VisionKit/VisionKit.sdf
[0.615s] -- Installing: /home/deivideich/interbotix/interbotix_ws/interbotix_ws/install/interbotix_common_sim/share/interbotix_common_sim/models/VisionKit/model.config
[0.615s] -- Installing: /home/deivideich/interbotix/interbotix_ws/interbotix_ws/install/interbotix_common_sim/share/interbotix_common_sim/models/TrossenRoboticsOfficeBuilding
[0.615s] -- Installing: /home/deivideich/interbotix/interbotix_ws/interbotix_ws/install/interbotix_common_sim/share/interbotix_common_sim/models/TrossenRoboticsOfficeBuilding/TrossenRoboticsOfficeBuilding.sdf
[0.615s] -- Installing: /home/deivideich/interbotix/interbotix_ws/interbotix_ws/install/interbotix_common_sim/share/interbotix_common_sim/models/TrossenRoboticsOfficeBuilding/model.config
[0.615s] -- Installing: /home/deivideich/interbotix/interbotix_ws/interbotix_ws/install/interbotix_common_sim/share/interbotix_common_sim/models/RealSenseD415
[0.615s] -- Installing: /home/deivideich/interbotix/interbotix_ws/interbotix_ws/install/interbotix_common_sim/share/interbotix_common_sim/models/RealSenseD415/RealSenseD415.sdf
[0.616s] -- Installing: /home/deivideich/interbotix/interbotix_ws/interbotix_ws/install/interbotix_common_sim/share/interbotix_common_sim/models/RealSenseD415/camera.stl
[0.616s] -- Installing: /home/deivideich/interbotix/interbotix_ws/interbotix_ws/install/interbotix_common_sim/share/interbotix_common_sim/models/RealSenseD415/model.config
[0.616s] -- Installing: /home/deivideich/interbotix/interbotix_ws/interbotix_ws/install/interbotix_common_sim/share/interbotix_common_sim/worlds
[0.616s] -- Installing: /home/deivideich/interbotix/interbotix_ws/interbotix_ws/install/interbotix_common_sim/share/interbotix_common_sim/worlds/vision_kit.world
[0.616s] -- Installing: /home/deivideich/interbotix/interbotix_ws/interbotix_ws/install/interbotix_common_sim/share/interbotix_common_sim/worlds/interbotix.world
[0.616s] -- Installing: /home/deivideich/interbotix/interbotix_ws/interbotix_ws/install/interbotix_common_sim/share/interbotix_common_sim/media
[0.616s] -- Installing: /home/deivideich/interbotix/interbotix_ws/interbotix_ws/install/interbotix_common_sim/share/interbotix_common_sim/media/materials
[0.616s] -- Installing: /home/deivideich/interbotix/interbotix_ws/interbotix_ws/install/interbotix_common_sim/share/interbotix_common_sim/media/materials/scripts
[0.616s] -- Installing: /home/deivideich/interbotix/interbotix_ws/interbotix_ws/install/interbotix_common_sim/share/interbotix_common_sim/media/materials/scripts/interbotix_black.material
[0.616s] -- Installing: /home/deivideich/interbotix/interbotix_ws/interbotix_ws/install/interbotix_common_sim/share/interbotix_common_sim/media/materials/scripts/interbotix_texture.gazebo
[0.616s] -- Installing: /home/deivideich/interbotix/interbotix_ws/interbotix_ws/install/interbotix_common_sim/share/interbotix_common_sim/media/materials/textures
[0.616s] -- Installing: /home/deivideich/interbotix/interbotix_ws/interbotix_ws/install/interbotix_common_sim/share/interbotix_common_sim/media/materials/textures/interbotix_black.png
[0.616s] -- Installing: /home/deivideich/interbotix/interbotix_ws/interbotix_ws/install/interbotix_common_sim/share/interbotix_common_sim/media/interbotix_black.png
[0.616s] -- Installing: /home/deivideich/interbotix/interbotix_ws/interbotix_ws/install/interbotix_common_sim/share/ament_index/resource_index/package_run_dependencies/interbotix_common_sim
[0.616s] -- Installing: /home/deivideich/interbotix/interbotix_ws/interbotix_ws/install/interbotix_common_sim/share/ament_index/resource_index/parent_prefix_path/interbotix_common_sim
[0.617s] -- Installing: /home/deivideich/interbotix/interbotix_ws/interbotix_ws/install/interbotix_common_sim/share/interbotix_common_sim/environment/ament_prefix_path.sh
[0.617s] -- Installing: /home/deivideich/interbotix/interbotix_ws/interbotix_ws/install/interbotix_common_sim/share/interbotix_common_sim/environment/ament_prefix_path.dsv
[0.617s] -- Installing: /home/deivideich/interbotix/interbotix_ws/interbotix_ws/install/interbotix_common_sim/share/interbotix_common_sim/environment/path.sh
[0.617s] -- Installing: /home/deivideich/interbotix/interbotix_ws/interbotix_ws/install/interbotix_common_sim/share/interbotix_common_sim/environment/path.dsv
[0.617s] -- Installing: /home/deivideich/interbotix/interbotix_ws/interbotix_ws/install/interbotix_common_sim/share/interbotix_common_sim/local_setup.bash
[0.617s] -- Installing: /home/deivideich/interbotix/interbotix_ws/interbotix_ws/install/interbotix_common_sim/share/interbotix_common_sim/local_setup.sh
[0.617s] -- Installing: /home/deivideich/interbotix/interbotix_ws/interbotix_ws/install/interbotix_common_sim/share/interbotix_common_sim/local_setup.zsh
[0.617s] -- Installing: /home/deivideich/interbotix/interbotix_ws/interbotix_ws/install/interbotix_common_sim/share/interbotix_common_sim/local_setup.dsv
[0.617s] -- Installing: /home/deivideich/interbotix/interbotix_ws/interbotix_ws/install/interbotix_common_sim/share/interbotix_common_sim/package.dsv
[0.618s] -- Installing: /home/deivideich/interbotix/interbotix_ws/interbotix_ws/install/interbotix_common_sim/share/ament_index/resource_index/packages/interbotix_common_sim
[0.618s] -- Installing: /home/deivideich/interbotix/interbotix_ws/interbotix_ws/install/interbotix_common_sim/share/interbotix_common_sim/cmake/interbotix_common_simConfig.cmake
[0.618s] -- Installing: /home/deivideich/interbotix/interbotix_ws/interbotix_ws/install/interbotix_common_sim/share/interbotix_common_sim/cmake/interbotix_common_simConfig-version.cmake
[0.619s] -- Installing: /home/deivideich/interbotix/interbotix_ws/interbotix_ws/install/interbotix_common_sim/share/interbotix_common_sim/package.xml
[0.619s] Invoked command in '/home/deivideich/interbotix/interbotix_ws/interbotix_ws/build/interbotix_common_sim' returned '0': CMAKE_PREFIX_PATH=/opt/ros/humble /usr/bin/cmake --install /home/deivideich/interbotix/interbotix_ws/interbotix_ws/build/interbotix_common_sim
