[0.158s] Invoking command in '/home/deivideich/interbotix/interbotix_ws/interbotix_ws/build/moveit_visual_tools': CMAKE_PREFIX_PATH=/opt/ros/humble /usr/bin/cmake /home/deivideich/interbotix/interbotix_ws/interbotix_ws/src/moveit_visual_tools -DCMAKE_INSTALL_PREFIX=/home/deivideich/interbotix/interbotix_ws/interbotix_ws/install/moveit_visual_tools
[0.191s] -- The C compiler identification is GNU 11.4.0
[0.235s] -- The CXX compiler identification is GNU 11.4.0
[0.244s] -- Detecting C compiler ABI info
[0.285s] -- Detecting C compiler ABI info - done
[0.290s] -- Check for working C compiler: /usr/bin/cc - skipped
[0.290s] -- Detecting C compile features
[0.290s] -- Detecting C compile features - done
[0.293s] -- Detecting CXX compiler ABI info
[0.331s] -- Detecting CXX compiler ABI info - done
[0.340s] -- Check for working CXX compiler: /usr/bin/c++ - skipped
[0.341s] -- Detecting CXX compile features
[0.341s] -- Detecting CXX compile features - done
[0.344s] -- Found moveit_common: 2.5.5 (/opt/ros/humble/share/moveit_common/cmake)
[0.347s] -- Found ament_cmake: 1.3.8 (/opt/ros/humble/share/ament_cmake/cmake)
[0.435s] -- Found Python3: /usr/bin/python3 (found version "3.10.12") found components: Interpreter 
[0.558s] -- Found libdw: /usr/lib/x86_64-linux-gnu/libdw.so  
[0.562s] -- Could NOT find libbfd (missing: LIBBFD_LIBRARY LIBBFD_INCLUDE_DIR) 
[0.562s] -- BACKWARD_HAS_UNWIND=1
[0.562s] -- BACKWARD_HAS_BACKTRACE=0
[0.562s] -- BACKWARD_HAS_BACKTRACE_SYMBOL=0
[0.562s] -- BACKWARD_HAS_DW=1
[0.562s] -- BACKWARD_HAS_BFD=0
[0.562s] -- Found Backward: /opt/ros/humble/share/backward_ros/cmake  
[0.562s] [0mmoveit_visual_tools: You did not request a specific build type: Choosing 'Release' for maximum performance[0m
[0.576s] -- Found Boost: /usr/lib/x86_64-linux-gnu/cmake/Boost-1.74.0/BoostConfig.cmake (found version "1.74.0") found components: system 
[0.586s] -- Found geometry_msgs: 4.2.3 (/opt/ros/humble/share/geometry_msgs/cmake)
[0.613s] -- Found rosidl_generator_c: 3.1.5 (/opt/ros/humble/share/rosidl_generator_c/cmake)
[0.616s] -- Found rosidl_adapter: 3.1.5 (/opt/ros/humble/share/rosidl_adapter/cmake)
[0.621s] -- Found rosidl_generator_cpp: 3.1.5 (/opt/ros/humble/share/rosidl_generator_cpp/cmake)
[0.631s] -- Using all available rosidl_typesupport_c: rosidl_typesupport_fastrtps_c;rosidl_typesupport_introspection_c
[0.643s] -- Using all available rosidl_typesupport_cpp: rosidl_typesupport_fastrtps_cpp;rosidl_typesupport_introspection_cpp
[0.721s] -- Found graph_msgs: 0.2.0 (/opt/ros/humble/share/graph_msgs/cmake)
[0.781s] -- Found moveit_core: 2.5.5 (/opt/ros/humble/share/moveit_core/cmake)
[0.868s] -- Found Boost: /usr/lib/x86_64-linux-gnu/cmake/Boost-1.74.0/BoostConfig.cmake (found version "1.74.0") found components: chrono date_time filesystem iostreams program_options regex serialization system thread 
[0.883s] -- Found parameter_traits: 0.3.8 (/opt/ros/humble/share/parameter_traits/cmake)
[0.935s] -- Found rmw_implementation_cmake: 6.1.1 (/opt/ros/humble/share/rmw_implementation_cmake/cmake)
[0.937s] -- Found rmw_fastrtps_cpp: 6.2.6 (/opt/ros/humble/share/rmw_fastrtps_cpp/cmake)
[0.994s] -- Found OpenSSL: /usr/lib/x86_64-linux-gnu/libcrypto.so (found version "3.0.2")  
[1.011s] -- Found FastRTPS: /opt/ros/humble/include  
[1.045s] -- Using RMW implementation 'rmw_fastrtps_cpp' as default
[1.051s] -- Found Threads: TRUE  
[1.153s] -- Found rclcpp_lifecycle: 16.0.8 (/opt/ros/humble/share/rclcpp_lifecycle/cmake)
[1.190s] -- Found Boost: /usr/lib/x86_64-linux-gnu/cmake/Boost-1.74.0/BoostConfig.cmake (found version "1.74.0") found components: filesystem 
[1.279s] -- library: /usr/lib/x86_64-linux-gnu/libcurl.so
[1.531s] -- Found Eigen3: TRUE (found version "3.4.0") 
[1.532s] -- Ensuring Eigen3 include directory is part of orocos-kdl CMake target
[2.877s] -- Found moveit_ros_planning: 2.5.5 (/opt/ros/humble/share/moveit_ros_planning/cmake)
[2.885s] -- Found Boost: /usr/lib/x86_64-linux-gnu/cmake/Boost-1.74.0/BoostConfig.cmake (found version "1.74.0") found components: system filesystem date_time program_options thread chrono 
[3.410s] -- Found rviz_visual_tools: 4.1.4 (/opt/ros/humble/share/rviz_visual_tools/cmake)
[3.512s] -- Setting OGRE_DIR to: '/opt/ros/humble/share/rviz_ogre_vendor/cmake/../../../opt/rviz_ogre_vendor/lib/OGRE/cmake'
[3.513s] -- Found OGRE
[3.513s] --   static     : OFF
[3.514s] --   components : HLMS;MeshLodGenerator;Overlay;Paging;Property;RTShaderSystem;Terrain;Volume
[3.514s] --   plugins    : Plugin_BSPSceneManager;Plugin_OctreeSceneManager;Plugin_PCZSceneManager;Plugin_ParticleFX;RenderSystem_GL;RenderSystem_GL3Plus;Codec_STBI
[3.514s] --   media      : /opt/ros/humble/opt/rviz_ogre_vendor/share/OGRE/Media
[3.514s] -- OGRE_LIBRARIES: OgreHLMS;OgreMeshLodGenerator;OgreOverlay;OgrePaging;OgreProperty;OgreRTShaderSystem;OgreTerrain;OgreVolume;OgreMain
[3.514s] -- OGRE_LIBRARY_DIRS: /opt/ros/humble/opt/rviz_ogre_vendor/lib
[3.514s] -- OGRE_PLUGINS: Plugin_BSPSceneManager;Plugin_OctreeSceneManager;Plugin_PCZSceneManager;Plugin_ParticleFX;RenderSystem_GL;RenderSystem_GL3Plus;Codec_STBI
[3.514s] -- OGRE_PLUGIN_DIR: /opt/ros/humble/opt/rviz_ogre_vendor/lib/OGRE
[3.514s] -- rviz_ogre_vendor::OgreOverlay for IMPORTED_LOCATION_RELEASE: /opt/ros/humble/opt/rviz_ogre_vendor/lib/libOgreOverlay.so
[3.514s] -- rviz_ogre_vendor::OgreOverlay for IMPORTED_LOCATION_DEBUG: /opt/ros/humble/opt/rviz_ogre_vendor/lib/libOgreOverlay.so
[3.514s] -- rviz_ogre_vendor::OgreMain for IMPORTED_LOCATION_RELEASE: /opt/ros/humble/opt/rviz_ogre_vendor/lib/libOgreMain.so
[3.514s] -- rviz_ogre_vendor::OgreMain for IMPORTED_LOCATION_DEBUG: /opt/ros/humble/opt/rviz_ogre_vendor/lib/libOgreMain.so
[3.530s] -- Found ZLIB: /usr/lib/x86_64-linux-gnu/libz.so (found version "1.2.11") 
[3.533s] -- Found OpenGL: /usr/lib/x86_64-linux-gnu/libOpenGL.so   
[3.588s] -- Found X11: /usr/include   
[3.588s] -- Looking for XOpenDisplay in /usr/lib/x86_64-linux-gnu/libX11.so;/usr/lib/x86_64-linux-gnu/libXext.so
[3.649s] -- Looking for XOpenDisplay in /usr/lib/x86_64-linux-gnu/libX11.so;/usr/lib/x86_64-linux-gnu/libXext.so - found
[3.650s] -- Looking for gethostbyname
[3.733s] -- Looking for gethostbyname - found
[3.733s] -- Looking for connect
[3.817s] -- Looking for connect - found
[3.817s] -- Looking for remove
[3.898s] -- Looking for remove - found
[3.898s] -- Looking for shmat
[3.981s] -- Looking for shmat - found
[3.981s] -- Looking for IceConnectionNumber in ICE
[4.064s] -- Looking for IceConnectionNumber in ICE - found
[4.066s] -- rviz_ogre_vendor::RenderSystem_GL for IMPORTED_LOCATION_RELEASE: _render_system_gl_static_library_abs-NOTFOUND
[4.066s] -- rviz_ogre_vendor::RenderSystem_GL for IMPORTED_LOCATION_DEBUG: _render_system_gl_static_library_abs-NOTFOUND
[4.954s] -- Found ament_lint_auto: 0.12.10 (/opt/ros/humble/share/ament_lint_auto/cmake)
[4.975s] -- Added test 'copyright' to check source files copyright and LICENSE
[4.976s] -- Added test 'flake8' to check Python code syntax and style conventions
[4.989s] -- Added test 'lint_cmake' to check CMake code style
[4.990s] -- Added test 'pep257' to check Python code against some of the docstring style conventions in PEP 257
[4.991s] -- Added test 'xmllint' to check XML markup files
[5.001s] -- Configuring done
[5.119s] -- Generating done
[5.124s] -- Build files have been written to: /home/deivideich/interbotix/interbotix_ws/interbotix_ws/build/moveit_visual_tools
[5.143s] Invoked command in '/home/deivideich/interbotix/interbotix_ws/interbotix_ws/build/moveit_visual_tools' returned '0': CMAKE_PREFIX_PATH=/opt/ros/humble /usr/bin/cmake /home/deivideich/interbotix/interbotix_ws/interbotix_ws/src/moveit_visual_tools -DCMAKE_INSTALL_PREFIX=/home/deivideich/interbotix/interbotix_ws/interbotix_ws/install/moveit_visual_tools
[5.145s] Invoking command in '/home/deivideich/interbotix/interbotix_ws/interbotix_ws/build/moveit_visual_tools': CMAKE_PREFIX_PATH=/opt/ros/humble /usr/bin/cmake --build /home/deivideich/interbotix/interbotix_ws/interbotix_ws/build/moveit_visual_tools -- -j20 -l20
[5.173s] [ 16%] [32mBuilding CXX object CMakeFiles/moveit_visual_tools.dir/src/moveit_visual_tools.cpp.o[0m
[5.176s] [ 33%] [32mBuilding CXX object CMakeFiles/moveit_visual_tools.dir/src/imarker_robot_state.cpp.o[0m
[5.219s] [ 50%] [32mBuilding CXX object CMakeFiles/moveit_visual_tools.dir/src/imarker_end_effector.cpp.o[0m
[17.139s] [ 66%] [32m[1mLinking CXX shared library libmoveit_visual_tools.so[0m
[17.411s] [ 66%] Built target moveit_visual_tools
[17.418s] [ 83%] [32mBuilding CXX object CMakeFiles/moveit_visual_tools_demo.dir/src/moveit_visual_tools_demo.cpp.o[0m
[23.949s] [100%] [32m[1mLinking CXX executable moveit_visual_tools_demo[0m
[24.182s] [100%] Built target moveit_visual_tools_demo
[24.186s] Invoked command in '/home/deivideich/interbotix/interbotix_ws/interbotix_ws/build/moveit_visual_tools' returned '0': CMAKE_PREFIX_PATH=/opt/ros/humble /usr/bin/cmake --build /home/deivideich/interbotix/interbotix_ws/interbotix_ws/build/moveit_visual_tools -- -j20 -l20
[24.201s] Invoking command in '/home/deivideich/interbotix/interbotix_ws/interbotix_ws/build/moveit_visual_tools': CMAKE_PREFIX_PATH=/opt/ros/humble /usr/bin/cmake --install /home/deivideich/interbotix/interbotix_ws/interbotix_ws/build/moveit_visual_tools
[24.202s] -- Install configuration: "Release"
[24.202s] -- Installing: /home/deivideich/interbotix/interbotix_ws/interbotix_ws/install/moveit_visual_tools/share/moveit_visual_tools/environment/library_path.sh
[24.202s] -- Installing: /home/deivideich/interbotix/interbotix_ws/interbotix_ws/install/moveit_visual_tools/share/moveit_visual_tools/environment/library_path.dsv
[24.202s] -- Installing: /home/deivideich/interbotix/interbotix_ws/interbotix_ws/install/moveit_visual_tools/lib/libmoveit_visual_tools.so
[24.203s] -- Set runtime path of "/home/deivideich/interbotix/interbotix_ws/interbotix_ws/install/moveit_visual_tools/lib/libmoveit_visual_tools.so" to ""
[24.203s] -- Installing: /home/deivideich/interbotix/interbotix_ws/interbotix_ws/install/moveit_visual_tools/lib/moveit_visual_tools/moveit_visual_tools_demo
[24.203s] -- Set runtime path of "/home/deivideich/interbotix/interbotix_ws/interbotix_ws/install/moveit_visual_tools/lib/moveit_visual_tools/moveit_visual_tools_demo" to ""
[24.203s] -- Installing: /home/deivideich/interbotix/interbotix_ws/interbotix_ws/install/moveit_visual_tools/include
[24.203s] -- Installing: /home/deivideich/interbotix/interbotix_ws/interbotix_ws/install/moveit_visual_tools/include/moveit_visual_tools
[24.203s] -- Installing: /home/deivideich/interbotix/interbotix_ws/interbotix_ws/install/moveit_visual_tools/include/moveit_visual_tools/moveit_visual_tools.h
[24.204s] -- Installing: /home/deivideich/interbotix/interbotix_ws/interbotix_ws/install/moveit_visual_tools/include/moveit_visual_tools/imarker_end_effector.h
[24.204s] -- Installing: /home/deivideich/interbotix/interbotix_ws/interbotix_ws/install/moveit_visual_tools/include/moveit_visual_tools/imarker_robot_state.h
[24.204s] -- Installing: /home/deivideich/interbotix/interbotix_ws/interbotix_ws/install/moveit_visual_tools/share/moveit_visual_tools/launch
[24.204s] -- Installing: /home/deivideich/interbotix/interbotix_ws/interbotix_ws/install/moveit_visual_tools/share/moveit_visual_tools/launch/demo.rviz
[24.204s] -- Installing: /home/deivideich/interbotix/interbotix_ws/interbotix_ws/install/moveit_visual_tools/share/moveit_visual_tools/launch/demo_rviz.launch.py
[24.204s] -- Installing: /home/deivideich/interbotix/interbotix_ws/interbotix_ws/install/moveit_visual_tools/share/moveit_visual_tools/resources
[24.204s] -- Installing: /home/deivideich/interbotix/interbotix_ws/interbotix_ws/install/moveit_visual_tools/share/moveit_visual_tools/resources/rrbot.srdf
[24.204s] -- Installing: /home/deivideich/interbotix/interbotix_ws/interbotix_ws/install/moveit_visual_tools/share/moveit_visual_tools/resources/rrbot.urdf
[24.204s] -- Installing: /home/deivideich/interbotix/interbotix_ws/interbotix_ws/install/moveit_visual_tools/share/moveit_visual_tools/resources/demo_mesh.stl
[24.204s] -- Installing: /home/deivideich/interbotix/interbotix_ws/interbotix_ws/install/moveit_visual_tools/share/moveit_visual_tools/resources/demo.png
[24.205s] -- Installing: /home/deivideich/interbotix/interbotix_ws/interbotix_ws/install/moveit_visual_tools/share/moveit_visual_tools/resources/screenshot.png
[24.205s] -- Installing: /home/deivideich/interbotix/interbotix_ws/interbotix_ws/install/moveit_visual_tools/share/ament_index/resource_index/package_run_dependencies/moveit_visual_tools
[24.205s] -- Installing: /home/deivideich/interbotix/interbotix_ws/interbotix_ws/install/moveit_visual_tools/share/ament_index/resource_index/parent_prefix_path/moveit_visual_tools
[24.205s] -- Installing: /home/deivideich/interbotix/interbotix_ws/interbotix_ws/install/moveit_visual_tools/share/moveit_visual_tools/environment/ament_prefix_path.sh
[24.205s] -- Installing: /home/deivideich/interbotix/interbotix_ws/interbotix_ws/install/moveit_visual_tools/share/moveit_visual_tools/environment/ament_prefix_path.dsv
[24.205s] -- Installing: /home/deivideich/interbotix/interbotix_ws/interbotix_ws/install/moveit_visual_tools/share/moveit_visual_tools/environment/path.sh
[24.205s] -- Installing: /home/deivideich/interbotix/interbotix_ws/interbotix_ws/install/moveit_visual_tools/share/moveit_visual_tools/environment/path.dsv
[24.205s] -- Installing: /home/deivideich/interbotix/interbotix_ws/interbotix_ws/install/moveit_visual_tools/share/moveit_visual_tools/local_setup.bash
[24.206s] -- Installing: /home/deivideich/interbotix/interbotix_ws/interbotix_ws/install/moveit_visual_tools/share/moveit_visual_tools/local_setup.sh
[24.206s] -- Installing: /home/deivideich/interbotix/interbotix_ws/interbotix_ws/install/moveit_visual_tools/share/moveit_visual_tools/local_setup.zsh
[24.206s] -- Installing: /home/deivideich/interbotix/interbotix_ws/interbotix_ws/install/moveit_visual_tools/share/moveit_visual_tools/local_setup.dsv
[24.206s] -- Installing: /home/deivideich/interbotix/interbotix_ws/interbotix_ws/install/moveit_visual_tools/share/moveit_visual_tools/package.dsv
[24.206s] -- Installing: /home/deivideich/interbotix/interbotix_ws/interbotix_ws/install/moveit_visual_tools/share/ament_index/resource_index/packages/moveit_visual_tools
[24.206s] -- Installing: /home/deivideich/interbotix/interbotix_ws/interbotix_ws/install/moveit_visual_tools/share/moveit_visual_tools/cmake/export_moveit_visual_toolsExport.cmake
[24.206s] -- Installing: /home/deivideich/interbotix/interbotix_ws/interbotix_ws/install/moveit_visual_tools/share/moveit_visual_tools/cmake/export_moveit_visual_toolsExport-release.cmake
[24.207s] -- Installing: /home/deivideich/interbotix/interbotix_ws/interbotix_ws/install/moveit_visual_tools/share/moveit_visual_tools/cmake/ament_cmake_export_targets-extras.cmake
[24.207s] -- Installing: /home/deivideich/interbotix/interbotix_ws/interbotix_ws/install/moveit_visual_tools/share/moveit_visual_tools/cmake/ament_cmake_export_dependencies-extras.cmake
[24.207s] -- Installing: /home/deivideich/interbotix/interbotix_ws/interbotix_ws/install/moveit_visual_tools/share/moveit_visual_tools/cmake/moveit_visual_toolsConfig.cmake
[24.207s] -- Installing: /home/deivideich/interbotix/interbotix_ws/interbotix_ws/install/moveit_visual_tools/share/moveit_visual_tools/cmake/moveit_visual_toolsConfig-version.cmake
[24.207s] -- Installing: /home/deivideich/interbotix/interbotix_ws/interbotix_ws/install/moveit_visual_tools/share/moveit_visual_tools/package.xml
[24.207s] Invoked command in '/home/deivideich/interbotix/interbotix_ws/interbotix_ws/build/moveit_visual_tools' returned '0': CMAKE_PREFIX_PATH=/opt/ros/humble /usr/bin/cmake --install /home/deivideich/interbotix/interbotix_ws/interbotix_ws/build/moveit_visual_tools
