[0.009s] Invoking command in '/home/deivideich/interbotix/interbotix_ws/interbotix_ws/build/interbotix_perception_pipelines': AMENT_PREFIX_PATH=/home/deivideich/interbotix/interbotix_ws/interbotix_ws/install/interbotix_xs_msgs:/home/deivideich/interbotix/interbotix_ws/interbotix_ws/install/interbotix_perception_msgs:/home/deivideich/interbotix/interbotix_ws/interbotix_ws/install/interbotix_common_modules:${AMENT_PREFIX_PATH} CMAKE_PREFIX_PATH=/home/deivideich/interbotix/interbotix_ws/interbotix_ws/install/interbotix_xs_msgs:/home/deivideich/interbotix/interbotix_ws/interbotix_ws/install/interbotix_perception_msgs:/opt/ros/humble LD_LIBRARY_PATH=/home/deivideich/interbotix/interbotix_ws/interbotix_ws/install/interbotix_xs_msgs/lib:/home/deivideich/interbotix/interbotix_ws/interbotix_ws/install/interbotix_perception_msgs/lib:${LD_LIBRARY_PATH} PYTHONPATH=/home/deivideich/interbotix/interbotix_ws/interbotix_ws/install/interbotix_xs_msgs/local/lib/python3.10/dist-packages:/home/deivideich/interbotix/interbotix_ws/interbotix_ws/install/interbotix_perception_msgs/local/lib/python3.10/dist-packages:/home/deivideich/interbotix/interbotix_ws/interbotix_ws/install/interbotix_common_modules/lib/python3.10/site-packages:${PYTHONPATH} /usr/bin/cmake /home/deivideich/interbotix/interbotix_ws/interbotix_ws/src/interbotix_ros_toolboxes/interbotix_perception_toolbox/interbotix_perception_pipelines -DCMAKE_INSTALL_PREFIX=/home/deivideich/interbotix/interbotix_ws/interbotix_ws/install/interbotix_perception_pipelines
[0.040s] -- The C compiler identification is GNU 11.4.0
[0.075s] -- The CXX compiler identification is GNU 11.4.0
[0.082s] -- Detecting C compiler ABI info
[0.116s] -- Detecting C compiler ABI info - done
[0.121s] -- Check for working C compiler: /usr/bin/cc - skipped
[0.121s] -- Detecting C compile features
[0.121s] -- Detecting C compile features - done
[0.123s] -- Detecting CXX compiler ABI info
[0.166s] -- Detecting CXX compiler ABI info - done
[0.171s] -- Check for working CXX compiler: /usr/bin/c++ - skipped
[0.172s] -- Detecting CXX compile features
[0.172s] -- Detecting CXX compile features - done
[0.173s] -- Found ament_cmake: 1.3.8 (/opt/ros/humble/share/ament_cmake/cmake)
[0.252s] -- Found Python3: /usr/bin/python3 (found version "3.10.12") found components: Interpreter 
[0.328s] -- Found ament_index_cpp: 1.4.0 (/opt/ros/humble/share/ament_index_cpp/cmake)
[0.330s] -- Found rclcpp: 16.0.8 (/opt/ros/humble/share/rclcpp/cmake)
[0.359s] -- Found rosidl_generator_c: 3.1.5 (/opt/ros/humble/share/rosidl_generator_c/cmake)
[0.363s] -- Found rosidl_adapter: 3.1.5 (/opt/ros/humble/share/rosidl_adapter/cmake)
[0.369s] -- Found rosidl_generator_cpp: 3.1.5 (/opt/ros/humble/share/rosidl_generator_cpp/cmake)
[0.378s] -- Using all available rosidl_typesupport_c: rosidl_typesupport_fastrtps_c;rosidl_typesupport_introspection_c
[0.391s] -- Using all available rosidl_typesupport_cpp: rosidl_typesupport_fastrtps_cpp;rosidl_typesupport_introspection_cpp
[0.439s] -- Found rmw_implementation_cmake: 6.1.1 (/opt/ros/humble/share/rmw_implementation_cmake/cmake)
[0.440s] -- Found rmw_fastrtps_cpp: 6.2.6 (/opt/ros/humble/share/rmw_fastrtps_cpp/cmake)
[0.496s] -- Found OpenSSL: /usr/lib/x86_64-linux-gnu/libcrypto.so (found version "3.0.2")  
[0.524s] -- Found FastRTPS: /opt/ros/humble/include  
[0.561s] -- Using RMW implementation 'rmw_fastrtps_cpp' as default
[0.567s] -- Performing Test CMAKE_HAVE_LIBC_PTHREAD
[0.606s] -- Performing Test CMAKE_HAVE_LIBC_PTHREAD - Success
[0.607s] -- Found Threads: TRUE  
[0.711s] -- Found sensor_msgs: 4.2.3 (/opt/ros/humble/share/sensor_msgs/cmake)
[0.801s] -- Found interbotix_xs_msgs: 0.0.0 (/home/deivideich/interbotix/interbotix_ws/interbotix_ws/install/interbotix_xs_msgs/share/interbotix_xs_msgs/cmake)
[0.930s] -- Found interbotix_perception_msgs: 0.0.0 (/home/deivideich/interbotix/interbotix_ws/interbotix_ws/install/interbotix_perception_msgs/share/interbotix_perception_msgs/cmake)
[0.992s] -- Found visualization_msgs: 4.2.3 (/opt/ros/humble/share/visualization_msgs/cmake)
[1.073s] -- Found pcl_conversions: 2.4.0 (/opt/ros/humble/share/pcl_conversions/cmake)
[1.183s] -- Found pcl_ros: 2.4.0 (/opt/ros/humble/share/pcl_ros/cmake)
[1.279s] -- Found eigen3_cmake_module: 0.1.1 (/opt/ros/humble/share/eigen3_cmake_module/cmake)
[1.280s] -- Found Eigen3: TRUE (found version "3.4.0") 
[1.280s] -- Ensuring Eigen3 include directory is part of orocos-kdl CMake target
[1.559s] -- Checking for module 'eigen3'
[1.568s] --   Found eigen3, version 3.4.0
[1.585s] -- Found Eigen: /usr/include/eigen3 (Required is at least version "3.1") 
[1.585s] -- Eigen found (include: /usr/include/eigen3, version: 3.4.0)
[1.618s] -- Checking for module 'flann'
[1.631s] --   Found flann, version 1.9.1
[1.667s] -- Found FLANN: /usr/lib/x86_64-linux-gnu/libflann_cpp.so  
[1.667s] -- FLANN found (include: /usr/include, lib: /usr/lib/x86_64-linux-gnu/libflann_cpp.so)
[2.569s] -- Checking for module 'libusb-1.0'
[2.581s] --   Found libusb-1.0, version 1.0.25
[2.610s] -- Found libusb: /usr/lib/x86_64-linux-gnu/libusb-1.0.so  
[2.612s] -- OpenNI found (version: 1.5.4.0, include: /usr/include/ni, lib: /usr/lib/libOpenNI.so;libusb::libusb)
[2.661s] -- OpenNI2 found (version: 2.2.0.33, include: /usr/include/openni2, lib: /usr/lib/x86_64-linux-gnu/libOpenNI2.so;libusb::libusb)
[2.817s] -- Eigen found (include: /usr/include/eigen3, version: 3.4.0)
[2.824s] -- OpenNI found (version: 1.5.4.0, include: /usr/include/ni, lib: /usr/lib/libOpenNI.so;libusb::libusb)
[2.830s] -- OpenNI2 found (version: 2.2.0.33, include: /usr/include/openni2, lib: /usr/lib/x86_64-linux-gnu/libOpenNI2.so;libusb::libusb)
[2.982s] -- Found Qhull version 8.0.2
[3.133s] -- OpenNI found (version: 1.5.4.0, include: /usr/include/ni, lib: /usr/lib/libOpenNI.so;libusb::libusb)
[3.278s] -- Found PCL_COMMON: /usr/lib/x86_64-linux-gnu/libpcl_common.so  
[3.279s] -- Found PCL_KDTREE: /usr/lib/x86_64-linux-gnu/libpcl_kdtree.so  
[3.280s] -- Found PCL_OCTREE: /usr/lib/x86_64-linux-gnu/libpcl_octree.so  
[3.281s] -- Found PCL_SEARCH: /usr/lib/x86_64-linux-gnu/libpcl_search.so  
[3.282s] -- Found PCL_SAMPLE_CONSENSUS: /usr/lib/x86_64-linux-gnu/libpcl_sample_consensus.so  
[3.283s] -- Found PCL_FILTERS: /usr/lib/x86_64-linux-gnu/libpcl_filters.so  
[3.283s] -- Found PCL_2D: /usr/include/pcl-1.12  
[3.284s] -- Found PCL_GEOMETRY: /usr/include/pcl-1.12  
[3.284s] -- Found PCL_IO: /usr/lib/x86_64-linux-gnu/libpcl_io.so  
[3.286s] -- Found PCL_FEATURES: /usr/lib/x86_64-linux-gnu/libpcl_features.so  
[3.286s] -- Found PCL_ML: /usr/lib/x86_64-linux-gnu/libpcl_ml.so  
[3.287s] -- Found PCL_SEGMENTATION: /usr/lib/x86_64-linux-gnu/libpcl_segmentation.so  
[3.289s] -- Found PCL_VISUALIZATION: /usr/lib/x86_64-linux-gnu/libpcl_visualization.so  
[3.290s] -- Found PCL_SURFACE: /usr/lib/x86_64-linux-gnu/libpcl_surface.so  
[3.291s] -- Found PCL_REGISTRATION: /usr/lib/x86_64-linux-gnu/libpcl_registration.so  
[3.292s] -- Found PCL_KEYPOINTS: /usr/lib/x86_64-linux-gnu/libpcl_keypoints.so  
[3.293s] -- Found PCL_TRACKING: /usr/lib/x86_64-linux-gnu/libpcl_tracking.so  
[3.294s] -- Found PCL_RECOGNITION: /usr/lib/x86_64-linux-gnu/libpcl_recognition.so  
[3.295s] -- Found PCL_STEREO: /usr/lib/x86_64-linux-gnu/libpcl_stereo.so  
[3.296s] -- Found PCL_APPS: /usr/lib/x86_64-linux-gnu/libpcl_apps.so  
[3.297s] -- Found PCL_IN_HAND_SCANNER: /usr/include/pcl-1.12  
[3.297s] -- Found PCL_MODELER: /usr/include/pcl-1.12  
[3.299s] -- Found PCL_POINT_CLOUD_EDITOR: /usr/include/pcl-1.12  
[3.300s] -- Found PCL_OUTOFCORE: /usr/lib/x86_64-linux-gnu/libpcl_outofcore.so  
[3.301s] -- Found PCL_PEOPLE: /usr/lib/x86_64-linux-gnu/libpcl_people.so  
[3.321s] -- Found std_srvs: 4.2.3 (/opt/ros/humble/share/std_srvs/cmake)
[3.347s] -- Found ament_lint_auto: 0.12.10 (/opt/ros/humble/share/ament_lint_auto/cmake)
[3.442s] -- Added test 'copyright' to check source files copyright and LICENSE
[3.443s] -- Added test 'cppcheck' to perform static code analysis on C / C++ code
[3.443s] -- Configured cppcheck include dirs: 
[3.443s] -- Configured cppcheck exclude dirs and/or files: 
[3.444s] -- Added test 'cpplint' to check C / C++ code against the Google style
[3.444s] -- Configured cpplint exclude dirs and/or files: 
[3.444s] -- Added test 'lint_cmake' to check CMake code style
[3.445s] -- Added test 'uncrustify' to check C / C++ code style
[3.445s] -- Configured uncrustify additional arguments: 
[3.445s] -- Added test 'xmllint' to check XML markup files
[3.447s] -- Configuring done
[3.489s] -- Generating done
[3.492s] -- Build files have been written to: /home/deivideich/interbotix/interbotix_ws/interbotix_ws/build/interbotix_perception_pipelines
[3.507s] Invoked command in '/home/deivideich/interbotix/interbotix_ws/interbotix_ws/build/interbotix_perception_pipelines' returned '0': AMENT_PREFIX_PATH=/home/deivideich/interbotix/interbotix_ws/interbotix_ws/install/interbotix_xs_msgs:/home/deivideich/interbotix/interbotix_ws/interbotix_ws/install/interbotix_perception_msgs:/home/deivideich/interbotix/interbotix_ws/interbotix_ws/install/interbotix_common_modules:${AMENT_PREFIX_PATH} CMAKE_PREFIX_PATH=/home/deivideich/interbotix/interbotix_ws/interbotix_ws/install/interbotix_xs_msgs:/home/deivideich/interbotix/interbotix_ws/interbotix_ws/install/interbotix_perception_msgs:/opt/ros/humble LD_LIBRARY_PATH=/home/deivideich/interbotix/interbotix_ws/interbotix_ws/install/interbotix_xs_msgs/lib:/home/deivideich/interbotix/interbotix_ws/interbotix_ws/install/interbotix_perception_msgs/lib:${LD_LIBRARY_PATH} PYTHONPATH=/home/deivideich/interbotix/interbotix_ws/interbotix_ws/install/interbotix_xs_msgs/local/lib/python3.10/dist-packages:/home/deivideich/interbotix/interbotix_ws/interbotix_ws/install/interbotix_perception_msgs/local/lib/python3.10/dist-packages:/home/deivideich/interbotix/interbotix_ws/interbotix_ws/install/interbotix_common_modules/lib/python3.10/site-packages:${PYTHONPATH} /usr/bin/cmake /home/deivideich/interbotix/interbotix_ws/interbotix_ws/src/interbotix_ros_toolboxes/interbotix_perception_toolbox/interbotix_perception_pipelines -DCMAKE_INSTALL_PREFIX=/home/deivideich/interbotix/interbotix_ws/interbotix_ws/install/interbotix_perception_pipelines
[3.509s] Invoking command in '/home/deivideich/interbotix/interbotix_ws/interbotix_ws/build/interbotix_perception_pipelines': AMENT_PREFIX_PATH=/home/deivideich/interbotix/interbotix_ws/interbotix_ws/install/interbotix_xs_msgs:/home/deivideich/interbotix/interbotix_ws/interbotix_ws/install/interbotix_perception_msgs:/home/deivideich/interbotix/interbotix_ws/interbotix_ws/install/interbotix_common_modules:${AMENT_PREFIX_PATH} CMAKE_PREFIX_PATH=/home/deivideich/interbotix/interbotix_ws/interbotix_ws/install/interbotix_xs_msgs:/home/deivideich/interbotix/interbotix_ws/interbotix_ws/install/interbotix_perception_msgs:/opt/ros/humble LD_LIBRARY_PATH=/home/deivideich/interbotix/interbotix_ws/interbotix_ws/install/interbotix_xs_msgs/lib:/home/deivideich/interbotix/interbotix_ws/interbotix_ws/install/interbotix_perception_msgs/lib:${LD_LIBRARY_PATH} PYTHONPATH=/home/deivideich/interbotix/interbotix_ws/interbotix_ws/install/interbotix_xs_msgs/local/lib/python3.10/dist-packages:/home/deivideich/interbotix/interbotix_ws/interbotix_ws/install/interbotix_perception_msgs/local/lib/python3.10/dist-packages:/home/deivideich/interbotix/interbotix_ws/interbotix_ws/install/interbotix_common_modules/lib/python3.10/site-packages:${PYTHONPATH} /usr/bin/cmake --build /home/deivideich/interbotix/interbotix_ws/interbotix_ws/build/interbotix_perception_pipelines -- -j20 -l20
[3.540s] [ 50%] [32mBuilding CXX object CMakeFiles/pointcloud_pipeline.dir/src/pointcloud_pipeline.cpp.o[0m
[12.719s] [100%] [32m[1mLinking CXX executable pointcloud_pipeline[0m
[13.684s] [100%] Built target pointcloud_pipeline
[13.748s] Invoked command in '/home/deivideich/interbotix/interbotix_ws/interbotix_ws/build/interbotix_perception_pipelines' returned '0': AMENT_PREFIX_PATH=/home/deivideich/interbotix/interbotix_ws/interbotix_ws/install/interbotix_xs_msgs:/home/deivideich/interbotix/interbotix_ws/interbotix_ws/install/interbotix_perception_msgs:/home/deivideich/interbotix/interbotix_ws/interbotix_ws/install/interbotix_common_modules:${AMENT_PREFIX_PATH} CMAKE_PREFIX_PATH=/home/deivideich/interbotix/interbotix_ws/interbotix_ws/install/interbotix_xs_msgs:/home/deivideich/interbotix/interbotix_ws/interbotix_ws/install/interbotix_perception_msgs:/opt/ros/humble LD_LIBRARY_PATH=/home/deivideich/interbotix/interbotix_ws/interbotix_ws/install/interbotix_xs_msgs/lib:/home/deivideich/interbotix/interbotix_ws/interbotix_ws/install/interbotix_perception_msgs/lib:${LD_LIBRARY_PATH} PYTHONPATH=/home/deivideich/interbotix/interbotix_ws/interbotix_ws/install/interbotix_xs_msgs/local/lib/python3.10/dist-packages:/home/deivideich/interbotix/interbotix_ws/interbotix_ws/install/interbotix_perception_msgs/local/lib/python3.10/dist-packages:/home/deivideich/interbotix/interbotix_ws/interbotix_ws/install/interbotix_common_modules/lib/python3.10/site-packages:${PYTHONPATH} /usr/bin/cmake --build /home/deivideich/interbotix/interbotix_ws/interbotix_ws/build/interbotix_perception_pipelines -- -j20 -l20
[13.761s] Invoking command in '/home/deivideich/interbotix/interbotix_ws/interbotix_ws/build/interbotix_perception_pipelines': AMENT_PREFIX_PATH=/home/deivideich/interbotix/interbotix_ws/interbotix_ws/install/interbotix_xs_msgs:/home/deivideich/interbotix/interbotix_ws/interbotix_ws/install/interbotix_perception_msgs:/home/deivideich/interbotix/interbotix_ws/interbotix_ws/install/interbotix_common_modules:${AMENT_PREFIX_PATH} CMAKE_PREFIX_PATH=/home/deivideich/interbotix/interbotix_ws/interbotix_ws/install/interbotix_xs_msgs:/home/deivideich/interbotix/interbotix_ws/interbotix_ws/install/interbotix_perception_msgs:/opt/ros/humble LD_LIBRARY_PATH=/home/deivideich/interbotix/interbotix_ws/interbotix_ws/install/interbotix_xs_msgs/lib:/home/deivideich/interbotix/interbotix_ws/interbotix_ws/install/interbotix_perception_msgs/lib:${LD_LIBRARY_PATH} PYTHONPATH=/home/deivideich/interbotix/interbotix_ws/interbotix_ws/install/interbotix_xs_msgs/local/lib/python3.10/dist-packages:/home/deivideich/interbotix/interbotix_ws/interbotix_ws/install/interbotix_perception_msgs/local/lib/python3.10/dist-packages:/home/deivideich/interbotix/interbotix_ws/interbotix_ws/install/interbotix_common_modules/lib/python3.10/site-packages:${PYTHONPATH} /usr/bin/cmake --install /home/deivideich/interbotix/interbotix_ws/interbotix_ws/build/interbotix_perception_pipelines
[13.762s] -- Install configuration: ""
[13.762s] -- Installing: /home/deivideich/interbotix/interbotix_ws/interbotix_ws/install/interbotix_perception_pipelines/lib/interbotix_perception_pipelines/pointcloud_pipeline
[13.765s] -- Set runtime path of "/home/deivideich/interbotix/interbotix_ws/interbotix_ws/install/interbotix_perception_pipelines/lib/interbotix_perception_pipelines/pointcloud_pipeline" to ""
[13.765s] -- Installing: /home/deivideich/interbotix/interbotix_ws/interbotix_ws/install/interbotix_perception_pipelines/share/ament_index/resource_index/package_run_dependencies/interbotix_perception_pipelines
[13.765s] -- Installing: /home/deivideich/interbotix/interbotix_ws/interbotix_ws/install/interbotix_perception_pipelines/share/ament_index/resource_index/parent_prefix_path/interbotix_perception_pipelines
[13.765s] -- Installing: /home/deivideich/interbotix/interbotix_ws/interbotix_ws/install/interbotix_perception_pipelines/share/interbotix_perception_pipelines/environment/ament_prefix_path.sh
[13.766s] -- Installing: /home/deivideich/interbotix/interbotix_ws/interbotix_ws/install/interbotix_perception_pipelines/share/interbotix_perception_pipelines/environment/ament_prefix_path.dsv
[13.766s] -- Installing: /home/deivideich/interbotix/interbotix_ws/interbotix_ws/install/interbotix_perception_pipelines/share/interbotix_perception_pipelines/environment/path.sh
[13.766s] -- Installing: /home/deivideich/interbotix/interbotix_ws/interbotix_ws/install/interbotix_perception_pipelines/share/interbotix_perception_pipelines/environment/path.dsv
[13.766s] -- Installing: /home/deivideich/interbotix/interbotix_ws/interbotix_ws/install/interbotix_perception_pipelines/share/interbotix_perception_pipelines/local_setup.bash
[13.766s] -- Installing: /home/deivideich/interbotix/interbotix_ws/interbotix_ws/install/interbotix_perception_pipelines/share/interbotix_perception_pipelines/local_setup.sh
[13.766s] -- Installing: /home/deivideich/interbotix/interbotix_ws/interbotix_ws/install/interbotix_perception_pipelines/share/interbotix_perception_pipelines/local_setup.zsh
[13.766s] -- Installing: /home/deivideich/interbotix/interbotix_ws/interbotix_ws/install/interbotix_perception_pipelines/share/interbotix_perception_pipelines/local_setup.dsv
[13.766s] -- Installing: /home/deivideich/interbotix/interbotix_ws/interbotix_ws/install/interbotix_perception_pipelines/share/interbotix_perception_pipelines/package.dsv
[13.766s] -- Installing: /home/deivideich/interbotix/interbotix_ws/interbotix_ws/install/interbotix_perception_pipelines/share/ament_index/resource_index/packages/interbotix_perception_pipelines
[13.766s] -- Installing: /home/deivideich/interbotix/interbotix_ws/interbotix_ws/install/interbotix_perception_pipelines/share/interbotix_perception_pipelines/cmake/interbotix_perception_pipelinesConfig.cmake
[13.766s] -- Installing: /home/deivideich/interbotix/interbotix_ws/interbotix_ws/install/interbotix_perception_pipelines/share/interbotix_perception_pipelines/cmake/interbotix_perception_pipelinesConfig-version.cmake
[13.766s] -- Installing: /home/deivideich/interbotix/interbotix_ws/interbotix_ws/install/interbotix_perception_pipelines/share/interbotix_perception_pipelines/package.xml
[13.767s] Invoked command in '/home/deivideich/interbotix/interbotix_ws/interbotix_ws/build/interbotix_perception_pipelines' returned '0': AMENT_PREFIX_PATH=/home/deivideich/interbotix/interbotix_ws/interbotix_ws/install/interbotix_xs_msgs:/home/deivideich/interbotix/interbotix_ws/interbotix_ws/install/interbotix_perception_msgs:/home/deivideich/interbotix/interbotix_ws/interbotix_ws/install/interbotix_common_modules:${AMENT_PREFIX_PATH} CMAKE_PREFIX_PATH=/home/deivideich/interbotix/interbotix_ws/interbotix_ws/install/interbotix_xs_msgs:/home/deivideich/interbotix/interbotix_ws/interbotix_ws/install/interbotix_perception_msgs:/opt/ros/humble LD_LIBRARY_PATH=/home/deivideich/interbotix/interbotix_ws/interbotix_ws/install/interbotix_xs_msgs/lib:/home/deivideich/interbotix/interbotix_ws/interbotix_ws/install/interbotix_perception_msgs/lib:${LD_LIBRARY_PATH} PYTHONPATH=/home/deivideich/interbotix/interbotix_ws/interbotix_ws/install/interbotix_xs_msgs/local/lib/python3.10/dist-packages:/home/deivideich/interbotix/interbotix_ws/interbotix_ws/install/interbotix_perception_msgs/local/lib/python3.10/dist-packages:/home/deivideich/interbotix/interbotix_ws/interbotix_ws/install/interbotix_common_modules/lib/python3.10/site-packages:${PYTHONPATH} /usr/bin/cmake --install /home/deivideich/interbotix/interbotix_ws/interbotix_ws/build/interbotix_perception_pipelines
