[0.464s] Invoking command in '/home/deivideich/interbotix/interbotix_ws/interbotix_ws/src/interbotix_ros_toolboxes/interbotix_xs_toolbox/interbotix_xs_modules': AMENT_PREFIX_PATH=/home/deivideich/interbotix/interbotix_ws/interbotix_ws/install/interbotix_xs_sdk:/home/deivideich/interbotix/interbotix_ws/interbotix_ws/install/interbotix_xs_driver:/home/deivideich/interbotix/interbotix_ws/interbotix_ws/install/interbotix_xs_msgs:/home/deivideich/interbotix/interbotix_ws/interbotix_ws/install/interbotix_common_modules:/home/deivideich/interbotix/interbotix_ws/interbotix_ws/install/dynamixel_workbench_toolbox:${AMENT_PREFIX_PATH} CMAKE_PREFIX_PATH=/home/deivideich/interbotix/interbotix_ws/interbotix_ws/install/interbotix_xs_sdk:/home/deivideich/interbotix/interbotix_ws/interbotix_ws/install/interbotix_xs_driver:/home/deivideich/interbotix/interbotix_ws/interbotix_ws/install/interbotix_xs_msgs:/home/deivideich/interbotix/interbotix_ws/interbotix_ws/install/dynamixel_workbench_toolbox LD_LIBRARY_PATH=/home/deivideich/interbotix/interbotix_ws/interbotix_ws/install/interbotix_xs_driver/lib:/home/deivideich/interbotix/interbotix_ws/interbotix_ws/install/interbotix_xs_msgs/lib:/home/deivideich/interbotix/interbotix_ws/interbotix_ws/install/dynamixel_workbench_toolbox/lib:${LD_LIBRARY_PATH} PYTHONPATH=/home/deivideich/interbotix/interbotix_ws/interbotix_ws/build/interbotix_xs_modules/prefix_override:/home/deivideich/interbotix/interbotix_ws/interbotix_ws/install/interbotix_xs_modules/lib/python3.10/site-packages:/home/deivideich/interbotix/interbotix_ws/interbotix_ws/install/interbotix_xs_msgs/local/lib/python3.10/dist-packages:/home/deivideich/interbotix/interbotix_ws/interbotix_ws/install/interbotix_common_modules/lib/python3.10/site-packages:${PYTHONPATH} /usr/bin/python3 -W ignore:setup.py install is deprecated setup.py egg_info --egg-base ../../../../build/interbotix_xs_modules build --build-base /home/deivideich/interbotix/interbotix_ws/interbotix_ws/build/interbotix_xs_modules/build install --record /home/deivideich/interbotix/interbotix_ws/interbotix_ws/build/interbotix_xs_modules/install.log --single-version-externally-managed install_data
[0.600s] running egg_info
[0.600s] creating ../../../../build/interbotix_xs_modules/interbotix_xs_modules.egg-info
[0.600s] writing ../../../../build/interbotix_xs_modules/interbotix_xs_modules.egg-info/PKG-INFO
[0.600s] writing dependency_links to ../../../../build/interbotix_xs_modules/interbotix_xs_modules.egg-info/dependency_links.txt
[0.600s] writing entry points to ../../../../build/interbotix_xs_modules/interbotix_xs_modules.egg-info/entry_points.txt
[0.600s] writing requirements to ../../../../build/interbotix_xs_modules/interbotix_xs_modules.egg-info/requires.txt
[0.600s] writing top-level names to ../../../../build/interbotix_xs_modules/interbotix_xs_modules.egg-info/top_level.txt
[0.602s] writing manifest file '../../../../build/interbotix_xs_modules/interbotix_xs_modules.egg-info/SOURCES.txt'
[0.603s] reading manifest file '../../../../build/interbotix_xs_modules/interbotix_xs_modules.egg-info/SOURCES.txt'
[0.604s] writing manifest file '../../../../build/interbotix_xs_modules/interbotix_xs_modules.egg-info/SOURCES.txt'
[0.604s] running build
[0.604s] running build_py
[0.604s] creating /home/deivideich/interbotix/interbotix_ws/interbotix_ws/build/interbotix_xs_modules/build
[0.604s] creating /home/deivideich/interbotix/interbotix_ws/interbotix_ws/build/interbotix_xs_modules/build/lib
[0.604s] creating /home/deivideich/interbotix/interbotix_ws/interbotix_ws/build/interbotix_xs_modules/build/lib/interbotix_xs_modules
[0.604s] copying interbotix_xs_modules/__init__.py -> /home/deivideich/interbotix/interbotix_ws/interbotix_ws/build/interbotix_xs_modules/build/lib/interbotix_xs_modules
[0.604s] creating /home/deivideich/interbotix/interbotix_ws/interbotix_ws/build/interbotix_xs_modules/build/lib/interbotix_xs_modules/xs_robot
[0.604s] copying interbotix_xs_modules/xs_robot/__init__.py -> /home/deivideich/interbotix/interbotix_ws/interbotix_ws/build/interbotix_xs_modules/build/lib/interbotix_xs_modules/xs_robot
[0.604s] copying interbotix_xs_modules/xs_robot/hexapod.py -> /home/deivideich/interbotix/interbotix_ws/interbotix_ws/build/interbotix_xs_modules/build/lib/interbotix_xs_modules/xs_robot
[0.604s] copying interbotix_xs_modules/xs_robot/mr_descriptions.py -> /home/deivideich/interbotix/interbotix_ws/interbotix_ws/build/interbotix_xs_modules/build/lib/interbotix_xs_modules/xs_robot
[0.604s] copying interbotix_xs_modules/xs_robot/slate.py -> /home/deivideich/interbotix/interbotix_ws/interbotix_ws/build/interbotix_xs_modules/build/lib/interbotix_xs_modules/xs_robot
[0.604s] copying interbotix_xs_modules/xs_robot/core.py -> /home/deivideich/interbotix/interbotix_ws/interbotix_ws/build/interbotix_xs_modules/build/lib/interbotix_xs_modules/xs_robot
[0.605s] copying interbotix_xs_modules/xs_robot/turret.py -> /home/deivideich/interbotix/interbotix_ws/interbotix_ws/build/interbotix_xs_modules/build/lib/interbotix_xs_modules/xs_robot
[0.605s] copying interbotix_xs_modules/xs_robot/kobuki.py -> /home/deivideich/interbotix/interbotix_ws/interbotix_ws/build/interbotix_xs_modules/build/lib/interbotix_xs_modules/xs_robot
[0.605s] copying interbotix_xs_modules/xs_robot/gripper.py -> /home/deivideich/interbotix/interbotix_ws/interbotix_ws/build/interbotix_xs_modules/build/lib/interbotix_xs_modules/xs_robot
[0.605s] copying interbotix_xs_modules/xs_robot/arm.py -> /home/deivideich/interbotix/interbotix_ws/interbotix_ws/build/interbotix_xs_modules/build/lib/interbotix_xs_modules/xs_robot
[0.605s] copying interbotix_xs_modules/xs_robot/mobile_base.py -> /home/deivideich/interbotix/interbotix_ws/interbotix_ws/build/interbotix_xs_modules/build/lib/interbotix_xs_modules/xs_robot
[0.605s] copying interbotix_xs_modules/xs_robot/locobot.py -> /home/deivideich/interbotix/interbotix_ws/interbotix_ws/build/interbotix_xs_modules/build/lib/interbotix_xs_modules/xs_robot
[0.605s] copying interbotix_xs_modules/xs_robot/create3.py -> /home/deivideich/interbotix/interbotix_ws/interbotix_ws/build/interbotix_xs_modules/build/lib/interbotix_xs_modules/xs_robot
[0.605s] creating /home/deivideich/interbotix/interbotix_ws/interbotix_ws/build/interbotix_xs_modules/build/lib/interbotix_xs_modules/xs_launch
[0.605s] copying interbotix_xs_modules/xs_launch/__init__.py -> /home/deivideich/interbotix/interbotix_ws/interbotix_ws/build/interbotix_xs_modules/build/lib/interbotix_xs_modules/xs_launch
[0.605s] copying interbotix_xs_modules/xs_launch/xs_launch.py -> /home/deivideich/interbotix/interbotix_ws/interbotix_ws/build/interbotix_xs_modules/build/lib/interbotix_xs_modules/xs_launch
[0.605s] creating /home/deivideich/interbotix/interbotix_ws/interbotix_ws/build/interbotix_xs_modules/build/lib/interbotix_xs_modules/xs_common
[0.605s] copying interbotix_xs_modules/xs_common/__init__.py -> /home/deivideich/interbotix/interbotix_ws/interbotix_ws/build/interbotix_xs_modules/build/lib/interbotix_xs_modules/xs_common
[0.605s] copying interbotix_xs_modules/xs_common/xs_common.py -> /home/deivideich/interbotix/interbotix_ws/interbotix_ws/build/interbotix_xs_modules/build/lib/interbotix_xs_modules/xs_common
[0.605s] running install
[0.605s] running install_lib
[0.606s] creating /home/deivideich/interbotix/interbotix_ws/interbotix_ws/install/interbotix_xs_modules/lib/python3.10/site-packages/interbotix_xs_modules
[0.606s] creating /home/deivideich/interbotix/interbotix_ws/interbotix_ws/install/interbotix_xs_modules/lib/python3.10/site-packages/interbotix_xs_modules/xs_robot
[0.606s] copying /home/deivideich/interbotix/interbotix_ws/interbotix_ws/build/interbotix_xs_modules/build/lib/interbotix_xs_modules/xs_robot/__init__.py -> /home/deivideich/interbotix/interbotix_ws/interbotix_ws/install/interbotix_xs_modules/lib/python3.10/site-packages/interbotix_xs_modules/xs_robot
[0.606s] copying /home/deivideich/interbotix/interbotix_ws/interbotix_ws/build/interbotix_xs_modules/build/lib/interbotix_xs_modules/xs_robot/hexapod.py -> /home/deivideich/interbotix/interbotix_ws/interbotix_ws/install/interbotix_xs_modules/lib/python3.10/site-packages/interbotix_xs_modules/xs_robot
[0.606s] copying /home/deivideich/interbotix/interbotix_ws/interbotix_ws/build/interbotix_xs_modules/build/lib/interbotix_xs_modules/xs_robot/mr_descriptions.py -> /home/deivideich/interbotix/interbotix_ws/interbotix_ws/install/interbotix_xs_modules/lib/python3.10/site-packages/interbotix_xs_modules/xs_robot
[0.606s] copying /home/deivideich/interbotix/interbotix_ws/interbotix_ws/build/interbotix_xs_modules/build/lib/interbotix_xs_modules/xs_robot/slate.py -> /home/deivideich/interbotix/interbotix_ws/interbotix_ws/install/interbotix_xs_modules/lib/python3.10/site-packages/interbotix_xs_modules/xs_robot
[0.606s] copying /home/deivideich/interbotix/interbotix_ws/interbotix_ws/build/interbotix_xs_modules/build/lib/interbotix_xs_modules/xs_robot/core.py -> /home/deivideich/interbotix/interbotix_ws/interbotix_ws/install/interbotix_xs_modules/lib/python3.10/site-packages/interbotix_xs_modules/xs_robot
[0.606s] copying /home/deivideich/interbotix/interbotix_ws/interbotix_ws/build/interbotix_xs_modules/build/lib/interbotix_xs_modules/xs_robot/turret.py -> /home/deivideich/interbotix/interbotix_ws/interbotix_ws/install/interbotix_xs_modules/lib/python3.10/site-packages/interbotix_xs_modules/xs_robot
[0.606s] copying /home/deivideich/interbotix/interbotix_ws/interbotix_ws/build/interbotix_xs_modules/build/lib/interbotix_xs_modules/xs_robot/kobuki.py -> /home/deivideich/interbotix/interbotix_ws/interbotix_ws/install/interbotix_xs_modules/lib/python3.10/site-packages/interbotix_xs_modules/xs_robot
[0.606s] copying /home/deivideich/interbotix/interbotix_ws/interbotix_ws/build/interbotix_xs_modules/build/lib/interbotix_xs_modules/xs_robot/gripper.py -> /home/deivideich/interbotix/interbotix_ws/interbotix_ws/install/interbotix_xs_modules/lib/python3.10/site-packages/interbotix_xs_modules/xs_robot
[0.606s] copying /home/deivideich/interbotix/interbotix_ws/interbotix_ws/build/interbotix_xs_modules/build/lib/interbotix_xs_modules/xs_robot/arm.py -> /home/deivideich/interbotix/interbotix_ws/interbotix_ws/install/interbotix_xs_modules/lib/python3.10/site-packages/interbotix_xs_modules/xs_robot
[0.607s] copying /home/deivideich/interbotix/interbotix_ws/interbotix_ws/build/interbotix_xs_modules/build/lib/interbotix_xs_modules/xs_robot/mobile_base.py -> /home/deivideich/interbotix/interbotix_ws/interbotix_ws/install/interbotix_xs_modules/lib/python3.10/site-packages/interbotix_xs_modules/xs_robot
[0.607s] copying /home/deivideich/interbotix/interbotix_ws/interbotix_ws/build/interbotix_xs_modules/build/lib/interbotix_xs_modules/xs_robot/locobot.py -> /home/deivideich/interbotix/interbotix_ws/interbotix_ws/install/interbotix_xs_modules/lib/python3.10/site-packages/interbotix_xs_modules/xs_robot
[0.607s] copying /home/deivideich/interbotix/interbotix_ws/interbotix_ws/build/interbotix_xs_modules/build/lib/interbotix_xs_modules/xs_robot/create3.py -> /home/deivideich/interbotix/interbotix_ws/interbotix_ws/install/interbotix_xs_modules/lib/python3.10/site-packages/interbotix_xs_modules/xs_robot
[0.607s] copying /home/deivideich/interbotix/interbotix_ws/interbotix_ws/build/interbotix_xs_modules/build/lib/interbotix_xs_modules/__init__.py -> /home/deivideich/interbotix/interbotix_ws/interbotix_ws/install/interbotix_xs_modules/lib/python3.10/site-packages/interbotix_xs_modules
[0.607s] creating /home/deivideich/interbotix/interbotix_ws/interbotix_ws/install/interbotix_xs_modules/lib/python3.10/site-packages/interbotix_xs_modules/xs_launch
[0.607s] copying /home/deivideich/interbotix/interbotix_ws/interbotix_ws/build/interbotix_xs_modules/build/lib/interbotix_xs_modules/xs_launch/__init__.py -> /home/deivideich/interbotix/interbotix_ws/interbotix_ws/install/interbotix_xs_modules/lib/python3.10/site-packages/interbotix_xs_modules/xs_launch
[0.607s] copying /home/deivideich/interbotix/interbotix_ws/interbotix_ws/build/interbotix_xs_modules/build/lib/interbotix_xs_modules/xs_launch/xs_launch.py -> /home/deivideich/interbotix/interbotix_ws/interbotix_ws/install/interbotix_xs_modules/lib/python3.10/site-packages/interbotix_xs_modules/xs_launch
[0.607s] creating /home/deivideich/interbotix/interbotix_ws/interbotix_ws/install/interbotix_xs_modules/lib/python3.10/site-packages/interbotix_xs_modules/xs_common
[0.607s] copying /home/deivideich/interbotix/interbotix_ws/interbotix_ws/build/interbotix_xs_modules/build/lib/interbotix_xs_modules/xs_common/__init__.py -> /home/deivideich/interbotix/interbotix_ws/interbotix_ws/install/interbotix_xs_modules/lib/python3.10/site-packages/interbotix_xs_modules/xs_common
[0.607s] copying /home/deivideich/interbotix/interbotix_ws/interbotix_ws/build/interbotix_xs_modules/build/lib/interbotix_xs_modules/xs_common/xs_common.py -> /home/deivideich/interbotix/interbotix_ws/interbotix_ws/install/interbotix_xs_modules/lib/python3.10/site-packages/interbotix_xs_modules/xs_common
[0.607s] byte-compiling /home/deivideich/interbotix/interbotix_ws/interbotix_ws/install/interbotix_xs_modules/lib/python3.10/site-packages/interbotix_xs_modules/xs_robot/__init__.py to __init__.cpython-310.pyc
[0.607s] byte-compiling /home/deivideich/interbotix/interbotix_ws/interbotix_ws/install/interbotix_xs_modules/lib/python3.10/site-packages/interbotix_xs_modules/xs_robot/hexapod.py to hexapod.cpython-310.pyc
[0.611s] byte-compiling /home/deivideich/interbotix/interbotix_ws/interbotix_ws/install/interbotix_xs_modules/lib/python3.10/site-packages/interbotix_xs_modules/xs_robot/mr_descriptions.py to mr_descriptions.cpython-310.pyc
[0.612s] byte-compiling /home/deivideich/interbotix/interbotix_ws/interbotix_ws/install/interbotix_xs_modules/lib/python3.10/site-packages/interbotix_xs_modules/xs_robot/slate.py to slate.cpython-310.pyc
[0.612s] byte-compiling /home/deivideich/interbotix/interbotix_ws/interbotix_ws/install/interbotix_xs_modules/lib/python3.10/site-packages/interbotix_xs_modules/xs_robot/core.py to core.cpython-310.pyc
[0.613s] byte-compiling /home/deivideich/interbotix/interbotix_ws/interbotix_ws/install/interbotix_xs_modules/lib/python3.10/site-packages/interbotix_xs_modules/xs_robot/turret.py to turret.cpython-310.pyc
[0.614s] byte-compiling /home/deivideich/interbotix/interbotix_ws/interbotix_ws/install/interbotix_xs_modules/lib/python3.10/site-packages/interbotix_xs_modules/xs_robot/kobuki.py to kobuki.cpython-310.pyc
[0.615s] byte-compiling /home/deivideich/interbotix/interbotix_ws/interbotix_ws/install/interbotix_xs_modules/lib/python3.10/site-packages/interbotix_xs_modules/xs_robot/gripper.py to gripper.cpython-310.pyc
[0.615s] byte-compiling /home/deivideich/interbotix/interbotix_ws/interbotix_ws/install/interbotix_xs_modules/lib/python3.10/site-packages/interbotix_xs_modules/xs_robot/arm.py to arm.cpython-310.pyc
[0.617s] byte-compiling /home/deivideich/interbotix/interbotix_ws/interbotix_ws/install/interbotix_xs_modules/lib/python3.10/site-packages/interbotix_xs_modules/xs_robot/mobile_base.py to mobile_base.cpython-310.pyc
[0.618s] byte-compiling /home/deivideich/interbotix/interbotix_ws/interbotix_ws/install/interbotix_xs_modules/lib/python3.10/site-packages/interbotix_xs_modules/xs_robot/locobot.py to locobot.cpython-310.pyc
[0.618s] byte-compiling /home/deivideich/interbotix/interbotix_ws/interbotix_ws/install/interbotix_xs_modules/lib/python3.10/site-packages/interbotix_xs_modules/xs_robot/create3.py to create3.cpython-310.pyc
[0.619s] byte-compiling /home/deivideich/interbotix/interbotix_ws/interbotix_ws/install/interbotix_xs_modules/lib/python3.10/site-packages/interbotix_xs_modules/__init__.py to __init__.cpython-310.pyc
[0.620s] byte-compiling /home/deivideich/interbotix/interbotix_ws/interbotix_ws/install/interbotix_xs_modules/lib/python3.10/site-packages/interbotix_xs_modules/xs_launch/__init__.py to __init__.cpython-310.pyc
[0.620s] byte-compiling /home/deivideich/interbotix/interbotix_ws/interbotix_ws/install/interbotix_xs_modules/lib/python3.10/site-packages/interbotix_xs_modules/xs_launch/xs_launch.py to xs_launch.cpython-310.pyc
[0.621s] byte-compiling /home/deivideich/interbotix/interbotix_ws/interbotix_ws/install/interbotix_xs_modules/lib/python3.10/site-packages/interbotix_xs_modules/xs_common/__init__.py to __init__.cpython-310.pyc
[0.621s] byte-compiling /home/deivideich/interbotix/interbotix_ws/interbotix_ws/install/interbotix_xs_modules/lib/python3.10/site-packages/interbotix_xs_modules/xs_common/xs_common.py to xs_common.cpython-310.pyc
[0.621s] running install_data
[0.621s] creating /home/deivideich/interbotix/interbotix_ws/interbotix_ws/install/interbotix_xs_modules/share/ament_index
[0.621s] creating /home/deivideich/interbotix/interbotix_ws/interbotix_ws/install/interbotix_xs_modules/share/ament_index/resource_index
[0.621s] creating /home/deivideich/interbotix/interbotix_ws/interbotix_ws/install/interbotix_xs_modules/share/ament_index/resource_index/packages
[0.621s] copying resource/interbotix_xs_modules -> /home/deivideich/interbotix/interbotix_ws/interbotix_ws/install/interbotix_xs_modules/share/ament_index/resource_index/packages
[0.621s] copying package.xml -> /home/deivideich/interbotix/interbotix_ws/interbotix_ws/install/interbotix_xs_modules/share/interbotix_xs_modules
[0.622s] running install_egg_info
[0.622s] Copying ../../../../build/interbotix_xs_modules/interbotix_xs_modules.egg-info to /home/deivideich/interbotix/interbotix_ws/interbotix_ws/install/interbotix_xs_modules/lib/python3.10/site-packages/interbotix_xs_modules-0.0.0-py3.10.egg-info
[0.622s] running install_scripts
[0.634s] writing list of installed files to '/home/deivideich/interbotix/interbotix_ws/interbotix_ws/build/interbotix_xs_modules/install.log'
[0.651s] Invoked command in '/home/deivideich/interbotix/interbotix_ws/interbotix_ws/src/interbotix_ros_toolboxes/interbotix_xs_toolbox/interbotix_xs_modules' returned '0': AMENT_PREFIX_PATH=/home/deivideich/interbotix/interbotix_ws/interbotix_ws/install/interbotix_xs_sdk:/home/deivideich/interbotix/interbotix_ws/interbotix_ws/install/interbotix_xs_driver:/home/deivideich/interbotix/interbotix_ws/interbotix_ws/install/interbotix_xs_msgs:/home/deivideich/interbotix/interbotix_ws/interbotix_ws/install/interbotix_common_modules:/home/deivideich/interbotix/interbotix_ws/interbotix_ws/install/dynamixel_workbench_toolbox:${AMENT_PREFIX_PATH} CMAKE_PREFIX_PATH=/home/deivideich/interbotix/interbotix_ws/interbotix_ws/install/interbotix_xs_sdk:/home/deivideich/interbotix/interbotix_ws/interbotix_ws/install/interbotix_xs_driver:/home/deivideich/interbotix/interbotix_ws/interbotix_ws/install/interbotix_xs_msgs:/home/deivideich/interbotix/interbotix_ws/interbotix_ws/install/dynamixel_workbench_toolbox LD_LIBRARY_PATH=/home/deivideich/interbotix/interbotix_ws/interbotix_ws/install/interbotix_xs_driver/lib:/home/deivideich/interbotix/interbotix_ws/interbotix_ws/install/interbotix_xs_msgs/lib:/home/deivideich/interbotix/interbotix_ws/interbotix_ws/install/dynamixel_workbench_toolbox/lib:${LD_LIBRARY_PATH} PYTHONPATH=/home/deivideich/interbotix/interbotix_ws/interbotix_ws/build/interbotix_xs_modules/prefix_override:/home/deivideich/interbotix/interbotix_ws/interbotix_ws/install/interbotix_xs_modules/lib/python3.10/site-packages:/home/deivideich/interbotix/interbotix_ws/interbotix_ws/install/interbotix_xs_msgs/local/lib/python3.10/dist-packages:/home/deivideich/interbotix/interbotix_ws/interbotix_ws/install/interbotix_common_modules/lib/python3.10/site-packages:${PYTHONPATH} /usr/bin/python3 -W ignore:setup.py install is deprecated setup.py egg_info --egg-base ../../../../build/interbotix_xs_modules build --build-base /home/deivideich/interbotix/interbotix_ws/interbotix_ws/build/interbotix_xs_modules/build install --record /home/deivideich/interbotix/interbotix_ws/interbotix_ws/build/interbotix_xs_modules/install.log --single-version-externally-managed install_data
