[0.006s] Invoking command in '/home/deivideich/interbotix/interbotix_ws/interbotix_ws/build/interbotix_xs_driver': AMENT_PREFIX_PATH=/home/deivideich/interbotix/interbotix_ws/interbotix_ws/install/dynamixel_workbench_toolbox:${AMENT_PREFIX_PATH} CMAKE_PREFIX_PATH=/home/deivideich/interbotix/interbotix_ws/interbotix_ws/install/dynamixel_workbench_toolbox:/opt/ros/humble LD_LIBRARY_PATH=/home/deivideich/interbotix/interbotix_ws/interbotix_ws/install/dynamixel_workbench_toolbox/lib:${LD_LIBRARY_PATH} /usr/bin/cmake /home/deivideich/interbotix/interbotix_ws/interbotix_ws/src/interbotix_ros_core/interbotix_ros_xseries/interbotix_xs_driver -DCMAKE_INSTALL_PREFIX=/home/deivideich/interbotix/interbotix_ws/interbotix_ws/install/interbotix_xs_driver
[0.047s] -- The CXX compiler identification is GNU 11.4.0
[0.053s] -- Detecting CXX compiler ABI info
[0.094s] -- Detecting CXX compiler ABI info - done
[0.101s] -- Check for working CXX compiler: /usr/bin/c++ - skipped
[0.102s] -- Detecting CXX compile features
[0.102s] -- Detecting CXX compile features - done
[0.103s] -- Found dynamixel_workbench_toolbox: 2.2.2 (/home/deivideich/interbotix/interbotix_ws/interbotix_ws/install/dynamixel_workbench_toolbox/share/dynamixel_workbench_toolbox/cmake)
[0.190s] -- Found Python3: /usr/bin/python3 (found version "3.10.12") found components: Interpreter 
[0.324s] -- Found rosidl_generator_c: 3.1.5 (/opt/ros/humble/share/rosidl_generator_c/cmake)
[0.330s] -- Found rosidl_adapter: 3.1.5 (/opt/ros/humble/share/rosidl_adapter/cmake)
[0.341s] -- Found rosidl_generator_cpp: 3.1.5 (/opt/ros/humble/share/rosidl_generator_cpp/cmake)
[0.354s] -- Using all available rosidl_typesupport_c: rosidl_typesupport_fastrtps_c;rosidl_typesupport_introspection_c
[0.368s] -- Using all available rosidl_typesupport_cpp: rosidl_typesupport_fastrtps_cpp;rosidl_typesupport_introspection_cpp
[0.417s] -- Found rmw_implementation_cmake: 6.1.1 (/opt/ros/humble/share/rmw_implementation_cmake/cmake)
[0.419s] -- Found rmw_fastrtps_cpp: 6.2.6 (/opt/ros/humble/share/rmw_fastrtps_cpp/cmake)
[0.481s] -- Found OpenSSL: /usr/lib/x86_64-linux-gnu/libcrypto.so (found version "3.0.2")  
[0.502s] -- Found FastRTPS: /opt/ros/humble/include  
[0.538s] -- Using RMW implementation 'rmw_fastrtps_cpp' as default
[0.546s] -- Performing Test CMAKE_HAVE_LIBC_PTHREAD
[0.596s] -- Performing Test CMAKE_HAVE_LIBC_PTHREAD - Success
[0.597s] -- Found Threads: TRUE  
[0.757s] -- Found ament_lint_auto: 0.12.10 (/opt/ros/humble/share/ament_lint_auto/cmake)
[0.817s] -- Added test 'copyright' to check source files copyright and LICENSE
[0.818s] -- Added test 'cppcheck' to perform static code analysis on C / C++ code
[0.818s] -- Configured cppcheck include dirs: /home/deivideich/interbotix/interbotix_ws/interbotix_ws/src/interbotix_ros_core/interbotix_ros_xseries/interbotix_xs_driver/include;$<BUILD_INTERFACE:/home/deivideich/interbotix/interbotix_ws/interbotix_ws/src/interbotix_ros_core/interbotix_ros_xseries/interbotix_xs_driver/include>
[0.819s] -- Configured cppcheck exclude dirs and/or files: 
[0.819s] -- Added test 'cpplint' to check C / C++ code against the Google style
[0.819s] -- Configured cpplint exclude dirs and/or files: 
[0.820s] -- Added test 'lint_cmake' to check CMake code style
[0.821s] -- Added test 'uncrustify' to check C / C++ code style
[0.821s] -- Configured uncrustify additional arguments: 
[0.821s] -- Added test 'xmllint' to check XML markup files
[0.823s] -- Configuring done
[0.832s] -- Generating done
[0.834s] -- Build files have been written to: /home/deivideich/interbotix/interbotix_ws/interbotix_ws/build/interbotix_xs_driver
[0.840s] Invoked command in '/home/deivideich/interbotix/interbotix_ws/interbotix_ws/build/interbotix_xs_driver' returned '0': AMENT_PREFIX_PATH=/home/deivideich/interbotix/interbotix_ws/interbotix_ws/install/dynamixel_workbench_toolbox:${AMENT_PREFIX_PATH} CMAKE_PREFIX_PATH=/home/deivideich/interbotix/interbotix_ws/interbotix_ws/install/dynamixel_workbench_toolbox:/opt/ros/humble LD_LIBRARY_PATH=/home/deivideich/interbotix/interbotix_ws/interbotix_ws/install/dynamixel_workbench_toolbox/lib:${LD_LIBRARY_PATH} /usr/bin/cmake /home/deivideich/interbotix/interbotix_ws/interbotix_ws/src/interbotix_ros_core/interbotix_ros_xseries/interbotix_xs_driver -DCMAKE_INSTALL_PREFIX=/home/deivideich/interbotix/interbotix_ws/interbotix_ws/install/interbotix_xs_driver
[0.842s] Invoking command in '/home/deivideich/interbotix/interbotix_ws/interbotix_ws/build/interbotix_xs_driver': AMENT_PREFIX_PATH=/home/deivideich/interbotix/interbotix_ws/interbotix_ws/install/dynamixel_workbench_toolbox:${AMENT_PREFIX_PATH} CMAKE_PREFIX_PATH=/home/deivideich/interbotix/interbotix_ws/interbotix_ws/install/dynamixel_workbench_toolbox:/opt/ros/humble LD_LIBRARY_PATH=/home/deivideich/interbotix/interbotix_ws/interbotix_ws/install/dynamixel_workbench_toolbox/lib:${LD_LIBRARY_PATH} /usr/bin/cmake --build /home/deivideich/interbotix/interbotix_ws/interbotix_ws/build/interbotix_xs_driver -- -j20 -l20
[0.871s] [ 66%] [32mBuilding CXX object CMakeFiles/interbotix_xs_driver.dir/src/xs_driver.cpp.o[0m
[0.871s] [ 66%] [32mBuilding CXX object CMakeFiles/interbotix_xs_driver.dir/src/xs_logging.cpp.o[0m
[3.249s] [100%] [32m[1mLinking CXX shared library libinterbotix_xs_driver.so[0m
[3.472s] [100%] Built target interbotix_xs_driver
[3.496s] Invoked command in '/home/deivideich/interbotix/interbotix_ws/interbotix_ws/build/interbotix_xs_driver' returned '0': AMENT_PREFIX_PATH=/home/deivideich/interbotix/interbotix_ws/interbotix_ws/install/dynamixel_workbench_toolbox:${AMENT_PREFIX_PATH} CMAKE_PREFIX_PATH=/home/deivideich/interbotix/interbotix_ws/interbotix_ws/install/dynamixel_workbench_toolbox:/opt/ros/humble LD_LIBRARY_PATH=/home/deivideich/interbotix/interbotix_ws/interbotix_ws/install/dynamixel_workbench_toolbox/lib:${LD_LIBRARY_PATH} /usr/bin/cmake --build /home/deivideich/interbotix/interbotix_ws/interbotix_ws/build/interbotix_xs_driver -- -j20 -l20
[3.626s] Invoking command in '/home/deivideich/interbotix/interbotix_ws/interbotix_ws/build/interbotix_xs_driver': AMENT_PREFIX_PATH=/home/deivideich/interbotix/interbotix_ws/interbotix_ws/install/dynamixel_workbench_toolbox:${AMENT_PREFIX_PATH} CMAKE_PREFIX_PATH=/home/deivideich/interbotix/interbotix_ws/interbotix_ws/install/dynamixel_workbench_toolbox:/opt/ros/humble LD_LIBRARY_PATH=/home/deivideich/interbotix/interbotix_ws/interbotix_ws/install/dynamixel_workbench_toolbox/lib:${LD_LIBRARY_PATH} /usr/bin/cmake --install /home/deivideich/interbotix/interbotix_ws/interbotix_ws/build/interbotix_xs_driver
[3.630s] -- Install configuration: ""
[3.630s] -- Installing: /home/deivideich/interbotix/interbotix_ws/interbotix_ws/install/interbotix_xs_driver/lib/libinterbotix_xs_driver.so
[3.632s] -- Set runtime path of "/home/deivideich/interbotix/interbotix_ws/interbotix_ws/install/interbotix_xs_driver/lib/libinterbotix_xs_driver.so" to ""
[3.632s] -- Installing: /home/deivideich/interbotix/interbotix_ws/interbotix_ws/install/interbotix_xs_driver/include/interbotix_xs_driver/version.hpp
[3.632s] -- Up-to-date: /home/deivideich/interbotix/interbotix_ws/interbotix_ws/install/interbotix_xs_driver/include/interbotix_xs_driver
[3.633s] -- Installing: /home/deivideich/interbotix/interbotix_ws/interbotix_ws/install/interbotix_xs_driver/include/interbotix_xs_driver/xs_logging.hpp
[3.633s] -- Installing: /home/deivideich/interbotix/interbotix_ws/interbotix_ws/install/interbotix_xs_driver/include/interbotix_xs_driver/xs_driver.hpp
[3.633s] -- Installing: /home/deivideich/interbotix/interbotix_ws/interbotix_ws/install/interbotix_xs_driver/include/interbotix_xs_driver/xs_common.hpp
[3.633s] -- Installing: /home/deivideich/interbotix/interbotix_ws/interbotix_ws/install/interbotix_xs_driver/share/interbotix_xs_driver/package.xml
[3.633s] -- Installing: /home/deivideich/interbotix/interbotix_ws/interbotix_ws/install/interbotix_xs_driver/share/ament_index/resource_index/package_run_dependencies/interbotix_xs_driver
[3.633s] -- Installing: /home/deivideich/interbotix/interbotix_ws/interbotix_ws/install/interbotix_xs_driver/share/ament_index/resource_index/parent_prefix_path/interbotix_xs_driver
[3.633s] -- Installing: /home/deivideich/interbotix/interbotix_ws/interbotix_ws/install/interbotix_xs_driver/share/interbotix_xs_driver/environment/ament_prefix_path.sh
[3.634s] -- Installing: /home/deivideich/interbotix/interbotix_ws/interbotix_ws/install/interbotix_xs_driver/share/interbotix_xs_driver/environment/ament_prefix_path.dsv
[3.634s] -- Installing: /home/deivideich/interbotix/interbotix_ws/interbotix_ws/install/interbotix_xs_driver/share/interbotix_xs_driver/environment/path.sh
[3.634s] -- Installing: /home/deivideich/interbotix/interbotix_ws/interbotix_ws/install/interbotix_xs_driver/share/interbotix_xs_driver/environment/path.dsv
[3.634s] -- Installing: /home/deivideich/interbotix/interbotix_ws/interbotix_ws/install/interbotix_xs_driver/share/interbotix_xs_driver/local_setup.bash
[3.634s] -- Installing: /home/deivideich/interbotix/interbotix_ws/interbotix_ws/install/interbotix_xs_driver/share/interbotix_xs_driver/local_setup.sh
[3.634s] -- Installing: /home/deivideich/interbotix/interbotix_ws/interbotix_ws/install/interbotix_xs_driver/share/interbotix_xs_driver/local_setup.zsh
[3.635s] -- Installing: /home/deivideich/interbotix/interbotix_ws/interbotix_ws/install/interbotix_xs_driver/share/interbotix_xs_driver/local_setup.dsv
[3.635s] -- Installing: /home/deivideich/interbotix/interbotix_ws/interbotix_ws/install/interbotix_xs_driver/share/interbotix_xs_driver/package.dsv
[3.635s] -- Installing: /home/deivideich/interbotix/interbotix_ws/interbotix_ws/install/interbotix_xs_driver/share/ament_index/resource_index/packages/interbotix_xs_driver
[3.635s] -- Installing: /home/deivideich/interbotix/interbotix_ws/interbotix_ws/install/interbotix_xs_driver/share/interbotix_xs_driver/cmake/export_interbotix_xs_driverExport.cmake
[3.636s] -- Installing: /home/deivideich/interbotix/interbotix_ws/interbotix_ws/install/interbotix_xs_driver/share/interbotix_xs_driver/cmake/export_interbotix_xs_driverExport-noconfig.cmake
[3.636s] -- Installing: /home/deivideich/interbotix/interbotix_ws/interbotix_ws/install/interbotix_xs_driver/share/interbotix_xs_driver/cmake/ament_cmake_export_dependencies-extras.cmake
[3.636s] -- Installing: /home/deivideich/interbotix/interbotix_ws/interbotix_ws/install/interbotix_xs_driver/share/interbotix_xs_driver/cmake/ament_cmake_export_targets-extras.cmake
[3.636s] -- Installing: /home/deivideich/interbotix/interbotix_ws/interbotix_ws/install/interbotix_xs_driver/share/interbotix_xs_driver/cmake/interbotix_xs_driverConfig.cmake
[3.637s] -- Installing: /home/deivideich/interbotix/interbotix_ws/interbotix_ws/install/interbotix_xs_driver/share/interbotix_xs_driver/cmake/interbotix_xs_driverConfig-version.cmake
[3.637s] -- Up-to-date: /home/deivideich/interbotix/interbotix_ws/interbotix_ws/install/interbotix_xs_driver/share/interbotix_xs_driver/package.xml
[3.645s] Invoked command in '/home/deivideich/interbotix/interbotix_ws/interbotix_ws/build/interbotix_xs_driver' returned '0': AMENT_PREFIX_PATH=/home/deivideich/interbotix/interbotix_ws/interbotix_ws/install/dynamixel_workbench_toolbox:${AMENT_PREFIX_PATH} CMAKE_PREFIX_PATH=/home/deivideich/interbotix/interbotix_ws/interbotix_ws/install/dynamixel_workbench_toolbox:/opt/ros/humble LD_LIBRARY_PATH=/home/deivideich/interbotix/interbotix_ws/interbotix_ws/install/dynamixel_workbench_toolbox/lib:${LD_LIBRARY_PATH} /usr/bin/cmake --install /home/deivideich/interbotix/interbotix_ws/interbotix_ws/build/interbotix_xs_driver
