[0.012s] Invoking command in '/home/deivideich/interbotix/interbotix_ws/interbotix_ws/build/interbotix_xs_sdk': AMENT_PREFIX_PATH=/home/deivideich/interbotix/interbotix_ws/interbotix_ws/install/interbotix_xs_driver:/home/deivideich/interbotix/interbotix_ws/interbotix_ws/install/interbotix_xs_msgs:/home/deivideich/interbotix/interbotix_ws/interbotix_ws/install/dynamixel_workbench_toolbox:${AMENT_PREFIX_PATH} CMAKE_PREFIX_PATH=/home/deivideich/interbotix/interbotix_ws/interbotix_ws/install/interbotix_xs_driver:/home/deivideich/interbotix/interbotix_ws/interbotix_ws/install/interbotix_xs_msgs:/home/deivideich/interbotix/interbotix_ws/interbotix_ws/install/dynamixel_workbench_toolbox:/opt/ros/humble LD_LIBRARY_PATH=/home/deivideich/interbotix/interbotix_ws/interbotix_ws/install/interbotix_xs_driver/lib:/home/deivideich/interbotix/interbotix_ws/interbotix_ws/install/interbotix_xs_msgs/lib:/home/deivideich/interbotix/interbotix_ws/interbotix_ws/install/dynamixel_workbench_toolbox/lib:${LD_LIBRARY_PATH} PYTHONPATH=/home/deivideich/interbotix/interbotix_ws/interbotix_ws/install/interbotix_xs_msgs/local/lib/python3.10/dist-packages:${PYTHONPATH} /usr/bin/cmake /home/deivideich/interbotix/interbotix_ws/interbotix_ws/src/interbotix_ros_core/interbotix_ros_xseries/interbotix_xs_sdk -DCMAKE_INSTALL_PREFIX=/home/deivideich/interbotix/interbotix_ws/interbotix_ws/install/interbotix_xs_sdk
[0.043s] -- The C compiler identification is GNU 11.4.0
[0.079s] -- The CXX compiler identification is GNU 11.4.0
[0.086s] -- Detecting C compiler ABI info
[0.118s] -- Detecting C compiler ABI info - done
[0.126s] -- Check for working C compiler: /usr/bin/cc - skipped
[0.126s] -- Detecting C compile features
[0.126s] -- Detecting C compile features - done
[0.129s] -- Detecting CXX compiler ABI info
[0.172s] -- Detecting CXX compiler ABI info - done
[0.179s] -- Check for working CXX compiler: /usr/bin/c++ - skipped
[0.179s] -- Detecting CXX compile features
[0.180s] -- Detecting CXX compile features - done
[0.182s] -- Found ament_cmake: 1.3.8 (/opt/ros/humble/share/ament_cmake/cmake)
[0.265s] -- Found Python3: /usr/bin/python3 (found version "3.10.12") found components: Interpreter 
[0.324s] -- Found ament_index_cpp: 1.4.0 (/opt/ros/humble/share/ament_index_cpp/cmake)
[0.325s] -- Found rclcpp: 16.0.8 (/opt/ros/humble/share/rclcpp/cmake)
[0.354s] -- Found rosidl_generator_c: 3.1.5 (/opt/ros/humble/share/rosidl_generator_c/cmake)
[0.358s] -- Found rosidl_adapter: 3.1.5 (/opt/ros/humble/share/rosidl_adapter/cmake)
[0.364s] -- Found rosidl_generator_cpp: 3.1.5 (/opt/ros/humble/share/rosidl_generator_cpp/cmake)
[0.373s] -- Using all available rosidl_typesupport_c: rosidl_typesupport_fastrtps_c;rosidl_typesupport_introspection_c
[0.386s] -- Using all available rosidl_typesupport_cpp: rosidl_typesupport_fastrtps_cpp;rosidl_typesupport_introspection_cpp
[0.434s] -- Found rmw_implementation_cmake: 6.1.1 (/opt/ros/humble/share/rmw_implementation_cmake/cmake)
[0.436s] -- Found rmw_fastrtps_cpp: 6.2.6 (/opt/ros/humble/share/rmw_fastrtps_cpp/cmake)
[0.493s] -- Found OpenSSL: /usr/lib/x86_64-linux-gnu/libcrypto.so (found version "3.0.2")  
[0.527s] -- Found FastRTPS: /opt/ros/humble/include  
[0.559s] -- Using RMW implementation 'rmw_fastrtps_cpp' as default
[0.566s] -- Performing Test CMAKE_HAVE_LIBC_PTHREAD
[0.604s] -- Performing Test CMAKE_HAVE_LIBC_PTHREAD - Success
[0.605s] -- Found Threads: TRUE  
[0.727s] -- Found rclpy: 3.3.12 (/opt/ros/humble/share/rclpy/cmake)
[0.729s] -- Found sensor_msgs: 4.2.3 (/opt/ros/humble/share/sensor_msgs/cmake)
[0.818s] -- Found urdf: 2.6.0 (/opt/ros/humble/share/urdf/cmake)
[0.844s] -- Found interbotix_xs_msgs: 0.0.0 (/home/deivideich/interbotix/interbotix_ws/interbotix_ws/install/interbotix_xs_msgs/share/interbotix_xs_msgs/cmake)
[0.973s] -- Found interbotix_xs_driver: 0.3.3 (/home/deivideich/interbotix/interbotix_ws/interbotix_ws/install/interbotix_xs_driver/share/interbotix_xs_driver/cmake)
[0.978s] -- Found ament_lint_auto: 0.12.10 (/opt/ros/humble/share/ament_lint_auto/cmake)
[1.032s] -- Added test 'copyright' to check source files copyright and LICENSE
[1.033s] -- Added test 'cppcheck' to perform static code analysis on C / C++ code
[1.033s] -- Configured cppcheck include dirs: /home/deivideich/interbotix/interbotix_ws/interbotix_ws/src/interbotix_ros_core/interbotix_ros_xseries/interbotix_xs_sdk/include
[1.033s] -- Configured cppcheck exclude dirs and/or files: 
[1.034s] -- Added test 'cpplint' to check C / C++ code against the Google style
[1.034s] -- Configured cpplint exclude dirs and/or files: 
[1.034s] -- Added test 'flake8' to check Python code syntax and style conventions
[1.034s] -- Added test 'lint_cmake' to check CMake code style
[1.034s] -- Added test 'pep257' to check Python code against some of the docstring style conventions in PEP 257
[1.035s] -- Added test 'uncrustify' to check C / C++ code style
[1.035s] -- Configured uncrustify additional arguments: 
[1.035s] -- Added test 'xmllint' to check XML markup files
[1.036s] -- Configuring done
[1.046s] -- Generating done
[1.047s] -- Build files have been written to: /home/deivideich/interbotix/interbotix_ws/interbotix_ws/build/interbotix_xs_sdk
[1.054s] Invoked command in '/home/deivideich/interbotix/interbotix_ws/interbotix_ws/build/interbotix_xs_sdk' returned '0': AMENT_PREFIX_PATH=/home/deivideich/interbotix/interbotix_ws/interbotix_ws/install/interbotix_xs_driver:/home/deivideich/interbotix/interbotix_ws/interbotix_ws/install/interbotix_xs_msgs:/home/deivideich/interbotix/interbotix_ws/interbotix_ws/install/dynamixel_workbench_toolbox:${AMENT_PREFIX_PATH} CMAKE_PREFIX_PATH=/home/deivideich/interbotix/interbotix_ws/interbotix_ws/install/interbotix_xs_driver:/home/deivideich/interbotix/interbotix_ws/interbotix_ws/install/interbotix_xs_msgs:/home/deivideich/interbotix/interbotix_ws/interbotix_ws/install/dynamixel_workbench_toolbox:/opt/ros/humble LD_LIBRARY_PATH=/home/deivideich/interbotix/interbotix_ws/interbotix_ws/install/interbotix_xs_driver/lib:/home/deivideich/interbotix/interbotix_ws/interbotix_ws/install/interbotix_xs_msgs/lib:/home/deivideich/interbotix/interbotix_ws/interbotix_ws/install/dynamixel_workbench_toolbox/lib:${LD_LIBRARY_PATH} PYTHONPATH=/home/deivideich/interbotix/interbotix_ws/interbotix_ws/install/interbotix_xs_msgs/local/lib/python3.10/dist-packages:${PYTHONPATH} /usr/bin/cmake /home/deivideich/interbotix/interbotix_ws/interbotix_ws/src/interbotix_ros_core/interbotix_ros_xseries/interbotix_xs_sdk -DCMAKE_INSTALL_PREFIX=/home/deivideich/interbotix/interbotix_ws/interbotix_ws/install/interbotix_xs_sdk
[1.055s] Invoking command in '/home/deivideich/interbotix/interbotix_ws/interbotix_ws/build/interbotix_xs_sdk': AMENT_PREFIX_PATH=/home/deivideich/interbotix/interbotix_ws/interbotix_ws/install/interbotix_xs_driver:/home/deivideich/interbotix/interbotix_ws/interbotix_ws/install/interbotix_xs_msgs:/home/deivideich/interbotix/interbotix_ws/interbotix_ws/install/dynamixel_workbench_toolbox:${AMENT_PREFIX_PATH} CMAKE_PREFIX_PATH=/home/deivideich/interbotix/interbotix_ws/interbotix_ws/install/interbotix_xs_driver:/home/deivideich/interbotix/interbotix_ws/interbotix_ws/install/interbotix_xs_msgs:/home/deivideich/interbotix/interbotix_ws/interbotix_ws/install/dynamixel_workbench_toolbox:/opt/ros/humble LD_LIBRARY_PATH=/home/deivideich/interbotix/interbotix_ws/interbotix_ws/install/interbotix_xs_driver/lib:/home/deivideich/interbotix/interbotix_ws/interbotix_ws/install/interbotix_xs_msgs/lib:/home/deivideich/interbotix/interbotix_ws/interbotix_ws/install/dynamixel_workbench_toolbox/lib:${LD_LIBRARY_PATH} PYTHONPATH=/home/deivideich/interbotix/interbotix_ws/interbotix_ws/install/interbotix_xs_msgs/local/lib/python3.10/dist-packages:${PYTHONPATH} /usr/bin/cmake --build /home/deivideich/interbotix/interbotix_ws/interbotix_ws/build/interbotix_xs_sdk -- -j20 -l20
[1.071s] [ 33%] [32mBuilding CXX object CMakeFiles/xs_sdk.dir/src/xs_sdk.cpp.o[0m
[1.072s] [ 66%] [32mBuilding CXX object CMakeFiles/xs_sdk.dir/src/xs_sdk_obj.cpp.o[0m
[12.751s] [100%] [32m[1mLinking CXX executable xs_sdk[0m
[13.468s] [100%] Built target xs_sdk
[13.472s] Invoked command in '/home/deivideich/interbotix/interbotix_ws/interbotix_ws/build/interbotix_xs_sdk' returned '0': AMENT_PREFIX_PATH=/home/deivideich/interbotix/interbotix_ws/interbotix_ws/install/interbotix_xs_driver:/home/deivideich/interbotix/interbotix_ws/interbotix_ws/install/interbotix_xs_msgs:/home/deivideich/interbotix/interbotix_ws/interbotix_ws/install/dynamixel_workbench_toolbox:${AMENT_PREFIX_PATH} CMAKE_PREFIX_PATH=/home/deivideich/interbotix/interbotix_ws/interbotix_ws/install/interbotix_xs_driver:/home/deivideich/interbotix/interbotix_ws/interbotix_ws/install/interbotix_xs_msgs:/home/deivideich/interbotix/interbotix_ws/interbotix_ws/install/dynamixel_workbench_toolbox:/opt/ros/humble LD_LIBRARY_PATH=/home/deivideich/interbotix/interbotix_ws/interbotix_ws/install/interbotix_xs_driver/lib:/home/deivideich/interbotix/interbotix_ws/interbotix_ws/install/interbotix_xs_msgs/lib:/home/deivideich/interbotix/interbotix_ws/interbotix_ws/install/dynamixel_workbench_toolbox/lib:${LD_LIBRARY_PATH} PYTHONPATH=/home/deivideich/interbotix/interbotix_ws/interbotix_ws/install/interbotix_xs_msgs/local/lib/python3.10/dist-packages:${PYTHONPATH} /usr/bin/cmake --build /home/deivideich/interbotix/interbotix_ws/interbotix_ws/build/interbotix_xs_sdk -- -j20 -l20
[13.483s] Invoking command in '/home/deivideich/interbotix/interbotix_ws/interbotix_ws/build/interbotix_xs_sdk': AMENT_PREFIX_PATH=/home/deivideich/interbotix/interbotix_ws/interbotix_ws/install/interbotix_xs_driver:/home/deivideich/interbotix/interbotix_ws/interbotix_ws/install/interbotix_xs_msgs:/home/deivideich/interbotix/interbotix_ws/interbotix_ws/install/dynamixel_workbench_toolbox:${AMENT_PREFIX_PATH} CMAKE_PREFIX_PATH=/home/deivideich/interbotix/interbotix_ws/interbotix_ws/install/interbotix_xs_driver:/home/deivideich/interbotix/interbotix_ws/interbotix_ws/install/interbotix_xs_msgs:/home/deivideich/interbotix/interbotix_ws/interbotix_ws/install/dynamixel_workbench_toolbox:/opt/ros/humble LD_LIBRARY_PATH=/home/deivideich/interbotix/interbotix_ws/interbotix_ws/install/interbotix_xs_driver/lib:/home/deivideich/interbotix/interbotix_ws/interbotix_ws/install/interbotix_xs_msgs/lib:/home/deivideich/interbotix/interbotix_ws/interbotix_ws/install/dynamixel_workbench_toolbox/lib:${LD_LIBRARY_PATH} PYTHONPATH=/home/deivideich/interbotix/interbotix_ws/interbotix_ws/install/interbotix_xs_msgs/local/lib/python3.10/dist-packages:${PYTHONPATH} /usr/bin/cmake --install /home/deivideich/interbotix/interbotix_ws/interbotix_ws/build/interbotix_xs_sdk
[13.485s] -- Install configuration: ""
[13.485s] -- Installing: /home/deivideich/interbotix/interbotix_ws/interbotix_ws/install/interbotix_xs_sdk/lib/interbotix_xs_sdk/xs_sdk
[13.491s] -- Set runtime path of "/home/deivideich/interbotix/interbotix_ws/interbotix_ws/install/interbotix_xs_sdk/lib/interbotix_xs_sdk/xs_sdk" to ""
[13.491s] -- Installing: /home/deivideich/interbotix/interbotix_ws/interbotix_ws/install/interbotix_xs_sdk/lib/interbotix_xs_sdk/xs_sdk_sim.py
[13.491s] -- Installing: /home/deivideich/interbotix/interbotix_ws/interbotix_ws/install/interbotix_xs_sdk/share/interbotix_xs_sdk//config
[13.491s] -- Installing: /home/deivideich/interbotix/interbotix_ws/interbotix_ws/install/interbotix_xs_sdk/share/interbotix_xs_sdk//config/motor_configs_template.yaml
[13.492s] -- Installing: /home/deivideich/interbotix/interbotix_ws/interbotix_ws/install/interbotix_xs_sdk/share/interbotix_xs_sdk//config/mode_configs_template.yaml
[13.492s] -- Installing: /home/deivideich/interbotix/interbotix_ws/interbotix_ws/install/interbotix_xs_sdk/share/ament_index/resource_index/package_run_dependencies/interbotix_xs_sdk
[13.492s] -- Installing: /home/deivideich/interbotix/interbotix_ws/interbotix_ws/install/interbotix_xs_sdk/share/ament_index/resource_index/parent_prefix_path/interbotix_xs_sdk
[13.492s] -- Installing: /home/deivideich/interbotix/interbotix_ws/interbotix_ws/install/interbotix_xs_sdk/share/interbotix_xs_sdk/environment/ament_prefix_path.sh
[13.492s] -- Installing: /home/deivideich/interbotix/interbotix_ws/interbotix_ws/install/interbotix_xs_sdk/share/interbotix_xs_sdk/environment/ament_prefix_path.dsv
[13.492s] -- Installing: /home/deivideich/interbotix/interbotix_ws/interbotix_ws/install/interbotix_xs_sdk/share/interbotix_xs_sdk/environment/path.sh
[13.492s] -- Installing: /home/deivideich/interbotix/interbotix_ws/interbotix_ws/install/interbotix_xs_sdk/share/interbotix_xs_sdk/environment/path.dsv
[13.492s] -- Installing: /home/deivideich/interbotix/interbotix_ws/interbotix_ws/install/interbotix_xs_sdk/share/interbotix_xs_sdk/local_setup.bash
[13.492s] -- Installing: /home/deivideich/interbotix/interbotix_ws/interbotix_ws/install/interbotix_xs_sdk/share/interbotix_xs_sdk/local_setup.sh
[13.492s] -- Installing: /home/deivideich/interbotix/interbotix_ws/interbotix_ws/install/interbotix_xs_sdk/share/interbotix_xs_sdk/local_setup.zsh
[13.492s] -- Installing: /home/deivideich/interbotix/interbotix_ws/interbotix_ws/install/interbotix_xs_sdk/share/interbotix_xs_sdk/local_setup.dsv
[13.492s] -- Installing: /home/deivideich/interbotix/interbotix_ws/interbotix_ws/install/interbotix_xs_sdk/share/interbotix_xs_sdk/package.dsv
[13.492s] -- Installing: /home/deivideich/interbotix/interbotix_ws/interbotix_ws/install/interbotix_xs_sdk/share/ament_index/resource_index/packages/interbotix_xs_sdk
[13.492s] -- Installing: /home/deivideich/interbotix/interbotix_ws/interbotix_ws/install/interbotix_xs_sdk/share/interbotix_xs_sdk/cmake/interbotix_xs_sdkConfig.cmake
[13.492s] -- Installing: /home/deivideich/interbotix/interbotix_ws/interbotix_ws/install/interbotix_xs_sdk/share/interbotix_xs_sdk/cmake/interbotix_xs_sdkConfig-version.cmake
[13.492s] -- Installing: /home/deivideich/interbotix/interbotix_ws/interbotix_ws/install/interbotix_xs_sdk/share/interbotix_xs_sdk/package.xml
[13.493s] Invoked command in '/home/deivideich/interbotix/interbotix_ws/interbotix_ws/build/interbotix_xs_sdk' returned '0': AMENT_PREFIX_PATH=/home/deivideich/interbotix/interbotix_ws/interbotix_ws/install/interbotix_xs_driver:/home/deivideich/interbotix/interbotix_ws/interbotix_ws/install/interbotix_xs_msgs:/home/deivideich/interbotix/interbotix_ws/interbotix_ws/install/dynamixel_workbench_toolbox:${AMENT_PREFIX_PATH} CMAKE_PREFIX_PATH=/home/deivideich/interbotix/interbotix_ws/interbotix_ws/install/interbotix_xs_driver:/home/deivideich/interbotix/interbotix_ws/interbotix_ws/install/interbotix_xs_msgs:/home/deivideich/interbotix/interbotix_ws/interbotix_ws/install/dynamixel_workbench_toolbox:/opt/ros/humble LD_LIBRARY_PATH=/home/deivideich/interbotix/interbotix_ws/interbotix_ws/install/interbotix_xs_driver/lib:/home/deivideich/interbotix/interbotix_ws/interbotix_ws/install/interbotix_xs_msgs/lib:/home/deivideich/interbotix/interbotix_ws/interbotix_ws/install/dynamixel_workbench_toolbox/lib:${LD_LIBRARY_PATH} PYTHONPATH=/home/deivideich/interbotix/interbotix_ws/interbotix_ws/install/interbotix_xs_msgs/local/lib/python3.10/dist-packages:${PYTHONPATH} /usr/bin/cmake --install /home/deivideich/interbotix/interbotix_ws/interbotix_ws/build/interbotix_xs_sdk
