[0.005s] Invoking command in '/home/deivideich/interbotix/interbotix_ws/interbotix_ws/build/interbotix_common_toolbox': AMENT_PREFIX_PATH=/home/deivideich/interbotix/interbotix_ws/interbotix_ws/install/interbotix_common_sim:/home/deivideich/interbotix/interbotix_ws/interbotix_ws/install/interbotix_common_modules:${AMENT_PREFIX_PATH} CMAKE_PREFIX_PATH=/home/deivideich/interbotix/interbotix_ws/interbotix_ws/install/interbotix_common_sim:/opt/ros/humble PYTHONPATH=/home/deivideich/interbotix/interbotix_ws/interbotix_ws/install/interbotix_common_modules/lib/python3.10/site-packages:${PYTHONPATH} /usr/bin/cmake /home/deivideich/interbotix/interbotix_ws/interbotix_ws/src/interbotix_ros_toolboxes/interbotix_common_toolbox/interbotix_common_toolbox -DCMAKE_INSTALL_PREFIX=/home/deivideich/interbotix/interbotix_ws/interbotix_ws/install/interbotix_common_toolbox
[0.033s] -- The C compiler identification is GNU 11.4.0
[0.066s] -- The CXX compiler identification is GNU 11.4.0
[0.072s] -- Detecting C compiler ABI info
[0.104s] -- Detecting C compiler ABI info - done
[0.112s] -- Check for working C compiler: /usr/bin/cc - skipped
[0.112s] -- Detecting C compile features
[0.112s] -- Detecting C compile features - done
[0.116s] -- Detecting CXX compiler ABI info
[0.161s] -- Detecting CXX compiler ABI info - done
[0.169s] -- Check for working CXX compiler: /usr/bin/c++ - skipped
[0.169s] -- Detecting CXX compile features
[0.170s] -- Detecting CXX compile features - done
[0.172s] -- Found ament_cmake: 1.3.8 (/opt/ros/humble/share/ament_cmake/cmake)
[0.257s] -- Found Python3: /usr/bin/python3 (found version "3.10.12") found components: Interpreter 
[0.312s] -- Found ament_lint_auto: 0.12.10 (/opt/ros/humble/share/ament_lint_auto/cmake)
[0.363s] -- Added test 'copyright' to check source files copyright and LICENSE
[0.364s] -- Added test 'lint_cmake' to check CMake code style
[0.364s] -- Added test 'xmllint' to check XML markup files
[0.365s] -- Configuring done
[0.366s] -- Generating done
[0.367s] -- Build files have been written to: /home/deivideich/interbotix/interbotix_ws/interbotix_ws/build/interbotix_common_toolbox
[0.375s] Invoked command in '/home/deivideich/interbotix/interbotix_ws/interbotix_ws/build/interbotix_common_toolbox' returned '0': AMENT_PREFIX_PATH=/home/deivideich/interbotix/interbotix_ws/interbotix_ws/install/interbotix_common_sim:/home/deivideich/interbotix/interbotix_ws/interbotix_ws/install/interbotix_common_modules:${AMENT_PREFIX_PATH} CMAKE_PREFIX_PATH=/home/deivideich/interbotix/interbotix_ws/interbotix_ws/install/interbotix_common_sim:/opt/ros/humble PYTHONPATH=/home/deivideich/interbotix/interbotix_ws/interbotix_ws/install/interbotix_common_modules/lib/python3.10/site-packages:${PYTHONPATH} /usr/bin/cmake /home/deivideich/interbotix/interbotix_ws/interbotix_ws/src/interbotix_ros_toolboxes/interbotix_common_toolbox/interbotix_common_toolbox -DCMAKE_INSTALL_PREFIX=/home/deivideich/interbotix/interbotix_ws/interbotix_ws/install/interbotix_common_toolbox
[0.376s] Invoking command in '/home/deivideich/interbotix/interbotix_ws/interbotix_ws/build/interbotix_common_toolbox': AMENT_PREFIX_PATH=/home/deivideich/interbotix/interbotix_ws/interbotix_ws/install/interbotix_common_sim:/home/deivideich/interbotix/interbotix_ws/interbotix_ws/install/interbotix_common_modules:${AMENT_PREFIX_PATH} CMAKE_PREFIX_PATH=/home/deivideich/interbotix/interbotix_ws/interbotix_ws/install/interbotix_common_sim:/opt/ros/humble PYTHONPATH=/home/deivideich/interbotix/interbotix_ws/interbotix_ws/install/interbotix_common_modules/lib/python3.10/site-packages:${PYTHONPATH} /usr/bin/cmake --build /home/deivideich/interbotix/interbotix_ws/interbotix_ws/build/interbotix_common_toolbox -- -j20 -l20
[0.387s] Invoked command in '/home/deivideich/interbotix/interbotix_ws/interbotix_ws/build/interbotix_common_toolbox' returned '0': AMENT_PREFIX_PATH=/home/deivideich/interbotix/interbotix_ws/interbotix_ws/install/interbotix_common_sim:/home/deivideich/interbotix/interbotix_ws/interbotix_ws/install/interbotix_common_modules:${AMENT_PREFIX_PATH} CMAKE_PREFIX_PATH=/home/deivideich/interbotix/interbotix_ws/interbotix_ws/install/interbotix_common_sim:/opt/ros/humble PYTHONPATH=/home/deivideich/interbotix/interbotix_ws/interbotix_ws/install/interbotix_common_modules/lib/python3.10/site-packages:${PYTHONPATH} /usr/bin/cmake --build /home/deivideich/interbotix/interbotix_ws/interbotix_ws/build/interbotix_common_toolbox -- -j20 -l20
[0.396s] Invoking command in '/home/deivideich/interbotix/interbotix_ws/interbotix_ws/build/interbotix_common_toolbox': AMENT_PREFIX_PATH=/home/deivideich/interbotix/interbotix_ws/interbotix_ws/install/interbotix_common_sim:/home/deivideich/interbotix/interbotix_ws/interbotix_ws/install/interbotix_common_modules:${AMENT_PREFIX_PATH} CMAKE_PREFIX_PATH=/home/deivideich/interbotix/interbotix_ws/interbotix_ws/install/interbotix_common_sim:/opt/ros/humble PYTHONPATH=/home/deivideich/interbotix/interbotix_ws/interbotix_ws/install/interbotix_common_modules/lib/python3.10/site-packages:${PYTHONPATH} /usr/bin/cmake --install /home/deivideich/interbotix/interbotix_ws/interbotix_ws/build/interbotix_common_toolbox
[0.398s] -- Install configuration: ""
[0.398s] -- Installing: /home/deivideich/interbotix/interbotix_ws/interbotix_ws/install/interbotix_common_toolbox/share/ament_index/resource_index/package_run_dependencies/interbotix_common_toolbox
[0.399s] -- Installing: /home/deivideich/interbotix/interbotix_ws/interbotix_ws/install/interbotix_common_toolbox/share/ament_index/resource_index/parent_prefix_path/interbotix_common_toolbox
[0.399s] -- Installing: /home/deivideich/interbotix/interbotix_ws/interbotix_ws/install/interbotix_common_toolbox/share/interbotix_common_toolbox/environment/ament_prefix_path.sh
[0.399s] -- Installing: /home/deivideich/interbotix/interbotix_ws/interbotix_ws/install/interbotix_common_toolbox/share/interbotix_common_toolbox/environment/ament_prefix_path.dsv
[0.399s] -- Installing: /home/deivideich/interbotix/interbotix_ws/interbotix_ws/install/interbotix_common_toolbox/share/interbotix_common_toolbox/environment/path.sh
[0.399s] -- Installing: /home/deivideich/interbotix/interbotix_ws/interbotix_ws/install/interbotix_common_toolbox/share/interbotix_common_toolbox/environment/path.dsv
[0.399s] -- Installing: /home/deivideich/interbotix/interbotix_ws/interbotix_ws/install/interbotix_common_toolbox/share/interbotix_common_toolbox/local_setup.bash
[0.399s] -- Installing: /home/deivideich/interbotix/interbotix_ws/interbotix_ws/install/interbotix_common_toolbox/share/interbotix_common_toolbox/local_setup.sh
[0.400s] -- Installing: /home/deivideich/interbotix/interbotix_ws/interbotix_ws/install/interbotix_common_toolbox/share/interbotix_common_toolbox/local_setup.zsh
[0.400s] -- Installing: /home/deivideich/interbotix/interbotix_ws/interbotix_ws/install/interbotix_common_toolbox/share/interbotix_common_toolbox/local_setup.dsv
[0.401s] -- Installing: /home/deivideich/interbotix/interbotix_ws/interbotix_ws/install/interbotix_common_toolbox/share/interbotix_common_toolbox/package.dsv
[0.401s] -- Installing: /home/deivideich/interbotix/interbotix_ws/interbotix_ws/install/interbotix_common_toolbox/share/ament_index/resource_index/packages/interbotix_common_toolbox
[0.401s] -- Installing: /home/deivideich/interbotix/interbotix_ws/interbotix_ws/install/interbotix_common_toolbox/share/interbotix_common_toolbox/cmake/interbotix_common_toolboxConfig.cmake
[0.401s] -- Installing: /home/deivideich/interbotix/interbotix_ws/interbotix_ws/install/interbotix_common_toolbox/share/interbotix_common_toolbox/cmake/interbotix_common_toolboxConfig-version.cmake
[0.401s] -- Installing: /home/deivideich/interbotix/interbotix_ws/interbotix_ws/install/interbotix_common_toolbox/share/interbotix_common_toolbox/package.xml
[0.402s] Invoked command in '/home/deivideich/interbotix/interbotix_ws/interbotix_ws/build/interbotix_common_toolbox' returned '0': AMENT_PREFIX_PATH=/home/deivideich/interbotix/interbotix_ws/interbotix_ws/install/interbotix_common_sim:/home/deivideich/interbotix/interbotix_ws/interbotix_ws/install/interbotix_common_modules:${AMENT_PREFIX_PATH} CMAKE_PREFIX_PATH=/home/deivideich/interbotix/interbotix_ws/interbotix_ws/install/interbotix_common_sim:/opt/ros/humble PYTHONPATH=/home/deivideich/interbotix/interbotix_ws/interbotix_ws/install/interbotix_common_modules/lib/python3.10/site-packages:${PYTHONPATH} /usr/bin/cmake --install /home/deivideich/interbotix/interbotix_ws/interbotix_ws/build/interbotix_common_toolbox
