[0.235s] Invoking command in '/home/deivideich/interbotix/interbotix_ws/interbotix_ws/build/interbotix_xs_rviz': AMENT_PREFIX_PATH=/home/deivideich/interbotix/interbotix_ws/interbotix_ws/install/interbotix_xs_sdk:/home/deivideich/interbotix/interbotix_ws/interbotix_ws/install/interbotix_xs_driver:/home/deivideich/interbotix/interbotix_ws/interbotix_ws/install/interbotix_xs_msgs:/home/deivideich/interbotix/interbotix_ws/interbotix_ws/install/dynamixel_workbench_toolbox:${AMENT_PREFIX_PATH} CMAKE_PREFIX_PATH=/home/deivideich/interbotix/interbotix_ws/interbotix_ws/install/interbotix_xs_sdk:/home/deivideich/interbotix/interbotix_ws/interbotix_ws/install/interbotix_xs_driver:/home/deivideich/interbotix/interbotix_ws/interbotix_ws/install/interbotix_xs_msgs:/home/deivideich/interbotix/interbotix_ws/interbotix_ws/install/dynamixel_workbench_toolbox:/opt/ros/humble LD_LIBRARY_PATH=/home/deivideich/interbotix/interbotix_ws/interbotix_ws/install/interbotix_xs_driver/lib:/home/deivideich/interbotix/interbotix_ws/interbotix_ws/install/interbotix_xs_msgs/lib:/home/deivideich/interbotix/interbotix_ws/interbotix_ws/install/dynamixel_workbench_toolbox/lib:${LD_LIBRARY_PATH} PYTHONPATH=/home/deivideich/interbotix/interbotix_ws/interbotix_ws/install/interbotix_xs_msgs/local/lib/python3.10/dist-packages:${PYTHONPATH} /usr/bin/cmake /home/deivideich/interbotix/interbotix_ws/interbotix_ws/src/interbotix_ros_toolboxes/interbotix_xs_toolbox/interbotix_xs_rviz -DCMAKE_INSTALL_PREFIX=/home/deivideich/interbotix/interbotix_ws/interbotix_ws/install/interbotix_xs_rviz
[0.266s] -- The C compiler identification is GNU 11.4.0
[0.300s] -- The CXX compiler identification is GNU 11.4.0
[0.306s] -- Detecting C compiler ABI info
[0.339s] -- Detecting C compiler ABI info - done
[0.344s] -- Check for working C compiler: /usr/bin/cc - skipped
[0.344s] -- Detecting C compile features
[0.345s] -- Detecting C compile features - done
[0.346s] -- Detecting CXX compiler ABI info
[0.387s] -- Detecting CXX compiler ABI info - done
[0.392s] -- Check for working CXX compiler: /usr/bin/c++ - skipped
[0.392s] -- Detecting CXX compile features
[0.392s] -- Detecting CXX compile features - done
[0.396s] -- Found ament_cmake: 1.3.8 (/opt/ros/humble/share/ament_cmake/cmake)
[0.474s] -- Found Python3: /usr/bin/python3 (found version "3.10.12") found components: Interpreter 
[0.533s] -- Found pluginlib: 5.1.0 (/opt/ros/humble/share/pluginlib/cmake)
[0.571s] -- Found rclcpp: 16.0.8 (/opt/ros/humble/share/rclcpp/cmake)
[0.594s] -- Found rosidl_generator_c: 3.1.5 (/opt/ros/humble/share/rosidl_generator_c/cmake)
[0.598s] -- Found rosidl_adapter: 3.1.5 (/opt/ros/humble/share/rosidl_adapter/cmake)
[0.604s] -- Found rosidl_generator_cpp: 3.1.5 (/opt/ros/humble/share/rosidl_generator_cpp/cmake)
[0.619s] -- Using all available rosidl_typesupport_c: rosidl_typesupport_fastrtps_c;rosidl_typesupport_introspection_c
[0.628s] -- Using all available rosidl_typesupport_cpp: rosidl_typesupport_fastrtps_cpp;rosidl_typesupport_introspection_cpp
[0.677s] -- Found rmw_implementation_cmake: 6.1.1 (/opt/ros/humble/share/rmw_implementation_cmake/cmake)
[0.678s] -- Found rmw_fastrtps_cpp: 6.2.6 (/opt/ros/humble/share/rmw_fastrtps_cpp/cmake)
[0.703s] -- Found TinyXML2 via Config file: TinyXML2_DIR-NOTFOUND
[0.729s] -- Found OpenSSL: /usr/lib/x86_64-linux-gnu/libcrypto.so (found version "3.0.2")  
[0.731s] -- Found TinyXML2 via Config file: TinyXML2_DIR-NOTFOUND
[0.741s] -- Found FastRTPS: /opt/ros/humble/include  
[0.747s] -- Found TinyXML2 via Config file: TinyXML2_DIR-NOTFOUND
[0.753s] -- Found TinyXML2 via Config file: TinyXML2_DIR-NOTFOUND
[0.759s] -- Using RMW implementation 'rmw_fastrtps_cpp' as default
[0.769s] -- Performing Test CMAKE_HAVE_LIBC_PTHREAD
[0.807s] -- Performing Test CMAKE_HAVE_LIBC_PTHREAD - Success
[0.808s] -- Found Threads: TRUE  
[0.909s] -- Found rviz_common: 11.2.12 (/opt/ros/humble/share/rviz_common/cmake)
[0.919s] -- Setting OGRE_DIR to: '/opt/ros/humble/share/rviz_ogre_vendor/cmake/../../../opt/rviz_ogre_vendor/lib/OGRE/cmake'
[0.920s] -- Found OGRE
[0.920s] --   static     : OFF
[0.920s] --   components : HLMS;MeshLodGenerator;Overlay;Paging;Property;RTShaderSystem;Terrain;Volume
[0.920s] --   plugins    : Plugin_BSPSceneManager;Plugin_OctreeSceneManager;Plugin_PCZSceneManager;Plugin_ParticleFX;RenderSystem_GL;RenderSystem_GL3Plus;Codec_STBI
[0.920s] --   media      : /opt/ros/humble/opt/rviz_ogre_vendor/share/OGRE/Media
[0.920s] -- OGRE_LIBRARIES: OgreHLMS;OgreMeshLodGenerator;OgreOverlay;OgrePaging;OgreProperty;OgreRTShaderSystem;OgreTerrain;OgreVolume;OgreMain
[0.920s] -- OGRE_LIBRARY_DIRS: /opt/ros/humble/opt/rviz_ogre_vendor/lib
[0.920s] -- OGRE_PLUGINS: Plugin_BSPSceneManager;Plugin_OctreeSceneManager;Plugin_PCZSceneManager;Plugin_ParticleFX;RenderSystem_GL;RenderSystem_GL3Plus;Codec_STBI
[0.920s] -- OGRE_PLUGIN_DIR: /opt/ros/humble/opt/rviz_ogre_vendor/lib/OGRE
[0.920s] -- rviz_ogre_vendor::OgreOverlay for IMPORTED_LOCATION_RELEASE: /opt/ros/humble/opt/rviz_ogre_vendor/lib/libOgreOverlay.so
[0.920s] -- rviz_ogre_vendor::OgreOverlay for IMPORTED_LOCATION_DEBUG: /opt/ros/humble/opt/rviz_ogre_vendor/lib/libOgreOverlay.so
[0.920s] -- rviz_ogre_vendor::OgreMain for IMPORTED_LOCATION_RELEASE: /opt/ros/humble/opt/rviz_ogre_vendor/lib/libOgreMain.so
[0.920s] -- rviz_ogre_vendor::OgreMain for IMPORTED_LOCATION_DEBUG: /opt/ros/humble/opt/rviz_ogre_vendor/lib/libOgreMain.so
[0.935s] -- Found ZLIB: /usr/lib/x86_64-linux-gnu/libz.so (found version "1.2.11") 
[0.938s] -- Found OpenGL: /usr/lib/x86_64-linux-gnu/libOpenGL.so   
[0.987s] -- Found X11: /usr/include   
[0.988s] -- Looking for XOpenDisplay in /usr/lib/x86_64-linux-gnu/libX11.so;/usr/lib/x86_64-linux-gnu/libXext.so
[1.026s] -- Looking for XOpenDisplay in /usr/lib/x86_64-linux-gnu/libX11.so;/usr/lib/x86_64-linux-gnu/libXext.so - found
[1.026s] -- Looking for gethostbyname
[1.059s] -- Looking for gethostbyname - found
[1.059s] -- Looking for connect
[1.092s] -- Looking for connect - found
[1.092s] -- Looking for remove
[1.126s] -- Looking for remove - found
[1.126s] -- Looking for shmat
[1.161s] -- Looking for shmat - found
[1.161s] -- Looking for IceConnectionNumber in ICE
[1.196s] -- Looking for IceConnectionNumber in ICE - found
[1.198s] -- rviz_ogre_vendor::RenderSystem_GL for IMPORTED_LOCATION_RELEASE: _render_system_gl_static_library_abs-NOTFOUND
[1.198s] -- rviz_ogre_vendor::RenderSystem_GL for IMPORTED_LOCATION_DEBUG: _render_system_gl_static_library_abs-NOTFOUND
[1.248s] -- library: /usr/lib/x86_64-linux-gnu/libcurl.so
[1.364s] -- Found Eigen3: TRUE (found version "3.4.0") 
[1.364s] -- Ensuring Eigen3 include directory is part of orocos-kdl CMake target
[1.599s] -- Found interbotix_xs_msgs: 0.0.0 (/home/deivideich/interbotix/interbotix_ws/interbotix_ws/install/interbotix_xs_msgs/share/interbotix_xs_msgs/cmake)
[1.723s] -- Found ament_lint_auto: 0.12.10 (/opt/ros/humble/share/ament_lint_auto/cmake)
[1.773s] -- Added test 'copyright' to check source files copyright and LICENSE
[1.774s] -- Added test 'cppcheck' to perform static code analysis on C / C++ code
[1.775s] -- Configured cppcheck include dirs: /home/deivideich/interbotix/interbotix_ws/interbotix_ws/src/interbotix_ros_toolboxes/interbotix_xs_toolbox/interbotix_xs_rviz/include
[1.775s] -- Configured cppcheck exclude dirs and/or files: 
[1.775s] -- Added test 'cpplint' to check C / C++ code against the Google style
[1.775s] -- Configured cpplint exclude dirs and/or files: 
[1.776s] -- Added test 'lint_cmake' to check CMake code style
[1.777s] -- Added test 'uncrustify' to check C / C++ code style
[1.777s] -- Configured uncrustify additional arguments: 
[1.777s] -- Added test 'xmllint' to check XML markup files
[1.778s] -- Configuring done
[1.796s] -- Generating done
[1.797s] -- Build files have been written to: /home/deivideich/interbotix/interbotix_ws/interbotix_ws/build/interbotix_xs_rviz
[1.807s] Invoked command in '/home/deivideich/interbotix/interbotix_ws/interbotix_ws/build/interbotix_xs_rviz' returned '0': AMENT_PREFIX_PATH=/home/deivideich/interbotix/interbotix_ws/interbotix_ws/install/interbotix_xs_sdk:/home/deivideich/interbotix/interbotix_ws/interbotix_ws/install/interbotix_xs_driver:/home/deivideich/interbotix/interbotix_ws/interbotix_ws/install/interbotix_xs_msgs:/home/deivideich/interbotix/interbotix_ws/interbotix_ws/install/dynamixel_workbench_toolbox:${AMENT_PREFIX_PATH} CMAKE_PREFIX_PATH=/home/deivideich/interbotix/interbotix_ws/interbotix_ws/install/interbotix_xs_sdk:/home/deivideich/interbotix/interbotix_ws/interbotix_ws/install/interbotix_xs_driver:/home/deivideich/interbotix/interbotix_ws/interbotix_ws/install/interbotix_xs_msgs:/home/deivideich/interbotix/interbotix_ws/interbotix_ws/install/dynamixel_workbench_toolbox:/opt/ros/humble LD_LIBRARY_PATH=/home/deivideich/interbotix/interbotix_ws/interbotix_ws/install/interbotix_xs_driver/lib:/home/deivideich/interbotix/interbotix_ws/interbotix_ws/install/interbotix_xs_msgs/lib:/home/deivideich/interbotix/interbotix_ws/interbotix_ws/install/dynamixel_workbench_toolbox/lib:${LD_LIBRARY_PATH} PYTHONPATH=/home/deivideich/interbotix/interbotix_ws/interbotix_ws/install/interbotix_xs_msgs/local/lib/python3.10/dist-packages:${PYTHONPATH} /usr/bin/cmake /home/deivideich/interbotix/interbotix_ws/interbotix_ws/src/interbotix_ros_toolboxes/interbotix_xs_toolbox/interbotix_xs_rviz -DCMAKE_INSTALL_PREFIX=/home/deivideich/interbotix/interbotix_ws/interbotix_ws/install/interbotix_xs_rviz
[1.808s] Invoking command in '/home/deivideich/interbotix/interbotix_ws/interbotix_ws/build/interbotix_xs_rviz': AMENT_PREFIX_PATH=/home/deivideich/interbotix/interbotix_ws/interbotix_ws/install/interbotix_xs_sdk:/home/deivideich/interbotix/interbotix_ws/interbotix_ws/install/interbotix_xs_driver:/home/deivideich/interbotix/interbotix_ws/interbotix_ws/install/interbotix_xs_msgs:/home/deivideich/interbotix/interbotix_ws/interbotix_ws/install/dynamixel_workbench_toolbox:${AMENT_PREFIX_PATH} CMAKE_PREFIX_PATH=/home/deivideich/interbotix/interbotix_ws/interbotix_ws/install/interbotix_xs_sdk:/home/deivideich/interbotix/interbotix_ws/interbotix_ws/install/interbotix_xs_driver:/home/deivideich/interbotix/interbotix_ws/interbotix_ws/install/interbotix_xs_msgs:/home/deivideich/interbotix/interbotix_ws/interbotix_ws/install/dynamixel_workbench_toolbox:/opt/ros/humble LD_LIBRARY_PATH=/home/deivideich/interbotix/interbotix_ws/interbotix_ws/install/interbotix_xs_driver/lib:/home/deivideich/interbotix/interbotix_ws/interbotix_ws/install/interbotix_xs_msgs/lib:/home/deivideich/interbotix/interbotix_ws/interbotix_ws/install/dynamixel_workbench_toolbox/lib:${LD_LIBRARY_PATH} PYTHONPATH=/home/deivideich/interbotix/interbotix_ws/interbotix_ws/install/interbotix_xs_msgs/local/lib/python3.10/dist-packages:${PYTHONPATH} /usr/bin/cmake --build /home/deivideich/interbotix/interbotix_ws/interbotix_ws/build/interbotix_xs_rviz -- -j20 -l20
[1.824s] [ 20%] [34m[1mAutomatic MOC for target interbotix_xs_rviz[0m
[2.045s] [ 20%] Built target interbotix_xs_rviz_autogen
[2.049s] [ 40%] [34m[1mGenerating ui_interbotix_control_panel.h[0m
[2.066s] [ 60%] [32mBuilding CXX object CMakeFiles/interbotix_xs_rviz.dir/interbotix_xs_rviz_autogen/mocs_compilation.cpp.o[0m
[2.066s] [ 80%] [32mBuilding CXX object CMakeFiles/interbotix_xs_rviz.dir/src/interbotix_control_panel.cpp.o[0m
[9.169s] [100%] [32m[1mLinking CXX shared library libinterbotix_xs_rviz.so[0m
[10.584s] [100%] Built target interbotix_xs_rviz
[10.588s] Invoked command in '/home/deivideich/interbotix/interbotix_ws/interbotix_ws/build/interbotix_xs_rviz' returned '0': AMENT_PREFIX_PATH=/home/deivideich/interbotix/interbotix_ws/interbotix_ws/install/interbotix_xs_sdk:/home/deivideich/interbotix/interbotix_ws/interbotix_ws/install/interbotix_xs_driver:/home/deivideich/interbotix/interbotix_ws/interbotix_ws/install/interbotix_xs_msgs:/home/deivideich/interbotix/interbotix_ws/interbotix_ws/install/dynamixel_workbench_toolbox:${AMENT_PREFIX_PATH} CMAKE_PREFIX_PATH=/home/deivideich/interbotix/interbotix_ws/interbotix_ws/install/interbotix_xs_sdk:/home/deivideich/interbotix/interbotix_ws/interbotix_ws/install/interbotix_xs_driver:/home/deivideich/interbotix/interbotix_ws/interbotix_ws/install/interbotix_xs_msgs:/home/deivideich/interbotix/interbotix_ws/interbotix_ws/install/dynamixel_workbench_toolbox:/opt/ros/humble LD_LIBRARY_PATH=/home/deivideich/interbotix/interbotix_ws/interbotix_ws/install/interbotix_xs_driver/lib:/home/deivideich/interbotix/interbotix_ws/interbotix_ws/install/interbotix_xs_msgs/lib:/home/deivideich/interbotix/interbotix_ws/interbotix_ws/install/dynamixel_workbench_toolbox/lib:${LD_LIBRARY_PATH} PYTHONPATH=/home/deivideich/interbotix/interbotix_ws/interbotix_ws/install/interbotix_xs_msgs/local/lib/python3.10/dist-packages:${PYTHONPATH} /usr/bin/cmake --build /home/deivideich/interbotix/interbotix_ws/interbotix_ws/build/interbotix_xs_rviz -- -j20 -l20
[10.600s] Invoking command in '/home/deivideich/interbotix/interbotix_ws/interbotix_ws/build/interbotix_xs_rviz': AMENT_PREFIX_PATH=/home/deivideich/interbotix/interbotix_ws/interbotix_ws/install/interbotix_xs_sdk:/home/deivideich/interbotix/interbotix_ws/interbotix_ws/install/interbotix_xs_driver:/home/deivideich/interbotix/interbotix_ws/interbotix_ws/install/interbotix_xs_msgs:/home/deivideich/interbotix/interbotix_ws/interbotix_ws/install/dynamixel_workbench_toolbox:${AMENT_PREFIX_PATH} CMAKE_PREFIX_PATH=/home/deivideich/interbotix/interbotix_ws/interbotix_ws/install/interbotix_xs_sdk:/home/deivideich/interbotix/interbotix_ws/interbotix_ws/install/interbotix_xs_driver:/home/deivideich/interbotix/interbotix_ws/interbotix_ws/install/interbotix_xs_msgs:/home/deivideich/interbotix/interbotix_ws/interbotix_ws/install/dynamixel_workbench_toolbox:/opt/ros/humble LD_LIBRARY_PATH=/home/deivideich/interbotix/interbotix_ws/interbotix_ws/install/interbotix_xs_driver/lib:/home/deivideich/interbotix/interbotix_ws/interbotix_ws/install/interbotix_xs_msgs/lib:/home/deivideich/interbotix/interbotix_ws/interbotix_ws/install/dynamixel_workbench_toolbox/lib:${LD_LIBRARY_PATH} PYTHONPATH=/home/deivideich/interbotix/interbotix_ws/interbotix_ws/install/interbotix_xs_msgs/local/lib/python3.10/dist-packages:${PYTHONPATH} /usr/bin/cmake --install /home/deivideich/interbotix/interbotix_ws/interbotix_ws/build/interbotix_xs_rviz
[10.603s] -- Install configuration: ""
[10.603s] -- Installing: /home/deivideich/interbotix/interbotix_ws/interbotix_ws/install/interbotix_xs_rviz/share/interbotix_xs_rviz/plugin_description.xml
[10.603s] -- Installing: /home/deivideich/interbotix/interbotix_ws/interbotix_ws/install/interbotix_xs_rviz/lib/libinterbotix_xs_rviz.so
[10.607s] -- Set runtime path of "/home/deivideich/interbotix/interbotix_ws/interbotix_ws/install/interbotix_xs_rviz/lib/libinterbotix_xs_rviz.so" to ""
[10.607s] -- Installing: /home/deivideich/interbotix/interbotix_ws/interbotix_ws/install/interbotix_xs_rviz/include/
[10.607s] -- Installing: /home/deivideich/interbotix/interbotix_ws/interbotix_ws/install/interbotix_xs_rviz/include//interbotix_xs_rviz
[10.607s] -- Installing: /home/deivideich/interbotix/interbotix_ws/interbotix_ws/install/interbotix_xs_rviz/include//interbotix_xs_rviz/interbotix_control_panel.hpp
[10.607s] -- Installing: /home/deivideich/interbotix/interbotix_ws/interbotix_ws/install/interbotix_xs_rviz/include//interbotix_xs_rviz/xs_register_descriptions.hpp
[10.607s] -- Installing: /home/deivideich/interbotix/interbotix_ws/interbotix_ws/install/interbotix_xs_rviz/share/interbotix_xs_rviz//icons
[10.608s] -- Installing: /home/deivideich/interbotix/interbotix_ws/interbotix_ws/install/interbotix_xs_rviz/share/interbotix_xs_rviz//icons/classes
[10.608s] -- Installing: /home/deivideich/interbotix/interbotix_ws/interbotix_ws/install/interbotix_xs_rviz/share/interbotix_xs_rviz//icons/classes/Interbotix Control Panel.png
[10.608s] -- Installing: /home/deivideich/interbotix/interbotix_ws/interbotix_ws/install/interbotix_xs_rviz/share/interbotix_xs_rviz/environment/library_path.sh
[10.608s] -- Installing: /home/deivideich/interbotix/interbotix_ws/interbotix_ws/install/interbotix_xs_rviz/share/interbotix_xs_rviz/environment/library_path.dsv
[10.608s] -- Installing: /home/deivideich/interbotix/interbotix_ws/interbotix_ws/install/interbotix_xs_rviz/share/ament_index/resource_index/package_run_dependencies/interbotix_xs_rviz
[10.608s] -- Installing: /home/deivideich/interbotix/interbotix_ws/interbotix_ws/install/interbotix_xs_rviz/share/ament_index/resource_index/parent_prefix_path/interbotix_xs_rviz
[10.608s] -- Installing: /home/deivideich/interbotix/interbotix_ws/interbotix_ws/install/interbotix_xs_rviz/share/interbotix_xs_rviz/environment/ament_prefix_path.sh
[10.608s] -- Installing: /home/deivideich/interbotix/interbotix_ws/interbotix_ws/install/interbotix_xs_rviz/share/interbotix_xs_rviz/environment/ament_prefix_path.dsv
[10.608s] -- Installing: /home/deivideich/interbotix/interbotix_ws/interbotix_ws/install/interbotix_xs_rviz/share/interbotix_xs_rviz/environment/path.sh
[10.608s] -- Installing: /home/deivideich/interbotix/interbotix_ws/interbotix_ws/install/interbotix_xs_rviz/share/interbotix_xs_rviz/environment/path.dsv
[10.608s] -- Installing: /home/deivideich/interbotix/interbotix_ws/interbotix_ws/install/interbotix_xs_rviz/share/interbotix_xs_rviz/local_setup.bash
[10.608s] -- Installing: /home/deivideich/interbotix/interbotix_ws/interbotix_ws/install/interbotix_xs_rviz/share/interbotix_xs_rviz/local_setup.sh
[10.608s] -- Installing: /home/deivideich/interbotix/interbotix_ws/interbotix_ws/install/interbotix_xs_rviz/share/interbotix_xs_rviz/local_setup.zsh
[10.609s] -- Installing: /home/deivideich/interbotix/interbotix_ws/interbotix_ws/install/interbotix_xs_rviz/share/interbotix_xs_rviz/local_setup.dsv
[10.609s] -- Installing: /home/deivideich/interbotix/interbotix_ws/interbotix_ws/install/interbotix_xs_rviz/share/interbotix_xs_rviz/package.dsv
[10.609s] -- Installing: /home/deivideich/interbotix/interbotix_ws/interbotix_ws/install/interbotix_xs_rviz/share/ament_index/resource_index/packages/interbotix_xs_rviz
[10.609s] -- Installing: /home/deivideich/interbotix/interbotix_ws/interbotix_ws/install/interbotix_xs_rviz/share/ament_index/resource_index/rviz_common__pluginlib__plugin/interbotix_xs_rviz
[10.609s] -- Installing: /home/deivideich/interbotix/interbotix_ws/interbotix_ws/install/interbotix_xs_rviz/share/interbotix_xs_rviz/cmake/interbotix_xs_rvizExport.cmake
[10.609s] -- Installing: /home/deivideich/interbotix/interbotix_ws/interbotix_ws/install/interbotix_xs_rviz/share/interbotix_xs_rviz/cmake/interbotix_xs_rvizExport-noconfig.cmake
[10.609s] -- Installing: /home/deivideich/interbotix/interbotix_ws/interbotix_ws/install/interbotix_xs_rviz/share/interbotix_xs_rviz/cmake/ament_cmake_export_targets-extras.cmake
[10.609s] -- Installing: /home/deivideich/interbotix/interbotix_ws/interbotix_ws/install/interbotix_xs_rviz/share/interbotix_xs_rviz/cmake/ament_cmake_export_dependencies-extras.cmake
[10.609s] -- Installing: /home/deivideich/interbotix/interbotix_ws/interbotix_ws/install/interbotix_xs_rviz/share/interbotix_xs_rviz/cmake/interbotix_xs_rvizConfig.cmake
[10.609s] -- Installing: /home/deivideich/interbotix/interbotix_ws/interbotix_ws/install/interbotix_xs_rviz/share/interbotix_xs_rviz/cmake/interbotix_xs_rvizConfig-version.cmake
[10.609s] -- Installing: /home/deivideich/interbotix/interbotix_ws/interbotix_ws/install/interbotix_xs_rviz/share/interbotix_xs_rviz/package.xml
[10.610s] Invoked command in '/home/deivideich/interbotix/interbotix_ws/interbotix_ws/build/interbotix_xs_rviz' returned '0': AMENT_PREFIX_PATH=/home/deivideich/interbotix/interbotix_ws/interbotix_ws/install/interbotix_xs_sdk:/home/deivideich/interbotix/interbotix_ws/interbotix_ws/install/interbotix_xs_driver:/home/deivideich/interbotix/interbotix_ws/interbotix_ws/install/interbotix_xs_msgs:/home/deivideich/interbotix/interbotix_ws/interbotix_ws/install/dynamixel_workbench_toolbox:${AMENT_PREFIX_PATH} CMAKE_PREFIX_PATH=/home/deivideich/interbotix/interbotix_ws/interbotix_ws/install/interbotix_xs_sdk:/home/deivideich/interbotix/interbotix_ws/interbotix_ws/install/interbotix_xs_driver:/home/deivideich/interbotix/interbotix_ws/interbotix_ws/install/interbotix_xs_msgs:/home/deivideich/interbotix/interbotix_ws/interbotix_ws/install/dynamixel_workbench_toolbox:/opt/ros/humble LD_LIBRARY_PATH=/home/deivideich/interbotix/interbotix_ws/interbotix_ws/install/interbotix_xs_driver/lib:/home/deivideich/interbotix/interbotix_ws/interbotix_ws/install/interbotix_xs_msgs/lib:/home/deivideich/interbotix/interbotix_ws/interbotix_ws/install/dynamixel_workbench_toolbox/lib:${LD_LIBRARY_PATH} PYTHONPATH=/home/deivideich/interbotix/interbotix_ws/interbotix_ws/install/interbotix_xs_msgs/local/lib/python3.10/dist-packages:${PYTHONPATH} /usr/bin/cmake --install /home/deivideich/interbotix/interbotix_ws/interbotix_ws/build/interbotix_xs_rviz
