[0.006s] Invoking command in '/home/deivideich/interbotix/interbotix_ws/interbotix_ws/build/interbotix_xs_ros_control': AMENT_PREFIX_PATH=/home/deivideich/interbotix/interbotix_ws/interbotix_ws/install/interbotix_xs_msgs:${AMENT_PREFIX_PATH} CMAKE_PREFIX_PATH=/home/deivideich/interbotix/interbotix_ws/interbotix_ws/install/interbotix_xs_msgs:/opt/ros/humble LD_LIBRARY_PATH=/home/deivideich/interbotix/interbotix_ws/interbotix_ws/install/interbotix_xs_msgs/lib:${LD_LIBRARY_PATH} PYTHONPATH=/home/deivideich/interbotix/interbotix_ws/interbotix_ws/install/interbotix_xs_msgs/local/lib/python3.10/dist-packages:${PYTHONPATH} /usr/bin/cmake /home/deivideich/interbotix/interbotix_ws/interbotix_ws/src/interbotix_ros_toolboxes/interbotix_xs_toolbox/interbotix_xs_ros_control -DCMAKE_INSTALL_PREFIX=/home/deivideich/interbotix/interbotix_ws/interbotix_ws/install/interbotix_xs_ros_control
[0.038s] -- The C compiler identification is GNU 11.4.0
[0.072s] -- The CXX compiler identification is GNU 11.4.0
[0.080s] -- Detecting C compiler ABI info
[0.115s] -- Detecting C compiler ABI info - done
[0.122s] -- Check for working C compiler: /usr/bin/cc - skipped
[0.123s] -- Detecting C compile features
[0.123s] -- Detecting C compile features - done
[0.125s] -- Detecting CXX compiler ABI info
[0.167s] -- Detecting CXX compiler ABI info - done
[0.173s] -- Check for working CXX compiler: /usr/bin/c++ - skipped
[0.173s] -- Detecting CXX compile features
[0.173s] -- Detecting CXX compile features - done
[0.175s] -- Found ament_cmake: 1.3.8 (/opt/ros/humble/share/ament_cmake/cmake)
[0.251s] -- Found Python3: /usr/bin/python3 (found version "3.10.12") found components: Interpreter 
[0.321s] -- Found hardware_interface: 2.40.0 (/opt/ros/humble/share/hardware_interface/cmake)
[0.352s] -- Found rosidl_generator_c: 3.1.5 (/opt/ros/humble/share/rosidl_generator_c/cmake)
[0.355s] -- Found rosidl_adapter: 3.1.5 (/opt/ros/humble/share/rosidl_adapter/cmake)
[0.361s] -- Found rosidl_generator_cpp: 3.1.5 (/opt/ros/humble/share/rosidl_generator_cpp/cmake)
[0.371s] -- Using all available rosidl_typesupport_c: rosidl_typesupport_fastrtps_c;rosidl_typesupport_introspection_c
[0.384s] -- Using all available rosidl_typesupport_cpp: rosidl_typesupport_fastrtps_cpp;rosidl_typesupport_introspection_cpp
[0.827s] -- Found rmw_implementation_cmake: 6.1.1 (/opt/ros/humble/share/rmw_implementation_cmake/cmake)
[0.829s] -- Found rmw_fastrtps_cpp: 6.2.6 (/opt/ros/humble/share/rmw_fastrtps_cpp/cmake)
[0.854s] -- Found TinyXML2 via Config file: TinyXML2_DIR-NOTFOUND
[0.879s] -- Found OpenSSL: /usr/lib/x86_64-linux-gnu/libcrypto.so (found version "3.0.2")  
[0.880s] -- Found TinyXML2 via Config file: TinyXML2_DIR-NOTFOUND
[0.890s] -- Found FastRTPS: /opt/ros/humble/include  
[0.897s] -- Found TinyXML2 via Config file: TinyXML2_DIR-NOTFOUND
[0.902s] -- Found TinyXML2 via Config file: TinyXML2_DIR-NOTFOUND
[0.909s] -- Using RMW implementation 'rmw_fastrtps_cpp' as default
[0.917s] -- Performing Test CMAKE_HAVE_LIBC_PTHREAD
[0.953s] -- Performing Test CMAKE_HAVE_LIBC_PTHREAD - Success
[0.954s] -- Found Threads: TRUE  
[1.061s] -- Found interbotix_xs_msgs: 0.0.0 (/home/deivideich/interbotix/interbotix_ws/interbotix_ws/install/interbotix_xs_msgs/share/interbotix_xs_msgs/cmake)
[1.150s] -- Found ament_lint_auto: 0.12.10 (/opt/ros/humble/share/ament_lint_auto/cmake)
[1.204s] -- Found ros2_control_test_assets: 2.40.0 (/opt/ros/humble/share/ros2_control_test_assets/cmake)
[1.206s] -- Found gmock sources under '/opt/ros/humble/src/gmock_vendor': C++ tests using 'Google Mock' will be built
[1.210s] -- Found ament_cmake_gtest: 1.3.8 (/opt/ros/humble/share/ament_cmake_gtest/cmake)
[1.211s] -- Found gtest sources under '/opt/ros/humble/src/gtest_vendor': C++ tests using 'Google Test' will be built
[1.252s] -- Added test 'copyright' to check source files copyright and LICENSE
[1.253s] -- Added test 'cppcheck' to perform static code analysis on C / C++ code
[1.253s] -- Configured cppcheck include dirs: $<BUILD_INTERFACE:/home/deivideich/interbotix/interbotix_ws/interbotix_ws/src/interbotix_ros_toolboxes/interbotix_xs_toolbox/interbotix_xs_ros_control/include>;/home/deivideich/interbotix/interbotix_ws/interbotix_ws/src/interbotix_ros_toolboxes/interbotix_xs_toolbox/interbotix_xs_ros_control/include
[1.253s] -- Configured cppcheck exclude dirs and/or files: 
[1.253s] -- Added test 'cpplint' to check C / C++ code against the Google style
[1.253s] -- Configured cpplint exclude dirs and/or files: 
[1.254s] -- Added test 'lint_cmake' to check CMake code style
[1.254s] -- Added test 'uncrustify' to check C / C++ code style
[1.254s] -- Configured uncrustify additional arguments: 
[1.255s] -- Added test 'xmllint' to check XML markup files
[1.256s] -- Configuring done
[1.301s] -- Generating done
[1.303s] -- Build files have been written to: /home/deivideich/interbotix/interbotix_ws/interbotix_ws/build/interbotix_xs_ros_control
[1.313s] Invoked command in '/home/deivideich/interbotix/interbotix_ws/interbotix_ws/build/interbotix_xs_ros_control' returned '0': AMENT_PREFIX_PATH=/home/deivideich/interbotix/interbotix_ws/interbotix_ws/install/interbotix_xs_msgs:${AMENT_PREFIX_PATH} CMAKE_PREFIX_PATH=/home/deivideich/interbotix/interbotix_ws/interbotix_ws/install/interbotix_xs_msgs:/opt/ros/humble LD_LIBRARY_PATH=/home/deivideich/interbotix/interbotix_ws/interbotix_ws/install/interbotix_xs_msgs/lib:${LD_LIBRARY_PATH} PYTHONPATH=/home/deivideich/interbotix/interbotix_ws/interbotix_ws/install/interbotix_xs_msgs/local/lib/python3.10/dist-packages:${PYTHONPATH} /usr/bin/cmake /home/deivideich/interbotix/interbotix_ws/interbotix_ws/src/interbotix_ros_toolboxes/interbotix_xs_toolbox/interbotix_xs_ros_control -DCMAKE_INSTALL_PREFIX=/home/deivideich/interbotix/interbotix_ws/interbotix_ws/install/interbotix_xs_ros_control
[1.315s] Invoking command in '/home/deivideich/interbotix/interbotix_ws/interbotix_ws/build/interbotix_xs_ros_control': AMENT_PREFIX_PATH=/home/deivideich/interbotix/interbotix_ws/interbotix_ws/install/interbotix_xs_msgs:${AMENT_PREFIX_PATH} CMAKE_PREFIX_PATH=/home/deivideich/interbotix/interbotix_ws/interbotix_ws/install/interbotix_xs_msgs:/opt/ros/humble LD_LIBRARY_PATH=/home/deivideich/interbotix/interbotix_ws/interbotix_ws/install/interbotix_xs_msgs/lib:${LD_LIBRARY_PATH} PYTHONPATH=/home/deivideich/interbotix/interbotix_ws/interbotix_ws/install/interbotix_xs_msgs/local/lib/python3.10/dist-packages:${PYTHONPATH} /usr/bin/cmake --build /home/deivideich/interbotix/interbotix_ws/interbotix_ws/build/interbotix_xs_ros_control -- -j20 -l20
[1.338s] [ 11%] [32mBuilding CXX object gmock/CMakeFiles/gmock.dir/opt/ros/humble/src/gtest_vendor/src/gtest-all.cc.o[0m
[1.339s] [ 22%] [32mBuilding CXX object gmock/CMakeFiles/gmock.dir/src/gmock-all.cc.o[0m
[1.339s] [ 33%] [32mBuilding CXX object gmock/CMakeFiles/gmock_main.dir/src/gmock_main.cc.o[0m
[1.339s] [ 44%] [32mBuilding CXX object CMakeFiles/interbotix_xs_ros_control.dir/src/xs_hardware_interface.cpp.o[0m
[1.842s] [ 55%] [32m[1mLinking CXX static library libgmock_main.a[0m
[1.858s] [ 55%] Built target gmock_main
[4.067s] [ 66%] [32m[1mLinking CXX static library libgmock.a[0m
[4.100s] [ 66%] Built target gmock
[4.107s] [ 77%] [32mBuilding CXX object CMakeFiles/test_load_xs_hardware_interface.dir/test/test_load_xs_hardware_interface.cpp.o[0m
[6.443s] [ 88%] [32m[1mLinking CXX executable test_load_xs_hardware_interface[0m
[6.614s] [ 88%] Built target test_load_xs_hardware_interface
[8.131s] [100%] [32m[1mLinking CXX shared library libinterbotix_xs_ros_control.so[0m
[8.504s] [100%] Built target interbotix_xs_ros_control
[8.507s] Invoked command in '/home/deivideich/interbotix/interbotix_ws/interbotix_ws/build/interbotix_xs_ros_control' returned '0': AMENT_PREFIX_PATH=/home/deivideich/interbotix/interbotix_ws/interbotix_ws/install/interbotix_xs_msgs:${AMENT_PREFIX_PATH} CMAKE_PREFIX_PATH=/home/deivideich/interbotix/interbotix_ws/interbotix_ws/install/interbotix_xs_msgs:/opt/ros/humble LD_LIBRARY_PATH=/home/deivideich/interbotix/interbotix_ws/interbotix_ws/install/interbotix_xs_msgs/lib:${LD_LIBRARY_PATH} PYTHONPATH=/home/deivideich/interbotix/interbotix_ws/interbotix_ws/install/interbotix_xs_msgs/local/lib/python3.10/dist-packages:${PYTHONPATH} /usr/bin/cmake --build /home/deivideich/interbotix/interbotix_ws/interbotix_ws/build/interbotix_xs_ros_control -- -j20 -l20
[8.523s] Invoking command in '/home/deivideich/interbotix/interbotix_ws/interbotix_ws/build/interbotix_xs_ros_control': AMENT_PREFIX_PATH=/home/deivideich/interbotix/interbotix_ws/interbotix_ws/install/interbotix_xs_msgs:${AMENT_PREFIX_PATH} CMAKE_PREFIX_PATH=/home/deivideich/interbotix/interbotix_ws/interbotix_ws/install/interbotix_xs_msgs:/opt/ros/humble LD_LIBRARY_PATH=/home/deivideich/interbotix/interbotix_ws/interbotix_ws/install/interbotix_xs_msgs/lib:${LD_LIBRARY_PATH} PYTHONPATH=/home/deivideich/interbotix/interbotix_ws/interbotix_ws/install/interbotix_xs_msgs/local/lib/python3.10/dist-packages:${PYTHONPATH} /usr/bin/cmake --install /home/deivideich/interbotix/interbotix_ws/interbotix_ws/build/interbotix_xs_ros_control
[8.525s] -- Install configuration: ""
[8.525s] -- Installing: /home/deivideich/interbotix/interbotix_ws/interbotix_ws/install/interbotix_xs_ros_control/share/interbotix_xs_ros_control/interbotix_xs_ros_control.xml
[8.525s] -- Installing: /home/deivideich/interbotix/interbotix_ws/interbotix_ws/install/interbotix_xs_ros_control/include
[8.525s] -- Installing: /home/deivideich/interbotix/interbotix_ws/interbotix_ws/install/interbotix_xs_ros_control/include/interbotix_xs_ros_control
[8.525s] -- Installing: /home/deivideich/interbotix/interbotix_ws/interbotix_ws/install/interbotix_xs_ros_control/include/interbotix_xs_ros_control/xs_hardware_interface.hpp
[8.526s] -- Installing: /home/deivideich/interbotix/interbotix_ws/interbotix_ws/install/interbotix_xs_ros_control/lib/libinterbotix_xs_ros_control.so
[8.530s] -- Set runtime path of "/home/deivideich/interbotix/interbotix_ws/interbotix_ws/install/interbotix_xs_ros_control/lib/libinterbotix_xs_ros_control.so" to ""
[8.530s] -- Installing: /home/deivideich/interbotix/interbotix_ws/interbotix_ws/install/interbotix_xs_ros_control/share/interbotix_xs_ros_control/environment/library_path.sh
[8.530s] -- Installing: /home/deivideich/interbotix/interbotix_ws/interbotix_ws/install/interbotix_xs_ros_control/share/interbotix_xs_ros_control/environment/library_path.dsv
[8.530s] -- Installing: /home/deivideich/interbotix/interbotix_ws/interbotix_ws/install/interbotix_xs_ros_control/share/ament_index/resource_index/package_run_dependencies/interbotix_xs_ros_control
[8.530s] -- Installing: /home/deivideich/interbotix/interbotix_ws/interbotix_ws/install/interbotix_xs_ros_control/share/ament_index/resource_index/parent_prefix_path/interbotix_xs_ros_control
[8.530s] -- Installing: /home/deivideich/interbotix/interbotix_ws/interbotix_ws/install/interbotix_xs_ros_control/share/interbotix_xs_ros_control/environment/ament_prefix_path.sh
[8.530s] -- Installing: /home/deivideich/interbotix/interbotix_ws/interbotix_ws/install/interbotix_xs_ros_control/share/interbotix_xs_ros_control/environment/ament_prefix_path.dsv
[8.530s] -- Installing: /home/deivideich/interbotix/interbotix_ws/interbotix_ws/install/interbotix_xs_ros_control/share/interbotix_xs_ros_control/environment/path.sh
[8.530s] -- Installing: /home/deivideich/interbotix/interbotix_ws/interbotix_ws/install/interbotix_xs_ros_control/share/interbotix_xs_ros_control/environment/path.dsv
[8.530s] -- Installing: /home/deivideich/interbotix/interbotix_ws/interbotix_ws/install/interbotix_xs_ros_control/share/interbotix_xs_ros_control/local_setup.bash
[8.530s] -- Installing: /home/deivideich/interbotix/interbotix_ws/interbotix_ws/install/interbotix_xs_ros_control/share/interbotix_xs_ros_control/local_setup.sh
[8.531s] -- Installing: /home/deivideich/interbotix/interbotix_ws/interbotix_ws/install/interbotix_xs_ros_control/share/interbotix_xs_ros_control/local_setup.zsh
[8.531s] -- Installing: /home/deivideich/interbotix/interbotix_ws/interbotix_ws/install/interbotix_xs_ros_control/share/interbotix_xs_ros_control/local_setup.dsv
[8.531s] -- Installing: /home/deivideich/interbotix/interbotix_ws/interbotix_ws/install/interbotix_xs_ros_control/share/interbotix_xs_ros_control/package.dsv
[8.531s] -- Installing: /home/deivideich/interbotix/interbotix_ws/interbotix_ws/install/interbotix_xs_ros_control/share/ament_index/resource_index/packages/interbotix_xs_ros_control
[8.531s] -- Installing: /home/deivideich/interbotix/interbotix_ws/interbotix_ws/install/interbotix_xs_ros_control/share/ament_index/resource_index/hardware_interface__pluginlib__plugin/interbotix_xs_ros_control
[8.531s] -- Installing: /home/deivideich/interbotix/interbotix_ws/interbotix_ws/install/interbotix_xs_ros_control/share/interbotix_xs_ros_control/cmake/export_interbotix_xs_ros_controlExport.cmake
[8.531s] -- Installing: /home/deivideich/interbotix/interbotix_ws/interbotix_ws/install/interbotix_xs_ros_control/share/interbotix_xs_ros_control/cmake/export_interbotix_xs_ros_controlExport-noconfig.cmake
[8.531s] -- Installing: /home/deivideich/interbotix/interbotix_ws/interbotix_ws/install/interbotix_xs_ros_control/share/interbotix_xs_ros_control/cmake/ament_cmake_export_include_directories-extras.cmake
[8.531s] -- Installing: /home/deivideich/interbotix/interbotix_ws/interbotix_ws/install/interbotix_xs_ros_control/share/interbotix_xs_ros_control/cmake/ament_cmake_export_libraries-extras.cmake
[8.531s] -- Installing: /home/deivideich/interbotix/interbotix_ws/interbotix_ws/install/interbotix_xs_ros_control/share/interbotix_xs_ros_control/cmake/ament_cmake_export_targets-extras.cmake
[8.531s] -- Installing: /home/deivideich/interbotix/interbotix_ws/interbotix_ws/install/interbotix_xs_ros_control/share/interbotix_xs_ros_control/cmake/ament_cmake_export_dependencies-extras.cmake
[8.531s] -- Installing: /home/deivideich/interbotix/interbotix_ws/interbotix_ws/install/interbotix_xs_ros_control/share/interbotix_xs_ros_control/cmake/interbotix_xs_ros_controlConfig.cmake
[8.531s] -- Installing: /home/deivideich/interbotix/interbotix_ws/interbotix_ws/install/interbotix_xs_ros_control/share/interbotix_xs_ros_control/cmake/interbotix_xs_ros_controlConfig-version.cmake
[8.531s] -- Installing: /home/deivideich/interbotix/interbotix_ws/interbotix_ws/install/interbotix_xs_ros_control/share/interbotix_xs_ros_control/package.xml
[8.532s] Invoked command in '/home/deivideich/interbotix/interbotix_ws/interbotix_ws/build/interbotix_xs_ros_control' returned '0': AMENT_PREFIX_PATH=/home/deivideich/interbotix/interbotix_ws/interbotix_ws/install/interbotix_xs_msgs:${AMENT_PREFIX_PATH} CMAKE_PREFIX_PATH=/home/deivideich/interbotix/interbotix_ws/interbotix_ws/install/interbotix_xs_msgs:/opt/ros/humble LD_LIBRARY_PATH=/home/deivideich/interbotix/interbotix_ws/interbotix_ws/install/interbotix_xs_msgs/lib:${LD_LIBRARY_PATH} PYTHONPATH=/home/deivideich/interbotix/interbotix_ws/interbotix_ws/install/interbotix_xs_msgs/local/lib/python3.10/dist-packages:${PYTHONPATH} /usr/bin/cmake --install /home/deivideich/interbotix/interbotix_ws/interbotix_ws/build/interbotix_xs_ros_control
