[0.393s] Invoking command in '/home/deivideich/interbotix/interbotix_ws/interbotix_ws/src/interbotix_ros_toolboxes/interbotix_common_toolbox/interbotix_common_modules': PYTHONPATH=/home/deivideich/interbotix/interbotix_ws/interbotix_ws/build/interbotix_common_modules/prefix_override:/home/deivideich/interbotix/interbotix_ws/interbotix_ws/install/interbotix_common_modules/lib/python3.10/site-packages:${PYTHONPATH} /usr/bin/python3 -W ignore:setup.py install is deprecated setup.py egg_info --egg-base ../../../../build/interbotix_common_modules build --build-base /home/deivideich/interbotix/interbotix_ws/interbotix_ws/build/interbotix_common_modules/build install --record /home/deivideich/interbotix/interbotix_ws/interbotix_ws/build/interbotix_common_modules/install.log --single-version-externally-managed install_data
[0.556s] running egg_info
[0.556s] creating ../../../../build/interbotix_common_modules/interbotix_common_modules.egg-info
[0.556s] writing ../../../../build/interbotix_common_modules/interbotix_common_modules.egg-info/PKG-INFO
[0.557s] writing dependency_links to ../../../../build/interbotix_common_modules/interbotix_common_modules.egg-info/dependency_links.txt
[0.557s] writing entry points to ../../../../build/interbotix_common_modules/interbotix_common_modules.egg-info/entry_points.txt
[0.557s] writing requirements to ../../../../build/interbotix_common_modules/interbotix_common_modules.egg-info/requires.txt
[0.557s] writing top-level names to ../../../../build/interbotix_common_modules/interbotix_common_modules.egg-info/top_level.txt
[0.558s] writing manifest file '../../../../build/interbotix_common_modules/interbotix_common_modules.egg-info/SOURCES.txt'
[0.559s] reading manifest file '../../../../build/interbotix_common_modules/interbotix_common_modules.egg-info/SOURCES.txt'
[0.560s] writing manifest file '../../../../build/interbotix_common_modules/interbotix_common_modules.egg-info/SOURCES.txt'
[0.560s] running build
[0.560s] running build_py
[0.560s] creating /home/deivideich/interbotix/interbotix_ws/interbotix_ws/build/interbotix_common_modules/build
[0.560s] creating /home/deivideich/interbotix/interbotix_ws/interbotix_ws/build/interbotix_common_modules/build/lib
[0.560s] creating /home/deivideich/interbotix/interbotix_ws/interbotix_ws/build/interbotix_common_modules/build/lib/interbotix_common_modules
[0.560s] copying interbotix_common_modules/__init__.py -> /home/deivideich/interbotix/interbotix_ws/interbotix_ws/build/interbotix_common_modules/build/lib/interbotix_common_modules
[0.560s] creating /home/deivideich/interbotix/interbotix_ws/interbotix_ws/build/interbotix_common_modules/build/lib/interbotix_common_modules/common_robot
[0.561s] copying interbotix_common_modules/common_robot/exceptions.py -> /home/deivideich/interbotix/interbotix_ws/interbotix_ws/build/interbotix_common_modules/build/lib/interbotix_common_modules/common_robot
[0.561s] copying interbotix_common_modules/common_robot/__init__.py -> /home/deivideich/interbotix/interbotix_ws/interbotix_ws/build/interbotix_common_modules/build/lib/interbotix_common_modules/common_robot
[0.561s] copying interbotix_common_modules/common_robot/robot.py -> /home/deivideich/interbotix/interbotix_ws/interbotix_ws/build/interbotix_common_modules/build/lib/interbotix_common_modules/common_robot
[0.561s] creating /home/deivideich/interbotix/interbotix_ws/interbotix_ws/build/interbotix_common_modules/build/lib/interbotix_common_modules/launch
[0.561s] copying interbotix_common_modules/launch/__init__.py -> /home/deivideich/interbotix/interbotix_ws/interbotix_ws/build/interbotix_common_modules/build/lib/interbotix_common_modules/launch
[0.561s] copying interbotix_common_modules/launch/or_condition.py -> /home/deivideich/interbotix/interbotix_ws/interbotix_ws/build/interbotix_common_modules/build/lib/interbotix_common_modules/launch
[0.561s] copying interbotix_common_modules/launch/and_condition.py -> /home/deivideich/interbotix/interbotix_ws/interbotix_ws/build/interbotix_common_modules/build/lib/interbotix_common_modules/launch
[0.561s] creating /home/deivideich/interbotix/interbotix_ws/interbotix_ws/build/interbotix_common_modules/build/lib/interbotix_common_modules/angle_manipulation
[0.561s] copying interbotix_common_modules/angle_manipulation/angle_manipulation.py -> /home/deivideich/interbotix/interbotix_ws/interbotix_ws/build/interbotix_common_modules/build/lib/interbotix_common_modules/angle_manipulation
[0.561s] copying interbotix_common_modules/angle_manipulation/__init__.py -> /home/deivideich/interbotix/interbotix_ws/interbotix_ws/build/interbotix_common_modules/build/lib/interbotix_common_modules/angle_manipulation
[0.561s] creating /home/deivideich/interbotix/interbotix_ws/interbotix_ws/build/interbotix_common_modules/build/lib/interbotix_common_modules/py_common
[0.561s] copying interbotix_common_modules/py_common/__init__.py -> /home/deivideich/interbotix/interbotix_ws/interbotix_ws/build/interbotix_common_modules/build/lib/interbotix_common_modules/py_common
[0.562s] copying interbotix_common_modules/py_common/params.py -> /home/deivideich/interbotix/interbotix_ws/interbotix_ws/build/interbotix_common_modules/build/lib/interbotix_common_modules/py_common
[0.562s] running install
[0.562s] running install_lib
[0.562s] creating /home/deivideich/interbotix/interbotix_ws/interbotix_ws/install/interbotix_common_modules/lib/python3.10/site-packages/interbotix_common_modules
[0.562s] copying /home/deivideich/interbotix/interbotix_ws/interbotix_ws/build/interbotix_common_modules/build/lib/interbotix_common_modules/__init__.py -> /home/deivideich/interbotix/interbotix_ws/interbotix_ws/install/interbotix_common_modules/lib/python3.10/site-packages/interbotix_common_modules
[0.562s] creating /home/deivideich/interbotix/interbotix_ws/interbotix_ws/install/interbotix_common_modules/lib/python3.10/site-packages/interbotix_common_modules/common_robot
[0.562s] copying /home/deivideich/interbotix/interbotix_ws/interbotix_ws/build/interbotix_common_modules/build/lib/interbotix_common_modules/common_robot/exceptions.py -> /home/deivideich/interbotix/interbotix_ws/interbotix_ws/install/interbotix_common_modules/lib/python3.10/site-packages/interbotix_common_modules/common_robot
[0.562s] copying /home/deivideich/interbotix/interbotix_ws/interbotix_ws/build/interbotix_common_modules/build/lib/interbotix_common_modules/common_robot/__init__.py -> /home/deivideich/interbotix/interbotix_ws/interbotix_ws/install/interbotix_common_modules/lib/python3.10/site-packages/interbotix_common_modules/common_robot
[0.562s] copying /home/deivideich/interbotix/interbotix_ws/interbotix_ws/build/interbotix_common_modules/build/lib/interbotix_common_modules/common_robot/robot.py -> /home/deivideich/interbotix/interbotix_ws/interbotix_ws/install/interbotix_common_modules/lib/python3.10/site-packages/interbotix_common_modules/common_robot
[0.562s] creating /home/deivideich/interbotix/interbotix_ws/interbotix_ws/install/interbotix_common_modules/lib/python3.10/site-packages/interbotix_common_modules/launch
[0.562s] copying /home/deivideich/interbotix/interbotix_ws/interbotix_ws/build/interbotix_common_modules/build/lib/interbotix_common_modules/launch/__init__.py -> /home/deivideich/interbotix/interbotix_ws/interbotix_ws/install/interbotix_common_modules/lib/python3.10/site-packages/interbotix_common_modules/launch
[0.562s] copying /home/deivideich/interbotix/interbotix_ws/interbotix_ws/build/interbotix_common_modules/build/lib/interbotix_common_modules/launch/or_condition.py -> /home/deivideich/interbotix/interbotix_ws/interbotix_ws/install/interbotix_common_modules/lib/python3.10/site-packages/interbotix_common_modules/launch
[0.563s] copying /home/deivideich/interbotix/interbotix_ws/interbotix_ws/build/interbotix_common_modules/build/lib/interbotix_common_modules/launch/and_condition.py -> /home/deivideich/interbotix/interbotix_ws/interbotix_ws/install/interbotix_common_modules/lib/python3.10/site-packages/interbotix_common_modules/launch
[0.563s] creating /home/deivideich/interbotix/interbotix_ws/interbotix_ws/install/interbotix_common_modules/lib/python3.10/site-packages/interbotix_common_modules/angle_manipulation
[0.563s] copying /home/deivideich/interbotix/interbotix_ws/interbotix_ws/build/interbotix_common_modules/build/lib/interbotix_common_modules/angle_manipulation/angle_manipulation.py -> /home/deivideich/interbotix/interbotix_ws/interbotix_ws/install/interbotix_common_modules/lib/python3.10/site-packages/interbotix_common_modules/angle_manipulation
[0.563s] copying /home/deivideich/interbotix/interbotix_ws/interbotix_ws/build/interbotix_common_modules/build/lib/interbotix_common_modules/angle_manipulation/__init__.py -> /home/deivideich/interbotix/interbotix_ws/interbotix_ws/install/interbotix_common_modules/lib/python3.10/site-packages/interbotix_common_modules/angle_manipulation
[0.563s] creating /home/deivideich/interbotix/interbotix_ws/interbotix_ws/install/interbotix_common_modules/lib/python3.10/site-packages/interbotix_common_modules/py_common
[0.563s] copying /home/deivideich/interbotix/interbotix_ws/interbotix_ws/build/interbotix_common_modules/build/lib/interbotix_common_modules/py_common/__init__.py -> /home/deivideich/interbotix/interbotix_ws/interbotix_ws/install/interbotix_common_modules/lib/python3.10/site-packages/interbotix_common_modules/py_common
[0.563s] copying /home/deivideich/interbotix/interbotix_ws/interbotix_ws/build/interbotix_common_modules/build/lib/interbotix_common_modules/py_common/params.py -> /home/deivideich/interbotix/interbotix_ws/interbotix_ws/install/interbotix_common_modules/lib/python3.10/site-packages/interbotix_common_modules/py_common
[0.563s] byte-compiling /home/deivideich/interbotix/interbotix_ws/interbotix_ws/install/interbotix_common_modules/lib/python3.10/site-packages/interbotix_common_modules/__init__.py to __init__.cpython-310.pyc
[0.563s] byte-compiling /home/deivideich/interbotix/interbotix_ws/interbotix_ws/install/interbotix_common_modules/lib/python3.10/site-packages/interbotix_common_modules/common_robot/exceptions.py to exceptions.cpython-310.pyc
[0.563s] byte-compiling /home/deivideich/interbotix/interbotix_ws/interbotix_ws/install/interbotix_common_modules/lib/python3.10/site-packages/interbotix_common_modules/common_robot/__init__.py to __init__.cpython-310.pyc
[0.563s] byte-compiling /home/deivideich/interbotix/interbotix_ws/interbotix_ws/install/interbotix_common_modules/lib/python3.10/site-packages/interbotix_common_modules/common_robot/robot.py to robot.cpython-310.pyc
[0.564s] byte-compiling /home/deivideich/interbotix/interbotix_ws/interbotix_ws/install/interbotix_common_modules/lib/python3.10/site-packages/interbotix_common_modules/launch/__init__.py to __init__.cpython-310.pyc
[0.564s] byte-compiling /home/deivideich/interbotix/interbotix_ws/interbotix_ws/install/interbotix_common_modules/lib/python3.10/site-packages/interbotix_common_modules/launch/or_condition.py to or_condition.cpython-310.pyc
[0.564s] byte-compiling /home/deivideich/interbotix/interbotix_ws/interbotix_ws/install/interbotix_common_modules/lib/python3.10/site-packages/interbotix_common_modules/launch/and_condition.py to and_condition.cpython-310.pyc
[0.564s] byte-compiling /home/deivideich/interbotix/interbotix_ws/interbotix_ws/install/interbotix_common_modules/lib/python3.10/site-packages/interbotix_common_modules/angle_manipulation/angle_manipulation.py to angle_manipulation.cpython-310.pyc
[0.565s] byte-compiling /home/deivideich/interbotix/interbotix_ws/interbotix_ws/install/interbotix_common_modules/lib/python3.10/site-packages/interbotix_common_modules/angle_manipulation/__init__.py to __init__.cpython-310.pyc
[0.565s] byte-compiling /home/deivideich/interbotix/interbotix_ws/interbotix_ws/install/interbotix_common_modules/lib/python3.10/site-packages/interbotix_common_modules/py_common/__init__.py to __init__.cpython-310.pyc
[0.565s] byte-compiling /home/deivideich/interbotix/interbotix_ws/interbotix_ws/install/interbotix_common_modules/lib/python3.10/site-packages/interbotix_common_modules/py_common/params.py to params.cpython-310.pyc
[0.565s] running install_data
[0.565s] creating /home/deivideich/interbotix/interbotix_ws/interbotix_ws/install/interbotix_common_modules/share/ament_index
[0.565s] creating /home/deivideich/interbotix/interbotix_ws/interbotix_ws/install/interbotix_common_modules/share/ament_index/resource_index
[0.565s] creating /home/deivideich/interbotix/interbotix_ws/interbotix_ws/install/interbotix_common_modules/share/ament_index/resource_index/packages
[0.565s] copying resource/interbotix_common_modules -> /home/deivideich/interbotix/interbotix_ws/interbotix_ws/install/interbotix_common_modules/share/ament_index/resource_index/packages
[0.565s] copying package.xml -> /home/deivideich/interbotix/interbotix_ws/interbotix_ws/install/interbotix_common_modules/share/interbotix_common_modules
[0.566s] running install_egg_info
[0.566s] Copying ../../../../build/interbotix_common_modules/interbotix_common_modules.egg-info to /home/deivideich/interbotix/interbotix_ws/interbotix_ws/install/interbotix_common_modules/lib/python3.10/site-packages/interbotix_common_modules-0.0.0-py3.10.egg-info
[0.567s] running install_scripts
[0.580s] writing list of installed files to '/home/deivideich/interbotix/interbotix_ws/interbotix_ws/build/interbotix_common_modules/install.log'
[0.595s] Invoked command in '/home/deivideich/interbotix/interbotix_ws/interbotix_ws/src/interbotix_ros_toolboxes/interbotix_common_toolbox/interbotix_common_modules' returned '0': PYTHONPATH=/home/deivideich/interbotix/interbotix_ws/interbotix_ws/build/interbotix_common_modules/prefix_override:/home/deivideich/interbotix/interbotix_ws/interbotix_ws/install/interbotix_common_modules/lib/python3.10/site-packages:${PYTHONPATH} /usr/bin/python3 -W ignore:setup.py install is deprecated setup.py egg_info --egg-base ../../../../build/interbotix_common_modules build --build-base /home/deivideich/interbotix/interbotix_ws/interbotix_ws/build/interbotix_common_modules/build install --record /home/deivideich/interbotix/interbotix_ws/interbotix_ws/build/interbotix_common_modules/install.log --single-version-externally-managed install_data
